STAT. [30-01-2019 06:38:26:82] [ID=] end...api=AccountController(Login)[user_id='ApiService']
STAT. [30-01-2019 06:38:36:82] [ID=] begin.api=AppointmentDiaryController(IsMathAppointment)[user_id='ApiService']
STAT. [30-01-2019 06:38:37:00] [ID=] end...api=AppointmentDiaryController(IsMathAppointment)[user_id='ApiService']
STAT. [30-01-2019 06:39:03:72] [ID=] begin.api=AgamaController(GetDataList)[user_id='ApiService']
STAT. [30-01-2019 06:39:03:88] [ID=] end...api=AgamaController(GetDataList)[user_id='ApiService']
STAT. [30-01-2019 06:39:16:22] [ID=] begin.api=GolonganDarahController(GetDataList)[user_id='ApiService']
STAT. [30-01-2019 06:39:16:36] [ID=] end...api=GolonganDarahController(GetDataList)[user_id='ApiService']
STAT. [30-01-2019 06:39:18:96] [ID=] begin.api=AgamaController(GetDataList)[user_id='ApiService']
STAT. [30-01-2019 06:39:18:99] [ID=] end...api=AgamaController(GetDataList)[user_id='ApiService']
STAT. [30-01-2019 06:39:21:88] [ID=] begin.api=JenisInformasiController(GetDataList)[user_id='ApiService']
STAT. [30-01-2019 06:39:21:99] [ID=] end...api=JenisInformasiController(GetDataList)[user_id='ApiService']
STAT. [30-01-2019 06:39:25:15] [ID=] begin.api=JenisKegiatanController(GetDataList)[user_id='ApiService']
STAT. [30-01-2019 06:39:25:22] [ID=] end...api=JenisKegiatanController(GetDataList)[user_id='ApiService']
STAT. [30-01-2019 06:40:01:57] [ID=] begin.api=ProvinsiController(GetDataList)[user_id='ApiService']
STAT. [30-01-2019 06:40:01:74] [ID=] end...api=ProvinsiController(GetDataList)[user_id='ApiService']
STAT. [30-01-2019 06:40:03:96] [ID=] begin.api=ProvinsiController(EditorFormPartial)[user_id='ApiService']
STAT. [30-01-2019 06:40:03:97] [ID=] end...api=ProvinsiController(EditorFormPartial)[user_id='ApiService']
STAT. [30-01-2019 06:48:33:52] [ID=] end...api=AccountController(Login)[user_id='ApiService']
STAT. [30-01-2019 06:48:38:92] [ID=] begin.api=AppointmentDiaryController(IsMathAppointment)[user_id='ApiService']
STAT. [30-01-2019 06:48:38:95] [ID=] end...api=AppointmentDiaryController(IsMathAppointment)[user_id='ApiService']
STAT. [30-01-2019 06:49:01:43] [ID=] begin.api=AgamaController(GetDataList)[user_id='ApiService']
STAT. [30-01-2019 06:49:01:46] [ID=] end...api=AgamaController(GetDataList)[user_id='ApiService']
STAT. [30-01-2019 06:49:13:70] [ID=] begin.api=AgamaController(GetDataList)[user_id='ApiService']
STAT. [30-01-2019 06:49:13:71] [ID=] end...api=AgamaController(GetDataList)[user_id='ApiService']
STAT. [30-01-2019 06:49:28:90] [ID=] begin.api=JabatanController(GetDataList)[user_id='ApiService']
STAT. [30-01-2019 06:49:28:99] [ID=] end...api=JabatanController(GetDataList)[user_id='ApiService']
STAT. [30-01-2019 06:49:42:35] [ID=] begin.api=AgamaController(GetDataList)[user_id='ApiService']
STAT. [30-01-2019 06:49:42:37] [ID=] end...api=AgamaController(GetDataList)[user_id='ApiService']
STAT. [30-01-2019 06:49:44:29] [ID=] begin.api=AgamaController(EditorFormPartial)[user_id='ApiService']
STAT. [30-01-2019 06:49:44:29] [ID=] end...api=AgamaController(EditorFormPartial)[user_id='ApiService']
STAT. [30-01-2019 06:50:05:77] [ID=] begin.api=KtpController(GetDataList)[user_id='ApiService']
STAT. [30-01-2019 06:50:05:81] [ID=] end...api=KtpController(GetDataList)[user_id='ApiService']
STAT. [30-01-2019 06:50:09:07] [ID=] begin.api=KtpController(EditorFormPartial)[user_id='ApiService']
STAT. [30-01-2019 06:50:09:07] [ID=] end...api=KtpController(EditorFormPartial)[user_id='ApiService']
STAT. [30-01-2019 06:50:13:82] [ID=] begin.api=KtpController(EditorFormPartial)[user_id='ApiService']
STAT. [30-01-2019 06:50:13:82] [ID=] end...api=KtpController(EditorFormPartial)[user_id='ApiService']
STAT. [30-01-2019 06:50:17:88] [ID=] begin.api=KtpController(EditorFormPartial)[user_id='ApiService']
STAT. [30-01-2019 06:50:17:88] [ID=] end...api=KtpController(EditorFormPartial)[user_id='ApiService']
STAT. [30-01-2019 06:50:23:04] [ID=] begin.api=KtpController(EditorFormPartial)[user_id='ApiService']
STAT. [30-01-2019 06:50:23:04] [ID=] end...api=KtpController(EditorFormPartial)[user_id='ApiService']
STAT. [30-01-2019 06:51:21:26] [ID=] begin.api=AgamaController(GetDataList)[user_id='ApiService']
STAT. [30-01-2019 06:51:21:29] [ID=] end...api=AgamaController(GetDataList)[user_id='ApiService']
STAT. [30-01-2019 06:59:38:05] [ID=] begin.api=KtpController(GetDataList)[user_id='ApiService']
STAT. [30-01-2019 06:59:38:55] [ID=] end...api=KtpController(GetDataList)[user_id='ApiService']
STAT. [30-01-2019 06:59:39:90] [ID=] begin.api=KtpController(EditorFormPartial)[user_id='ApiService']
STAT. [30-01-2019 06:59:39:90] [ID=] end...api=KtpController(EditorFormPartial)[user_id='ApiService']
STAT. [30-01-2019 06:59:44:10] [ID=] begin.api=KtpController(EditorFormPartial)[user_id='ApiService']
STAT. [30-01-2019 06:59:44:10] [ID=] end...api=KtpController(EditorFormPartial)[user_id='ApiService']
STAT. [30-01-2019 07:01:48:51] [ID=] begin.api=KtpController(Create)[user_id='ApiService']
STAT. [30-01-2019 07:01:50:09] [ID=] end...api=KtpController(Create)[user_id='ApiService']
STAT. [30-01-2019 07:01:50:40] [ID=] begin.api=KtpController(GetDataList)[user_id='ApiService']
STAT. [30-01-2019 07:01:50:42] [ID=] end...api=KtpController(GetDataList)[user_id='ApiService']
STAT. [30-01-2019 07:08:46:08] [ID=] begin.api=KtpController(EditorFormPartial)[user_id='ApiService']
STAT. [30-01-2019 07:08:46:08] [ID=] end...api=KtpController(EditorFormPartial)[user_id='ApiService']
STAT. [30-01-2019 07:10:12:37] [ID=] begin.api=KtpController(Create)[user_id='ApiService']
STAT. [30-01-2019 07:10:12:45] [ID=] end...api=KtpController(Create)[user_id='ApiService']
STAT. [30-01-2019 07:10:12:72] [ID=] begin.api=KtpController(GetDataList)[user_id='ApiService']
STAT. [30-01-2019 07:10:12:73] [ID=] end...api=KtpController(GetDataList)[user_id='ApiService']
STAT. [30-01-2019 08:37:57:18] [ID=] begin.api=AccountController(Login)[user_id='ApiService']
STAT. [30-01-2019 08:38:17:04] [ID=] begin.api=AccountController(Login)[user_id='ApiService']
STAT. [30-01-2019 08:38:20:74] [ID=] end...api=AccountController(Login)[user_id='ApiService']
STAT. [30-01-2019 08:38:20:74] [ID=] end...api=AccountController(Login)[user_id='ApiService']
STAT. [30-01-2019 08:38:20:76] [ID=] begin.api=AccountController(CreateHistoricalUserLogin)[user_id='ApiService']
STAT. [30-01-2019 08:38:20:76] [ID=] begin.api=AccountController(CreateHistoricalUserLogin)[user_id='ApiService']
STAT. [30-01-2019 08:38:21:18] [ID=] end...api=AccountController(CreateHistoricalUserLogin)[user_id='ApiService']
STAT. [30-01-2019 08:38:21:18] [ID=] end...api=AccountController(CreateHistoricalUserLogin)[user_id='ApiService']
STAT. [30-01-2019 08:38:26:99] [ID=] begin.api=AppointmentDiaryController(IsMathAppointment)[user_id='ApiService']
STAT. [30-01-2019 08:38:27:16] [ID=] end...api=AppointmentDiaryController(IsMathAppointment)[user_id='ApiService']
STAT. [30-01-2019 08:38:49:90] [ID=] begin.api=StrukturController(GetDataList)[user_id='ApiService']
STAT. [30-01-2019 08:38:50:01] [ID=] end...api=StrukturController(GetDataList)[user_id='ApiService']
STAT. [30-01-2019 08:39:50:41] [ID=] begin.api=AppointmentDiaryController(IsMathAppointment)[user_id='ApiService']
STAT. [30-01-2019 08:39:50:43] [ID=] end...api=AppointmentDiaryController(IsMathAppointment)[user_id='ApiService']
STAT. [30-01-2019 08:39:55:55] [ID=] begin.api=KtpKuController(Index)[user_id='ApiService']
STAT. [30-01-2019 08:39:55:57] [ID=] end...api=KtpKuController(Index)[user_id='ApiService']
STAT. [30-01-2019 08:40:41:20] [ID=] begin.api=KtpKuController(Index)[user_id='ApiService']
STAT. [30-01-2019 08:40:41:21] [ID=] end...api=KtpKuController(Index)[user_id='ApiService']
STAT. [30-01-2019 08:40:48:68] [ID=] begin.api=KtpKuController(UpdatePhotoKtp)[user_id='ApiService']
STAT. [30-01-2019 08:40:48:68] [ID=] end...api=KtpKuController(UpdatePhotoKtp)[user_id='ApiService']
STAT. [30-01-2019 08:40:48:76] [ID=] begin.api=KtpKuController(Index)[user_id='ApiService']
STAT. [30-01-2019 08:40:48:76] [ID=] end...api=KtpKuController(Index)[user_id='ApiService']
STAT. [30-01-2019 08:41:23:49] [ID=] begin.api=AppointmentDiaryController(IsMathAppointment)[user_id='ApiService']
STAT. [30-01-2019 08:41:23:51] [ID=] end...api=AppointmentDiaryController(IsMathAppointment)[user_id='ApiService']
STAT. [30-01-2019 08:41:34:74] [ID=] begin.api=InformasiController(GetDataList)[user_id='ApiService']
STAT. [30-01-2019 08:41:34:81] [ID=] end...api=InformasiController(GetDataList)[user_id='ApiService']
STAT. [30-01-2019 08:41:54:88] [ID=] begin.api=PemiluController(GetDataList)[user_id='ApiService']
STAT. [30-01-2019 08:41:54:99] [ID=] end...api=PemiluController(GetDataList)[user_id='ApiService']
STAT. [30-01-2019 08:42:04:37] [ID=] begin.api=PemiluController(EditorFormPartial)[user_id='ApiService']
STAT. [30-01-2019 08:42:04:37] [ID=] end...api=PemiluController(EditorFormPartial)[user_id='ApiService']
STAT. [30-01-2019 08:42:18:77] [ID=] begin.api=PemiluController(EditorFormPartial)[user_id='ApiService']
STAT. [30-01-2019 08:42:18:77] [ID=] end...api=PemiluController(EditorFormPartial)[user_id='ApiService']
STAT. [30-01-2019 08:42:32:54] [ID=] begin.api=PemiluController(Create)[user_id='ApiService']
STAT. [30-01-2019 08:42:32:60] [ID=] end...api=PemiluController(Create)[user_id='ApiService']
STAT. [30-01-2019 08:42:36:18] [ID=] begin.api=PemiluController(GetDataList)[user_id='ApiService']
STAT. [30-01-2019 08:42:36:21] [ID=] end...api=PemiluController(GetDataList)[user_id='ApiService']
STAT. [30-01-2019 08:42:42:85] [ID=] begin.api=PollingPemiluController(GetDataListGrafik)[user_id='ApiService']
STAT. [30-01-2019 08:42:42:95] [ID=] end...api=PollingPemiluController(GetDataListGrafik)[user_id='ApiService']
STAT. [30-01-2019 08:43:41:81] [ID=] begin.api=KtpKuController(GetDataListBy)[user_id='ApiService']
STAT. [30-01-2019 08:43:41:96] [ID=] end...api=KtpKuController(GetDataListBy)[user_id='ApiService']
STAT. [30-01-2019 08:43:47:96] [ID=] begin.api=KtpKuController(GetDataListBy)[user_id='ApiService']
STAT. [30-01-2019 08:43:47:99] [ID=] end...api=KtpKuController(GetDataListBy)[user_id='ApiService']
STAT. [30-01-2019 08:45:06:42] [ID=] begin.api=RoleMenuController(Index)[user_id='ApiService']
STAT. [30-01-2019 08:45:06:75] [ID=] end...api=RoleMenuController(Index)[user_id='ApiService']
STAT. [30-01-2019 08:47:26:14] [ID=] begin.api=RoleMenuController(Index)[user_id='ApiService']
STAT. [30-01-2019 08:47:26:18] [ID=] end...api=RoleMenuController(Index)[user_id='ApiService']
STAT. [30-01-2019 08:47:26:29] [ID=] begin.api=RoleMenuController(Index)[user_id='ApiService']
STAT. [30-01-2019 08:47:26:32] [ID=] end...api=RoleMenuController(Index)[user_id='ApiService']
STAT. [30-01-2019 08:47:36:96] [ID=] begin.api=RoleMenuController(Update)[user_id='ApiService']
STAT. [30-01-2019 08:47:37:29] [ID=] end...api=RoleMenuController(Update)[user_id='ApiService']
STAT. [30-01-2019 08:47:41:90] [ID=] begin.api=RoleMenuController(Index)[user_id='ApiService']
STAT. [30-01-2019 08:47:41:93] [ID=] end...api=RoleMenuController(Index)[user_id='ApiService']
STAT. [30-01-2019 08:47:42:00] [ID=] begin.api=RoleMenuController(Index)[user_id='ApiService']
STAT. [30-01-2019 08:47:42:03] [ID=] end...api=RoleMenuController(Index)[user_id='ApiService']
STAT. [30-01-2019 08:47:51:87] [ID=] begin.api=KtpKuController(Index)[user_id='ApiService']
STAT. [30-01-2019 08:47:51:89] [ID=] end...api=KtpKuController(Index)[user_id='ApiService']
STAT. [30-01-2019 09:06:19:92] [ID=] begin.api=AccountController(Login)[user_id='ApiService']
STAT. [30-01-2019 09:06:20:00] [ID=] end...api=AccountController(Login)[user_id='ApiService']
STAT. [30-01-2019 09:06:20:00] [ID=] begin.api=AccountController(CreateHistoricalUserLogin)[user_id='ApiService']
STAT. [30-01-2019 09:06:20:03] [ID=] end...api=AccountController(CreateHistoricalUserLogin)[user_id='ApiService']
STAT. [30-01-2019 09:06:23:17] [ID=] begin.api=AppointmentDiaryController(IsMathAppointment)[user_id='ApiService']
STAT. [30-01-2019 09:06:23:20] [ID=] end...api=AppointmentDiaryController(IsMathAppointment)[user_id='ApiService']
STAT. [30-01-2019 09:06:53:58] [ID=] begin.api=UserController(GetDataList)[user_id='ApiService']
STAT. [30-01-2019 09:06:53:75] [ID=] end...api=UserController(GetDataList)[user_id='ApiService']
STAT. [30-01-2019 09:14:45:41] [ID=] begin.api=AccountController(Login)[user_id='ApiService']
STAT. [30-01-2019 09:14:45:52] [ID=] end...api=AccountController(Login)[user_id='ApiService']
STAT. [30-01-2019 09:14:45:52] [ID=] begin.api=AccountController(CreateHistoricalUserLogin)[user_id='ApiService']
STAT. [30-01-2019 09:14:45:59] [ID=] end...api=AccountController(CreateHistoricalUserLogin)[user_id='ApiService']
STAT. [30-01-2019 09:15:41:87] [ID=] begin.api=AppointmentDiaryController(IsMathAppointment)[user_id='ApiService']
STAT. [30-01-2019 09:15:41:93] [ID=] end...api=AppointmentDiaryController(IsMathAppointment)[user_id='ApiService']
STAT. [30-01-2019 09:17:34:84] [ID=] begin.api=AccountController(Login)[user_id='ApiService']
STAT. [30-01-2019 09:17:37:53] [ID=] end...api=AccountController(Login)[user_id='ApiService']
STAT. [30-01-2019 09:17:37:53] [ID=] begin.api=AccountController(CreateHistoricalUserLogin)[user_id='ApiService']
STAT. [30-01-2019 09:17:37:65] [ID=] end...api=AccountController(CreateHistoricalUserLogin)[user_id='ApiService']
STAT. [30-01-2019 09:29:29:08] [ID=] begin.api=AccountController(Login)[user_id='ApiService']
STAT. [30-01-2019 09:29:29:21] [ID=] end...api=AccountController(Login)[user_id='ApiService']
STAT. [30-01-2019 09:29:40:96] [ID=] begin.api=AccountController(Login)[user_id='ApiService']
STAT. [30-01-2019 09:29:40:97] [ID=] end...api=AccountController(Login)[user_id='ApiService']
STAT. [30-01-2019 09:29:46:38] [ID=] begin.api=AccountController(Login)[user_id='ApiService']
STAT. [30-01-2019 09:29:46:38] [ID=] end...api=AccountController(Login)[user_id='ApiService']
STAT. [30-01-2019 09:29:46:38] [ID=] begin.api=AccountController(CreateHistoricalUserLogin)[user_id='ApiService']
STAT. [30-01-2019 09:29:46:41] [ID=] end...api=AccountController(CreateHistoricalUserLogin)[user_id='ApiService']
STAT. [30-01-2019 09:29:51:24] [ID=] begin.api=AppointmentDiaryController(IsMathAppointment)[user_id='ApiService']
STAT. [30-01-2019 09:29:51:25] [ID=] end...api=AppointmentDiaryController(IsMathAppointment)[user_id='ApiService']
STAT. [30-01-2019 09:30:17:36] [ID=] begin.api=HistoricalUserLoginController(GetDataListBy)[user_id='ApiService']
STAT. [30-01-2019 09:30:18:29] [ID=] end...api=HistoricalUserLoginController(GetDataListBy)[user_id='ApiService']
STAT. [30-01-2019 09:30:30:66] [ID=] begin.api=HistoricalUserLoginController(GetDataListBy)[user_id='ApiService']
STAT. [30-01-2019 09:30:30:72] [ID=] end...api=HistoricalUserLoginController(GetDataListBy)[user_id='ApiService']
STAT. [30-01-2019 09:30:47:24] [ID=] begin.api=HistoricalUserLoginController(GetDataListBy)[user_id='ApiService']
STAT. [30-01-2019 09:30:47:27] [ID=] end...api=HistoricalUserLoginController(GetDataListBy)[user_id='ApiService']
STAT. [30-01-2019 09:31:06:41] [ID=] begin.api=HistoricalUserLoginController(GetDataListBy)[user_id='ApiService']
STAT. [30-01-2019 09:31:06:44] [ID=] end...api=HistoricalUserLoginController(GetDataListBy)[user_id='ApiService']
STAT. [30-01-2019 09:32:21:62] [ID=] begin.api=AccountController(Login)[user_id='ApiService']
STAT. [30-01-2019 09:32:21:65] [ID=] end...api=AccountController(Login)[user_id='ApiService']
STAT. [30-01-2019 09:32:21:65] [ID=] begin.api=AccountController(CreateHistoricalUserLogin)[user_id='ApiService']
STAT. [30-01-2019 09:32:21:68] [ID=] end...api=AccountController(CreateHistoricalUserLogin)[user_id='ApiService']
STAT. [30-01-2019 09:32:24:93] [ID=] begin.api=AppointmentDiaryController(IsMathAppointment)[user_id='ApiService']
STAT. [30-01-2019 09:32:24:96] [ID=] end...api=AppointmentDiaryController(IsMathAppointment)[user_id='ApiService']
STAT. [30-01-2019 09:33:03:70] [ID=] begin.api=KtpKuController(Index)[user_id='ApiService']
STAT. [30-01-2019 09:33:04:04] [ID=] end...api=KtpKuController(Index)[user_id='ApiService']
STAT. [30-01-2019 09:36:14:12] [ID=] begin.api=InformasiController(GetDataList)[user_id='ApiService']
STAT. [30-01-2019 09:36:14:31] [ID=] end...api=InformasiController(GetDataList)[user_id='ApiService']
STAT. [30-01-2019 09:37:35:04] [ID=] begin.api=KtpKuController(Index)[user_id='ApiService']
STAT. [30-01-2019 09:37:35:11] [ID=] end...api=KtpKuController(Index)[user_id='ApiService']
STAT. [30-01-2019 09:38:11:45] [ID=] begin.api=KtpController(GetDataList)[user_id='ApiService']
STAT. [30-01-2019 09:38:11:48] [ID=] end...api=KtpController(GetDataList)[user_id='ApiService']
STAT. [30-01-2019 09:38:23:98] [ID=] begin.api=KtpKuController(Index)[user_id='ApiService']
STAT. [30-01-2019 09:38:24:00] [ID=] end...api=KtpKuController(Index)[user_id='ApiService']
STAT. [30-01-2019 09:38:26:92] [ID=] begin.api=InformasiController(GetDataList)[user_id='ApiService']
STAT. [30-01-2019 09:38:27:09] [ID=] end...api=InformasiController(GetDataList)[user_id='ApiService']
STAT. [30-01-2019 09:38:39:93] [ID=] begin.api=KtpController(GetDataList)[user_id='ApiService']
STAT. [30-01-2019 09:38:39:95] [ID=] end...api=KtpController(GetDataList)[user_id='ApiService']
STAT. [30-01-2019 09:38:42:65] [ID=] begin.api=KtpController(EditorFormPartial)[user_id='ApiService']
STAT. [30-01-2019 09:38:42:65] [ID=] end...api=KtpController(EditorFormPartial)[user_id='ApiService']
STAT. [30-01-2019 09:40:24:72] [ID=] begin.api=KtpController(Create)[user_id='ApiService']
STAT. [30-01-2019 09:40:24:81] [ID=] end...api=KtpController(Create)[user_id='ApiService']
STAT. [30-01-2019 09:40:28:95] [ID=] begin.api=KtpController(GetDataList)[user_id='ApiService']
STAT. [30-01-2019 09:40:28:98] [ID=] end...api=KtpController(GetDataList)[user_id='ApiService']
STAT. [30-01-2019 09:40:37:20] [ID=] begin.api=KtpController(EditorFormPartial)[user_id='ApiService']
STAT. [30-01-2019 09:40:37:20] [ID=] end...api=KtpController(EditorFormPartial)[user_id='ApiService']
STAT. [30-01-2019 09:44:36:28] [ID=] begin.api=KtpController(Create)[user_id='ApiService']
STAT. [30-01-2019 09:44:37:91] [ID=] end...api=KtpController(Create)[user_id='ApiService']
STAT. [30-01-2019 09:44:38:31] [ID=] begin.api=KtpController(GetDataList)[user_id='ApiService']
STAT. [30-01-2019 09:44:38:70] [ID=] end...api=KtpController(GetDataList)[user_id='ApiService']
STAT. [30-01-2019 09:45:00:27] [ID=] begin.api=UserController(GetDataList)[user_id='ApiService']
STAT. [30-01-2019 09:45:00:36] [ID=] end...api=UserController(GetDataList)[user_id='ApiService']
STAT. [30-01-2019 09:45:04:64] [ID=] begin.api=UserController(EditorFormPartial)[user_id='ApiService']
STAT. [30-01-2019 09:45:04:64] [ID=] end...api=UserController(EditorFormPartial)[user_id='ApiService']
STAT. [30-01-2019 09:45:30:77] [ID=] begin.api=UserController(Create)[user_id='ApiService']
STAT. [30-01-2019 09:45:30:91] [ID=] end...api=UserController(Create)[user_id='ApiService']
STAT. [30-01-2019 09:45:31:44] [ID=] begin.api=UserController(GetDataList)[user_id='ApiService']
STAT. [30-01-2019 09:45:31:45] [ID=] end...api=UserController(GetDataList)[user_id='ApiService']
STAT. [30-01-2019 09:45:35:77] [ID=] begin.api=UserController(EditorFormPartial)[user_id='ApiService']
STAT. [30-01-2019 09:45:35:77] [ID=] end...api=UserController(EditorFormPartial)[user_id='ApiService']
STAT. [30-01-2019 09:46:03:31] [ID=] begin.api=UserController(Create)[user_id='ApiService']
STAT. [30-01-2019 09:46:03:35] [ID=] end...api=UserController(Create)[user_id='ApiService']
STAT. [30-01-2019 09:46:05:86] [ID=] begin.api=UserController(GetDataList)[user_id='ApiService']
STAT. [30-01-2019 09:46:05:88] [ID=] end...api=UserController(GetDataList)[user_id='ApiService']
STAT. [30-01-2019 09:46:48:46] [ID=] begin.api=StrukturController(GetDataList)[user_id='ApiService']
STAT. [30-01-2019 09:46:48:53] [ID=] end...api=StrukturController(GetDataList)[user_id='ApiService']
STAT. [30-01-2019 09:46:54:21] [ID=] begin.api=StrukturController(EditorFormPartial)[user_id='ApiService']
STAT. [30-01-2019 09:46:54:21] [ID=] end...api=StrukturController(EditorFormPartial)[user_id='ApiService']
STAT. [30-01-2019 09:47:28:00] [ID=] begin.api=StrukturController(Create)[user_id='ApiService']
STAT. [30-01-2019 09:47:28:17] [ID=] end...api=StrukturController(Create)[user_id='ApiService']
STAT. [30-01-2019 09:47:28:64] [ID=] begin.api=StrukturController(GetDataList)[user_id='ApiService']
STAT. [30-01-2019 09:47:28:69] [ID=] end...api=StrukturController(GetDataList)[user_id='ApiService']
STAT. [30-01-2019 09:47:33:88] [ID=] begin.api=StrukturController(EditorFormPartial)[user_id='ApiService']
STAT. [30-01-2019 09:47:33:88] [ID=] end...api=StrukturController(EditorFormPartial)[user_id='ApiService']
STAT. [30-01-2019 09:47:53:17] [ID=] begin.api=StrukturController(Create)[user_id='ApiService']
STAT. [30-01-2019 09:47:53:21] [ID=] end...api=StrukturController(Create)[user_id='ApiService']
STAT. [30-01-2019 09:47:58:78] [ID=] begin.api=StrukturController(GetDataList)[user_id='ApiService']
STAT. [30-01-2019 09:47:58:80] [ID=] end...api=StrukturController(GetDataList)[user_id='ApiService']
STAT. [30-01-2019 09:48:04:08] [ID=] begin.api=StrukturController(GetDataList)[user_id='ApiService']
STAT. [30-01-2019 09:48:04:10] [ID=] end...api=StrukturController(GetDataList)[user_id='ApiService']
STAT. [30-01-2019 09:49:17:64] [ID=] begin.api=AccountController(Login)[user_id='ApiService']
STAT. [30-01-2019 09:49:17:66] [ID=] end...api=AccountController(Login)[user_id='ApiService']
STAT. [30-01-2019 09:49:17:66] [ID=] begin.api=AccountController(CreateHistoricalUserLogin)[user_id='ApiService']
STAT. [30-01-2019 09:49:17:69] [ID=] end...api=AccountController(CreateHistoricalUserLogin)[user_id='ApiService']
STAT. [30-01-2019 09:49:22:53] [ID=] begin.api=AppointmentDiaryController(IsMathAppointment)[user_id='ApiService']
STAT. [30-01-2019 09:49:22:55] [ID=] end...api=AppointmentDiaryController(IsMathAppointment)[user_id='ApiService']
STAT. [30-01-2019 09:49:25:97] [ID=] begin.api=KtpKuController(Index)[user_id='ApiService']
STAT. [30-01-2019 09:49:26:18] [ID=] end...api=KtpKuController(Index)[user_id='ApiService']
STAT. [30-01-2019 09:49:59:53] [ID=] begin.api=AccountController(ChangePassword)[user_id='ApiService']
STAT. [30-01-2019 09:49:59:53] [ID=] end...api=AccountController(ChangePassword)[user_id='ApiService']
STAT. [30-01-2019 09:50:39:99] [ID=] begin.api=AccountController(Login)[user_id='ApiService']
STAT. [30-01-2019 09:50:40:02] [ID=] end...api=AccountController(Login)[user_id='ApiService']
STAT. [30-01-2019 09:50:40:02] [ID=] begin.api=AccountController(CreateHistoricalUserLogin)[user_id='ApiService']
STAT. [30-01-2019 09:50:40:05] [ID=] end...api=AccountController(CreateHistoricalUserLogin)[user_id='ApiService']
STAT. [30-01-2019 09:50:44:19] [ID=] begin.api=AppointmentDiaryController(IsMathAppointment)[user_id='ApiService']
STAT. [30-01-2019 09:50:44:21] [ID=] end...api=AppointmentDiaryController(IsMathAppointment)[user_id='ApiService']
STAT. [30-01-2019 09:50:52:57] [ID=] begin.api=PemiluController(GetDataList)[user_id='ApiService']
STAT. [30-01-2019 09:50:52:63] [ID=] end...api=PemiluController(GetDataList)[user_id='ApiService']
STAT. [30-01-2019 09:50:58:13] [ID=] begin.api=DetailPemiluController(GetDataListByIdPemilu)[user_id='ApiService']
STAT. [30-01-2019 09:50:58:27] [ID=] end...api=DetailPemiluController(GetDataListByIdPemilu)[user_id='ApiService']
STAT. [30-01-2019 09:51:05:27] [ID=] begin.api=DetailPemiluController(GetDataListByIdPemilu)[user_id='ApiService']
STAT. [30-01-2019 09:51:05:28] [ID=] end...api=DetailPemiluController(GetDataListByIdPemilu)[user_id='ApiService']
STAT. [30-01-2019 09:51:15:16] [ID=] begin.api=TanyaRtController(GetDataListByNik)[user_id='ApiService']
STAT. [30-01-2019 09:51:15:38] [ID=] end...api=TanyaRtController(GetDataListByNik)[user_id='ApiService']
STAT. [30-01-2019 09:51:18:39] [ID=] begin.api=TanyaRtController(EditorFormPartial)[user_id='ApiService']
STAT. [30-01-2019 09:51:18:39] [ID=] end...api=TanyaRtController(EditorFormPartial)[user_id='ApiService']
STAT. [30-01-2019 09:51:31:47] [ID=] begin.api=TanyaRtController(Create)[user_id='ApiService']
STAT. [30-01-2019 09:51:31:82] [ID=] end...api=TanyaRtController(Create)[user_id='ApiService']
STAT. [30-01-2019 09:51:40:74] [ID=] begin.api=TanyaRtController(GetDataListByNik)[user_id='ApiService']
STAT. [30-01-2019 09:51:40:85] [ID=] end...api=TanyaRtController(GetDataListByNik)[user_id='ApiService']
STAT. [30-01-2019 09:51:50:63] [ID=] begin.api=TanyaRtDetailController(GetDataListByIdTanyaRt)[user_id='ApiService']
STAT. [30-01-2019 09:51:50:82] [ID=] end...api=TanyaRtDetailController(GetDataListByIdTanyaRt)[user_id='ApiService']
STAT. [30-01-2019 09:52:05:18] [ID=] begin.api=TanyaRtDetailController(Create)[user_id='ApiService']
STAT. [30-01-2019 09:52:05:24] [ID=] end...api=TanyaRtDetailController(Create)[user_id='ApiService']
STAT. [30-01-2019 09:52:09:29] [ID=] begin.api=TanyaRtDetailController(GetDataListByIdTanyaRt)[user_id='ApiService']
STAT. [30-01-2019 09:52:09:35] [ID=] end...api=TanyaRtDetailController(GetDataListByIdTanyaRt)[user_id='ApiService']
STAT. [30-01-2019 09:52:26:55] [ID=] begin.api=AccountController(Login)[user_id='ApiService']
STAT. [30-01-2019 09:52:26:58] [ID=] end...api=AccountController(Login)[user_id='ApiService']
STAT. [30-01-2019 09:52:26:58] [ID=] begin.api=AccountController(CreateHistoricalUserLogin)[user_id='ApiService']
STAT. [30-01-2019 09:52:26:77] [ID=] end...api=AccountController(CreateHistoricalUserLogin)[user_id='ApiService']
STAT. [30-01-2019 09:52:30:60] [ID=] begin.api=AppointmentDiaryController(IsMathAppointment)[user_id='ApiService']
STAT. [30-01-2019 09:52:30:63] [ID=] end...api=AppointmentDiaryController(IsMathAppointment)[user_id='ApiService']
STAT. [30-01-2019 09:52:34:05] [ID=] begin.api=TanyaRtController(GetDataListByNik)[user_id='ApiService']
STAT. [30-01-2019 09:52:34:13] [ID=] end...api=TanyaRtController(GetDataListByNik)[user_id='ApiService']
STAT. [30-01-2019 09:52:37:49] [ID=] begin.api=TanyaRtDetailController(GetDataListByIdTanyaRt)[user_id='ApiService']
STAT. [30-01-2019 09:52:37:50] [ID=] end...api=TanyaRtDetailController(GetDataListByIdTanyaRt)[user_id='ApiService']
STAT. [30-01-2019 09:52:55:11] [ID=] begin.api=TanyaRtDetailController(Create)[user_id='ApiService']
STAT. [30-01-2019 09:52:55:63] [ID=] end...api=TanyaRtDetailController(Create)[user_id='ApiService']
STAT. [30-01-2019 09:53:02:66] [ID=] begin.api=TanyaRtDetailController(GetDataListByIdTanyaRt)[user_id='ApiService']
STAT. [30-01-2019 09:53:02:68] [ID=] end...api=TanyaRtDetailController(GetDataListByIdTanyaRt)[user_id='ApiService']
STAT. [30-01-2019 09:53:32:26] [ID=] begin.api=KtpKuController(Index)[user_id='ApiService']
STAT. [30-01-2019 09:53:32:58] [ID=] end...api=KtpKuController(Index)[user_id='ApiService']
STAT. [30-01-2019 09:53:43:52] [ID=] begin.api=TanyaRtController(GetDataListByNik)[user_id='ApiService']
STAT. [30-01-2019 09:53:43:54] [ID=] end...api=TanyaRtController(GetDataListByNik)[user_id='ApiService']
STAT. [30-01-2019 09:53:45:93] [ID=] begin.api=TanyaRtDetailController(GetDataListByIdTanyaRt)[user_id='ApiService']
STAT. [30-01-2019 09:53:45:94] [ID=] end...api=TanyaRtDetailController(GetDataListByIdTanyaRt)[user_id='ApiService']
STAT. [30-01-2019 09:56:01:46] [ID=] begin.api=AccountController(Login)[user_id='ApiService']
STAT. [30-01-2019 09:56:01:57] [ID=] end...api=AccountController(Login)[user_id='ApiService']
STAT. [30-01-2019 09:56:01:57] [ID=] begin.api=AccountController(CreateHistoricalUserLogin)[user_id='ApiService']
STAT. [30-01-2019 09:56:01:58] [ID=] end...api=AccountController(CreateHistoricalUserLogin)[user_id='ApiService']
STAT. [30-01-2019 09:56:04:63] [ID=] begin.api=AppointmentDiaryController(IsMathAppointment)[user_id='ApiService']
STAT. [30-01-2019 09:56:04:66] [ID=] end...api=AppointmentDiaryController(IsMathAppointment)[user_id='ApiService']
STAT. [30-01-2019 09:56:11:04] [ID=] begin.api=TanyaRtController(GetDataListByNik)[user_id='ApiService']
STAT. [30-01-2019 09:56:11:12] [ID=] end...api=TanyaRtController(GetDataListByNik)[user_id='ApiService']
STAT. [30-01-2019 09:56:13:38] [ID=] begin.api=TanyaRtDetailController(GetDataListByIdTanyaRt)[user_id='ApiService']
STAT. [30-01-2019 09:56:13:41] [ID=] end...api=TanyaRtDetailController(GetDataListByIdTanyaRt)[user_id='ApiService']
STAT. [30-01-2019 09:56:36:51] [ID=] begin.api=HistoricalUserLoginController(GetDataListBy)[user_id='ApiService']
STAT. [30-01-2019 09:56:36:57] [ID=] end...api=HistoricalUserLoginController(GetDataListBy)[user_id='ApiService']
STAT. [30-01-2019 09:56:52:79] [ID=] begin.api=HistoricalUserLoginController(GetDataListBy)[user_id='ApiService']
STAT. [30-01-2019 09:56:53:13] [ID=] end...api=HistoricalUserLoginController(GetDataListBy)[user_id='ApiService']
STAT. [30-01-2019 09:57:06:02] [ID=] begin.api=HistoricalUserLoginController(GetDataListBy)[user_id='ApiService']
STAT. [30-01-2019 09:57:06:05] [ID=] end...api=HistoricalUserLoginController(GetDataListBy)[user_id='ApiService']
STAT. [30-01-2019 09:57:14:29] [ID=] begin.api=HistoricalUserLoginController(GetDataListBy)[user_id='ApiService']
STAT. [30-01-2019 09:57:14:30] [ID=] end...api=HistoricalUserLoginController(GetDataListBy)[user_id='ApiService']
STAT. [30-01-2019 09:57:23:87] [ID=] begin.api=HistoricalUserLoginController(GetDataListBy)[user_id='ApiService']
STAT. [30-01-2019 09:57:23:88] [ID=] end...api=HistoricalUserLoginController(GetDataListBy)[user_id='ApiService']
STAT. [30-01-2019 09:58:30:26] [ID=] begin.api=AccountController(Login)[user_id='ApiService']
STAT. [30-01-2019 09:58:30:27] [ID=] end...api=AccountController(Login)[user_id='ApiService']
STAT. [30-01-2019 09:58:30:27] [ID=] begin.api=AccountController(CreateHistoricalUserLogin)[user_id='ApiService']
STAT. [30-01-2019 09:58:30:37] [ID=] end...api=AccountController(CreateHistoricalUserLogin)[user_id='ApiService']
STAT. [30-01-2019 09:58:34:18] [ID=] begin.api=AppointmentDiaryController(IsMathAppointment)[user_id='ApiService']
STAT. [30-01-2019 09:58:34:18] [ID=] end...api=AppointmentDiaryController(IsMathAppointment)[user_id='ApiService']
STAT. [30-01-2019 09:59:14:27] [ID=] begin.api=AccountController(Login)[user_id='ApiService']
STAT. [30-01-2019 09:59:14:31] [ID=] end...api=AccountController(Login)[user_id='ApiService']
STAT. [30-01-2019 09:59:14:31] [ID=] begin.api=AccountController(CreateHistoricalUserLogin)[user_id='ApiService']
STAT. [30-01-2019 09:59:14:34] [ID=] end...api=AccountController(CreateHistoricalUserLogin)[user_id='ApiService']
STAT. [30-01-2019 09:59:17:31] [ID=] begin.api=AppointmentDiaryController(IsMathAppointment)[user_id='ApiService']
STAT. [30-01-2019 09:59:17:34] [ID=] end...api=AppointmentDiaryController(IsMathAppointment)[user_id='ApiService']
STAT. [30-01-2019 10:02:32:15] [ID=] begin.api=KtpKuController(Index)[user_id='ApiService']
STAT. [30-01-2019 10:02:34:71] [ID=] end...api=KtpKuController(Index)[user_id='ApiService']
STAT. [30-01-2019 10:02:50:88] [ID=] begin.api=PemiluController(GetDataList)[user_id='ApiService']
STAT. [30-01-2019 10:02:50:91] [ID=] end...api=PemiluController(GetDataList)[user_id='ApiService']
STAT. [30-01-2019 10:02:57:54] [ID=] begin.api=PemiluController(Delete)[user_id='ApiService']
STAT. [30-01-2019 10:02:58:48] [ID=] end...api=PemiluController(Delete)[user_id='ApiService']
STAT. [30-01-2019 10:03:03:60] [ID=] begin.api=PemiluController(GetDataList)[user_id='ApiService']
STAT. [30-01-2019 10:03:03:62] [ID=] end...api=PemiluController(GetDataList)[user_id='ApiService']
STAT. [30-01-2019 10:03:06:65] [ID=] begin.api=PemiluController(EditorFormPartial)[user_id='ApiService']
STAT. [30-01-2019 10:03:06:65] [ID=] end...api=PemiluController(EditorFormPartial)[user_id='ApiService']
STAT. [30-01-2019 10:10:38:64] [ID=] begin.api=PemiluController(EditorFormPartial)[user_id='ApiService']
STAT. [30-01-2019 10:10:38:64] [ID=] end...api=PemiluController(EditorFormPartial)[user_id='ApiService']
STAT. [30-01-2019 10:11:11:51] [ID=] begin.api=PemiluController(Create)[user_id='ApiService']
STAT. [30-01-2019 10:11:11:68] [ID=] end...api=PemiluController(Create)[user_id='ApiService']
STAT. [30-01-2019 10:11:16:72] [ID=] begin.api=PemiluController(GetDataList)[user_id='ApiService']
STAT. [30-01-2019 10:11:16:73] [ID=] end...api=PemiluController(GetDataList)[user_id='ApiService']
STAT. [30-01-2019 10:11:22:48] [ID=] begin.api=DetailPemiluController(GetDataListByIdPemilu)[user_id='ApiService']
STAT. [30-01-2019 10:11:22:62] [ID=] end...api=DetailPemiluController(GetDataListByIdPemilu)[user_id='ApiService']
STAT. [30-01-2019 10:11:57:97] [ID=] begin.api=DetailPemiluController(Create)[user_id='ApiService']
STAT. [30-01-2019 10:11:58:01] [ID=] end...api=DetailPemiluController(Create)[user_id='ApiService']
STAT. [30-01-2019 10:12:03:75] [ID=] begin.api=DetailPemiluController(GetDataListByIdPemilu)[user_id='ApiService']
STAT. [30-01-2019 10:12:03:78] [ID=] end...api=DetailPemiluController(GetDataListByIdPemilu)[user_id='ApiService']
STAT. [30-01-2019 10:12:03:78] [ID=] begin.api=DetailPemiluController(IsUserHasBeenSelected)[user_id='ApiService']
STAT. [30-01-2019 10:12:03:89] [ID=] end...api=DetailPemiluController(IsUserHasBeenSelected)[user_id='ApiService']
STAT. [30-01-2019 10:12:53:65] [ID=] begin.api=DetailPemiluController(Create)[user_id='ApiService']
STAT. [30-01-2019 10:12:53:69] [ID=] end...api=DetailPemiluController(Create)[user_id='ApiService']
STAT. [30-01-2019 10:12:58:33] [ID=] begin.api=DetailPemiluController(GetDataListByIdPemilu)[user_id='ApiService']
STAT. [30-01-2019 10:12:58:36] [ID=] end...api=DetailPemiluController(GetDataListByIdPemilu)[user_id='ApiService']
STAT. [30-01-2019 10:12:58:36] [ID=] begin.api=DetailPemiluController(IsUserHasBeenSelected)[user_id='ApiService']
STAT. [30-01-2019 10:12:58:39] [ID=] end...api=DetailPemiluController(IsUserHasBeenSelected)[user_id='ApiService']
STAT. [30-01-2019 10:13:29:44] [ID=] begin.api=KegiatanController(GetDataList)[user_id='ApiService']
STAT. [30-01-2019 10:13:29:51] [ID=] end...api=KegiatanController(GetDataList)[user_id='ApiService']
STAT. [30-01-2019 10:13:37:59] [ID=] begin.api=KegiatanController(GetDataList)[user_id='ApiService']
STAT. [30-01-2019 10:13:37:61] [ID=] end...api=KegiatanController(GetDataList)[user_id='ApiService']
STAT. [30-01-2019 10:14:18:12] [ID=] begin.api=JenisKegiatanController(GetDataList)[user_id='ApiService']
STAT. [30-01-2019 10:14:18:22] [ID=] end...api=JenisKegiatanController(GetDataList)[user_id='ApiService']
STAT. [30-01-2019 10:14:27:37] [ID=] begin.api=JenisKegiatanController(GetDataList)[user_id='ApiService']
STAT. [30-01-2019 10:14:27:39] [ID=] end...api=JenisKegiatanController(GetDataList)[user_id='ApiService']
STAT. [30-01-2019 10:14:43:58] [ID=] begin.api=JenisInformasiController(GetDataList)[user_id='ApiService']
STAT. [30-01-2019 10:14:43:66] [ID=] end...api=JenisInformasiController(GetDataList)[user_id='ApiService']
STAT. [30-01-2019 10:14:52:28] [ID=] begin.api=JenisInformasiController(EditorFormPartial)[user_id='ApiService']
STAT. [30-01-2019 10:14:52:28] [ID=] end...api=JenisInformasiController(EditorFormPartial)[user_id='ApiService']
STAT. [30-01-2019 10:15:08:86] [ID=] begin.api=JenisInformasiController(Create)[user_id='ApiService']
STAT. [30-01-2019 10:15:08:89] [ID=] end...api=JenisInformasiController(Create)[user_id='ApiService']
STAT. [30-01-2019 10:15:09:44] [ID=] begin.api=JenisInformasiController(GetDataList)[user_id='ApiService']
STAT. [30-01-2019 10:15:09:47] [ID=] end...api=JenisInformasiController(GetDataList)[user_id='ApiService']
STAT. [30-01-2019 10:15:20:08] [ID=] begin.api=JenisInformasiController(EditorFormPartial)[user_id='ApiService']
STAT. [30-01-2019 10:15:20:08] [ID=] end...api=JenisInformasiController(EditorFormPartial)[user_id='ApiService']
STAT. [30-01-2019 10:15:25:03] [ID=] begin.api=JenisInformasiController(Create)[user_id='ApiService']
STAT. [30-01-2019 10:15:25:08] [ID=] end...api=JenisInformasiController(Create)[user_id='ApiService']
STAT. [30-01-2019 10:15:25:66] [ID=] begin.api=JenisInformasiController(GetDataList)[user_id='ApiService']
STAT. [30-01-2019 10:15:25:67] [ID=] end...api=JenisInformasiController(GetDataList)[user_id='ApiService']
STAT. [30-01-2019 10:15:33:19] [ID=] begin.api=InformasiController(GetDataList)[user_id='ApiService']
STAT. [30-01-2019 10:15:33:22] [ID=] end...api=InformasiController(GetDataList)[user_id='ApiService']
STAT. [30-01-2019 10:15:36:70] [ID=] begin.api=DetailJenisInformasiController(GetDetailJenisInformasiListByIdJenisInformasi)[user_id='ApiService']
STAT. [30-01-2019 10:15:36:81] [ID=] end...api=DetailJenisInformasiController(GetDetailJenisInformasiListByIdJenisInformasi)[user_id='ApiService']
STAT. [30-01-2019 10:15:44:59] [ID=] begin.api=DetailJenisInformasiController(GetDetailJenisInformasiListByIdJenisInformasi)[user_id='ApiService']
STAT. [30-01-2019 10:15:44:61] [ID=] end...api=DetailJenisInformasiController(GetDetailJenisInformasiListByIdJenisInformasi)[user_id='ApiService']
STAT. [30-01-2019 10:20:33:47] [ID=] begin.api=DetailJenisInformasiController(Create)[user_id='ApiService']
STAT. [30-01-2019 10:20:33:67] [ID=] end...api=DetailJenisInformasiController(Create)[user_id='ApiService']
STAT. [30-01-2019 10:20:35:61] [ID=] begin.api=DetailJenisInformasiController(GetDetailJenisInformasiListByIdJenisInformasi)[user_id='ApiService']
STAT. [30-01-2019 10:20:35:69] [ID=] end...api=DetailJenisInformasiController(GetDetailJenisInformasiListByIdJenisInformasi)[user_id='ApiService']
STAT. [30-01-2019 10:20:41:30] [ID=] begin.api=DetailJenisInformasiController(EditorFormPartialForEdit)[user_id='ApiService']
STAT. [30-01-2019 10:20:41:33] [ID=] end...api=DetailJenisInformasiController(EditorFormPartialForEdit)[user_id='ApiService']
STAT. [30-01-2019 10:21:35:60] [ID=] begin.api=DetailJenisInformasiController(EditorFormPartialForEdit)[user_id='ApiService']
STAT. [30-01-2019 10:21:35:61] [ID=] end...api=DetailJenisInformasiController(EditorFormPartialForEdit)[user_id='ApiService']
STAT. [30-01-2019 10:21:49:56] [ID=] begin.api=DetailJenisInformasiController(GetDetailJenisInformasiListByIdJenisInformasi)[user_id='ApiService']
STAT. [30-01-2019 10:21:49:60] [ID=] end...api=DetailJenisInformasiController(GetDetailJenisInformasiListByIdJenisInformasi)[user_id='ApiService']
STAT. [30-01-2019 10:21:56:33] [ID=] begin.api=InformasiController(GetDataList)[user_id='ApiService']
STAT. [30-01-2019 10:21:56:38] [ID=] end...api=InformasiController(GetDataList)[user_id='ApiService']
STAT. [30-01-2019 10:42:43:68] [ID=] begin.api=AccountController(Login)[user_id='ApiService']
STAT. [30-01-2019 10:42:43:79] [ID=] end...api=AccountController(Login)[user_id='ApiService']
STAT. [30-01-2019 10:42:43:79] [ID=] begin.api=AccountController(CreateHistoricalUserLogin)[user_id='ApiService']
STAT. [30-01-2019 10:42:43:84] [ID=] end...api=AccountController(CreateHistoricalUserLogin)[user_id='ApiService']
STAT. [30-01-2019 10:42:47:56] [ID=] begin.api=AppointmentDiaryController(IsMathAppointment)[user_id='ApiService']
STAT. [30-01-2019 10:42:47:62] [ID=] end...api=AppointmentDiaryController(IsMathAppointment)[user_id='ApiService']
STAT. [30-01-2019 10:42:58:54] [ID=] begin.api=StrukturController(GetDataList)[user_id='ApiService']
STAT. [30-01-2019 10:42:58:67] [ID=] end...api=StrukturController(GetDataList)[user_id='ApiService']
STAT. [30-01-2019 10:43:54:64] [ID=] begin.api=AppointmentDiaryController(IsMathAppointment)[user_id='ApiService']
STAT. [30-01-2019 10:43:54:65] [ID=] end...api=AppointmentDiaryController(IsMathAppointment)[user_id='ApiService']
STAT. [30-01-2019 10:44:56:78] [ID=] begin.api=KtpKuController(GetDataListBy)[user_id='ApiService']
STAT. [30-01-2019 10:44:56:90] [ID=] end...api=KtpKuController(GetDataListBy)[user_id='ApiService']
STAT. [30-01-2019 10:45:09:23] [ID=] begin.api=KtpKuController(GetDataListBy)[user_id='ApiService']
STAT. [30-01-2019 10:45:09:25] [ID=] end...api=KtpKuController(GetDataListBy)[user_id='ApiService']
STAT. [30-01-2019 10:45:29:50] [ID=] begin.api=KegiatanController(GetDataList)[user_id='ApiService']
STAT. [30-01-2019 10:45:29:53] [ID=] end...api=KegiatanController(GetDataList)[user_id='ApiService']
STAT. [30-01-2019 10:45:53:08] [ID=] begin.api=JenisKegiatanController(GetDataList)[user_id='ApiService']
STAT. [30-01-2019 10:45:53:09] [ID=] end...api=JenisKegiatanController(GetDataList)[user_id='ApiService']
STAT. [30-01-2019 10:45:54:59] [ID=] begin.api=JenisKegiatanController(EditorFormPartial)[user_id='ApiService']
STAT. [30-01-2019 10:45:54:59] [ID=] end...api=JenisKegiatanController(EditorFormPartial)[user_id='ApiService']
STAT. [30-01-2019 10:46:18:68] [ID=] begin.api=JenisKegiatanController(Create)[user_id='ApiService']
STAT. [30-01-2019 10:46:18:75] [ID=] end...api=JenisKegiatanController(Create)[user_id='ApiService']
STAT. [30-01-2019 10:46:19:08] [ID=] begin.api=JenisKegiatanController(GetDataList)[user_id='ApiService']
STAT. [30-01-2019 10:46:19:11] [ID=] end...api=JenisKegiatanController(GetDataList)[user_id='ApiService']
STAT. [30-01-2019 10:46:28:14] [ID=] begin.api=KegiatanController(GetDataList)[user_id='ApiService']
STAT. [30-01-2019 10:46:28:17] [ID=] end...api=KegiatanController(GetDataList)[user_id='ApiService']
STAT. [30-01-2019 10:46:30:47] [ID=] begin.api=KegiatanController(DetailJenisKegiatan)[user_id='ApiService']
STAT. [30-01-2019 10:46:30:57] [ID=] end...api=KegiatanController(DetailJenisKegiatan)[user_id='ApiService']
STAT. [30-01-2019 10:46:35:59] [ID=] begin.api=KegiatanController(EditorFormPartial)[user_id='ApiService']
STAT. [30-01-2019 10:46:35:59] [ID=] end...api=KegiatanController(EditorFormPartial)[user_id='ApiService']
STAT. [30-01-2019 10:47:45:90] [ID=] begin.api=KegiatanController(EditorFormPartial)[user_id='ApiService']
STAT. [30-01-2019 10:47:45:90] [ID=] end...api=KegiatanController(EditorFormPartial)[user_id='ApiService']
STAT. [30-01-2019 10:48:44:65] [ID=] begin.api=KegiatanController(CreateDetailJenisKegiatan)[user_id='ApiService']
STAT. [30-01-2019 10:48:44:70] [ID=] end...api=KegiatanController(CreateDetailJenisKegiatan)[user_id='ApiService']
STAT. [30-01-2019 10:48:52:15] [ID=] begin.api=KegiatanController(DetailJenisKegiatan)[user_id='ApiService']
STAT. [30-01-2019 10:48:52:19] [ID=] end...api=KegiatanController(DetailJenisKegiatan)[user_id='ApiService']
STAT. [30-01-2019 10:49:00:86] [ID=] begin.api=DokumentasiController(GetDataList)[user_id='ApiService']
STAT. [30-01-2019 10:49:00:94] [ID=] end...api=DokumentasiController(GetDataList)[user_id='ApiService']
STAT. [30-01-2019 10:49:09:51] [ID=] begin.api=DokumentasiController(GetDataList)[user_id='ApiService']
STAT. [30-01-2019 10:49:09:53] [ID=] end...api=DokumentasiController(GetDataList)[user_id='ApiService']
STAT. [30-01-2019 10:49:15:58] [ID=] begin.api=DokumentasiController(EditorFormPartial)[user_id='ApiService']
STAT. [30-01-2019 10:49:15:61] [ID=] end...api=DokumentasiController(EditorFormPartial)[user_id='ApiService']
STAT. [30-01-2019 10:52:26:72] [ID=] begin.api=DokumentasiController(EditorFormPartial)[user_id='ApiService']
STAT. [30-01-2019 10:52:26:75] [ID=] end...api=DokumentasiController(EditorFormPartial)[user_id='ApiService']
STAT. [30-01-2019 10:53:22:78] [ID=] begin.api=DokumentasiController(EditorFormPartial)[user_id='ApiService']
STAT. [30-01-2019 10:53:22:80] [ID=] end...api=DokumentasiController(EditorFormPartial)[user_id='ApiService']
STAT. [30-01-2019 10:53:29:16] [ID=] begin.api=DokumentasiController(CreateDokumentasiDetailJenisKegiatan)[user_id='ApiService']
STAT. [30-01-2019 10:53:29:16] [ID=] end...api=DokumentasiController(CreateDokumentasiDetailJenisKegiatan)[user_id='ApiService']
STAT. [30-01-2019 17:56:53:69] [ID=] begin.api=AccountController(Login)[user_id='ApiService']
STAT. [30-01-2019 17:57:14:03] [ID=] begin.api=AccountController(Login)[user_id='ApiService']
STAT. [30-01-2019 17:57:30:00] [ID=] end...api=AccountController(Login)[user_id='ApiService']
STAT. [30-01-2019 17:57:30:00] [ID=] end...api=AccountController(Login)[user_id='ApiService']
STAT. [30-01-2019 17:57:30:00] [ID=] begin.api=AccountController(CreateHistoricalUserLogin)[user_id='ApiService']
STAT. [30-01-2019 17:57:30:00] [ID=] begin.api=AccountController(CreateHistoricalUserLogin)[user_id='ApiService']
STAT. [30-01-2019 17:57:30:13] [ID=] end...api=AccountController(CreateHistoricalUserLogin)[user_id='ApiService']
STAT. [30-01-2019 17:57:30:13] [ID=] end...api=AccountController(CreateHistoricalUserLogin)[user_id='ApiService']
STAT. [30-01-2019 17:57:57:32] [ID=] begin.api=AppointmentDiaryController(IsMathAppointment)[user_id='ApiService']
STAT. [30-01-2019 17:58:01:89] [ID=] end...api=AppointmentDiaryController(IsMathAppointment)[user_id='ApiService']
STAT. [30-01-2019 17:58:11:38] [ID=] begin.api=StrukturController(GetDataList)[user_id='ApiService']
STAT. [30-01-2019 17:58:11:55] [ID=] end...api=StrukturController(GetDataList)[user_id='ApiService']
STAT. [30-01-2019 17:58:39:02] [ID=] begin.api=HistoricalUserLoginController(GetDataListBy)[user_id='ApiService']
STAT. [30-01-2019 17:58:39:14] [ID=] end...api=HistoricalUserLoginController(GetDataListBy)[user_id='ApiService']
STAT. [30-01-2019 17:58:48:74] [ID=] begin.api=HistoricalUserLoginController(GetDataListBy)[user_id='ApiService']
STAT. [30-01-2019 17:58:48:78] [ID=] end...api=HistoricalUserLoginController(GetDataListBy)[user_id='ApiService']
STAT. [30-01-2019 17:58:58:02] [ID=] begin.api=HistoricalUserLoginController(GetDataListBy)[user_id='ApiService']
STAT. [30-01-2019 17:58:58:05] [ID=] end...api=HistoricalUserLoginController(GetDataListBy)[user_id='ApiService']
STAT. [30-01-2019 17:59:09:82] [ID=] begin.api=StrukturController(GetDataList)[user_id='ApiService']
STAT. [30-01-2019 17:59:12:64] [ID=] end...api=StrukturController(GetDataList)[user_id='ApiService']
STAT. [30-01-2019 17:59:27:79] [ID=] begin.api=KegiatanController(GetDataList)[user_id='ApiService']
STAT. [30-01-2019 17:59:27:91] [ID=] end...api=KegiatanController(GetDataList)[user_id='ApiService']
STAT. [30-01-2019 17:59:31:88] [ID=] begin.api=KegiatanController(DetailJenisKegiatan)[user_id='ApiService']
STAT. [30-01-2019 17:59:32:82] [ID=] end...api=KegiatanController(DetailJenisKegiatan)[user_id='ApiService']
STAT. [30-01-2019 17:59:36:61] [ID=] begin.api=DokumentasiController(GetDataList)[user_id='ApiService']
STAT. [30-01-2019 17:59:36:74] [ID=] end...api=DokumentasiController(GetDataList)[user_id='ApiService']
STAT. [30-01-2019 17:59:40:61] [ID=] begin.api=DokumentasiController(EditorFormPartial)[user_id='ApiService']
STAT. [30-01-2019 17:59:40:63] [ID=] end...api=DokumentasiController(EditorFormPartial)[user_id='ApiService']
STAT. [30-01-2019 18:00:31:71] [ID=] begin.api=DokumentasiController(CreateDokumentasiDetailJenisKegiatan)[user_id='ApiService']
STAT. [30-01-2019 18:00:31:71] [ID=] end...api=DokumentasiController(CreateDokumentasiDetailJenisKegiatan)[user_id='ApiService']
STAT. [30-01-2019 18:00:40:07] [ID=] begin.api=DokumentasiController(EditorFormPartial)[user_id='ApiService']
STAT. [30-01-2019 18:00:40:08] [ID=] end...api=DokumentasiController(EditorFormPartial)[user_id='ApiService']
STAT. [30-01-2019 18:02:02:32] [ID=] begin.api=DokumentasiController(GetDataList)[user_id='ApiService']
STAT. [30-01-2019 18:02:02:33] [ID=] end...api=DokumentasiController(GetDataList)[user_id='ApiService']
STAT. [30-01-2019 18:12:41:59] [ID=] begin.api=AccountController(Login)[user_id='ApiService']
STAT. [30-01-2019 18:12:41:68] [ID=] end...api=AccountController(Login)[user_id='ApiService']
STAT. [30-01-2019 18:12:41:68] [ID=] begin.api=AccountController(CreateHistoricalUserLogin)[user_id='ApiService']
STAT. [30-01-2019 18:12:41:96] [ID=] end...api=AccountController(CreateHistoricalUserLogin)[user_id='ApiService']
STAT. [30-01-2019 18:12:43:88] [ID=] begin.api=AccountController(Login)[user_id='ApiService']
STAT. [30-01-2019 18:12:43:90] [ID=] end...api=AccountController(Login)[user_id='ApiService']
STAT. [30-01-2019 18:12:43:90] [ID=] begin.api=AccountController(CreateHistoricalUserLogin)[user_id='ApiService']
STAT. [30-01-2019 18:12:44:03] [ID=] end...api=AccountController(CreateHistoricalUserLogin)[user_id='ApiService']
STAT. [30-01-2019 18:12:47:71] [ID=] begin.api=AppointmentDiaryController(IsMathAppointment)[user_id='ApiService']
STAT. [30-01-2019 18:12:47:78] [ID=] end...api=AppointmentDiaryController(IsMathAppointment)[user_id='ApiService']
STAT. [30-01-2019 18:13:22:23] [ID=] begin.api=AccountController(Login)[user_id='ApiService']
STAT. [30-01-2019 18:13:22:29] [ID=] end...api=AccountController(Login)[user_id='ApiService']
STAT. [30-01-2019 18:13:22:29] [ID=] begin.api=AccountController(CreateHistoricalUserLogin)[user_id='ApiService']
STAT. [30-01-2019 18:13:22:45] [ID=] end...api=AccountController(CreateHistoricalUserLogin)[user_id='ApiService']
STAT. [30-01-2019 18:13:27:79] [ID=] begin.api=AppointmentDiaryController(IsMathAppointment)[user_id='ApiService']
STAT. [30-01-2019 18:13:27:82] [ID=] end...api=AppointmentDiaryController(IsMathAppointment)[user_id='ApiService']
STAT. [30-01-2019 18:14:46:78] [ID=] begin.api=InformasiController(GetDataList)[user_id='ApiService']
STAT. [30-01-2019 18:14:47:03] [ID=] end...api=InformasiController(GetDataList)[user_id='ApiService']
STAT. [30-01-2019 18:15:01:18] [ID=] begin.api=DetailJenisInformasiController(GetDetailJenisInformasiListByIdJenisInformasi)[user_id='ApiService']
STAT. [30-01-2019 18:15:01:32] [ID=] end...api=DetailJenisInformasiController(GetDetailJenisInformasiListByIdJenisInformasi)[user_id='ApiService']
STAT. [30-01-2019 22:41:40:69] [ID=] begin.api=AccountController(Login)[user_id='ApiService']
STAT. [30-01-2019 22:41:57:10] [ID=] begin.api=AccountController(Login)[user_id='ApiService']
STAT. [30-01-2019 22:42:04:08] [ID=] end...api=AccountController(Login)[user_id='ApiService']
STAT. [30-01-2019 22:42:04:08] [ID=] end...api=AccountController(Login)[user_id='ApiService']
STAT. [30-01-2019 22:42:04:10] [ID=] begin.api=AccountController(CreateHistoricalUserLogin)[user_id='ApiService']
STAT. [30-01-2019 22:42:04:10] [ID=] begin.api=AccountController(CreateHistoricalUserLogin)[user_id='ApiService']
STAT. [30-01-2019 22:42:04:24] [ID=] end...api=AccountController(CreateHistoricalUserLogin)[user_id='ApiService']
STAT. [30-01-2019 22:42:04:24] [ID=] end...api=AccountController(CreateHistoricalUserLogin)[user_id='ApiService']
STAT. [30-01-2019 22:42:07:79] [ID=] begin.api=AccountController(Login)[user_id='ApiService']
STAT. [30-01-2019 22:42:07:80] [ID=] end...api=AccountController(Login)[user_id='ApiService']
STAT. [30-01-2019 22:42:07:80] [ID=] begin.api=AccountController(CreateHistoricalUserLogin)[user_id='ApiService']
STAT. [30-01-2019 22:42:07:82] [ID=] end...api=AccountController(CreateHistoricalUserLogin)[user_id='ApiService']
STAT. [30-01-2019 22:42:15:66] [ID=] begin.api=AppointmentDiaryController(IsMathAppointment)[user_id='ApiService']
STAT. [30-01-2019 22:42:15:79] [ID=] end...api=AppointmentDiaryController(IsMathAppointment)[user_id='ApiService']
STAT. [30-01-2019 22:42:15:83] [ID=] begin.api=AppointmentDiaryController(IsMathAppointment)[user_id='ApiService']
STAT. [30-01-2019 22:42:15:85] [ID=] end...api=AppointmentDiaryController(IsMathAppointment)[user_id='ApiService']
STAT. [30-01-2019 22:43:20:94] [ID=] begin.api=KewarganegaraanController(GetDataList)[user_id='ApiService']
STAT. [30-01-2019 22:43:21:05] [ID=] end...api=KewarganegaraanController(GetDataList)[user_id='ApiService']
STAT. [30-01-2019 22:43:30:77] [ID=] begin.api=AppointmentDiaryController(IsMathAppointment)[user_id='ApiService']
STAT. [30-01-2019 22:43:30:79] [ID=] end...api=AppointmentDiaryController(IsMathAppointment)[user_id='ApiService']
STAT. [30-01-2019 22:43:31:26] [ID=] begin.api=AppointmentDiaryController(IsMathAppointment)[user_id='ApiService']
STAT. [30-01-2019 22:43:31:29] [ID=] end...api=AppointmentDiaryController(IsMathAppointment)[user_id='ApiService']
