STAT. [05-12-2019 13:55:29:15] [ID=] begin.api=SecurityServiceManager(GetAuthenticationToken)[user_id='ApiService']
STAT. [05-12-2019 13:55:31:65] [ID=] end...api=SecurityServiceManager(GetAuthenticationToken)[user_id='ApiService']
STAT. [05-12-2019 13:55:31:66] [ID=] begin.api=API_MasterServiceManager(GetDetailJenisInformasiList)[user_id='ApiService']
STAT. [05-12-2019 13:55:32:66] [ID=] end...api=API_MasterServiceManager(GetDetailJenisInformasiList)[user_id='ApiService']
STAT. [05-12-2019 13:56:06:07] [ID=] begin.api=SecurityServiceManager(GetAuthenticationToken)[user_id='ApiService']
STAT. [05-12-2019 13:56:06:52] [ID=] end...api=SecurityServiceManager(GetAuthenticationToken)[user_id='ApiService']
STAT. [05-12-2019 13:56:06:52] [ID=] begin.api=API_MasterServiceManager(GetDetailJenisInformasiList)[user_id='ApiService']
STAT. [05-12-2019 13:56:06:99] [ID=] end...api=API_MasterServiceManager(GetDetailJenisInformasiList)[user_id='ApiService']
STAT. [05-12-2019 14:00:24:00] [ID=] begin.api=SecurityServiceManager(GetAuthenticationToken)[user_id='ApiService']
STAT. [05-12-2019 14:00:24:48] [ID=] end...api=SecurityServiceManager(GetAuthenticationToken)[user_id='ApiService']
STAT. [05-12-2019 14:00:24:48] [ID=] begin.api=API_MasterServiceManager(GetDetailJenisInformasiList)[user_id='ApiService']
STAT. [05-12-2019 14:00:25:01] [ID=] end...api=API_MasterServiceManager(GetDetailJenisInformasiList)[user_id='ApiService']
STAT. [05-12-2019 14:02:15:95] [ID=] begin.api=SecurityServiceManager(GetAuthenticationToken)[user_id='ApiService']
STAT. [05-12-2019 14:02:16:42] [ID=] end...api=SecurityServiceManager(GetAuthenticationToken)[user_id='ApiService']
STAT. [05-12-2019 14:02:16:42] [ID=] begin.api=API_MasterServiceManager(GetDetailJenisInformasiList)[user_id='ApiService']
STAT. [05-12-2019 14:02:16:89] [ID=] end...api=API_MasterServiceManager(GetDetailJenisInformasiList)[user_id='ApiService']
STAT. [05-12-2019 14:03:21:23] [ID=] begin.api=SecurityServiceManager(GetAuthenticationToken)[user_id='ApiService']
STAT. [05-12-2019 14:03:21:70] [ID=] end...api=SecurityServiceManager(GetAuthenticationToken)[user_id='ApiService']
STAT. [05-12-2019 14:03:21:70] [ID=] begin.api=API_MasterServiceManager(GetDetailJenisInformasiList)[user_id='ApiService']
STAT. [05-12-2019 14:03:22:21] [ID=] end...api=API_MasterServiceManager(GetDetailJenisInformasiList)[user_id='ApiService']
STAT. [05-12-2019 14:04:15:35] [ID=] begin.api=SecurityServiceManager(GetAuthenticationToken)[user_id='ApiService']
STAT. [05-12-2019 14:04:15:81] [ID=] end...api=SecurityServiceManager(GetAuthenticationToken)[user_id='ApiService']
STAT. [05-12-2019 14:04:15:81] [ID=] begin.api=API_MasterServiceManager(GetDetailJenisInformasiList)[user_id='ApiService']
STAT. [05-12-2019 14:04:16:33] [ID=] end...api=API_MasterServiceManager(GetDetailJenisInformasiList)[user_id='ApiService']
STAT. [05-12-2019 14:05:50:58] [ID=] begin.api=SecurityServiceManager(GetAuthenticationToken)[user_id='ApiService']
STAT. [05-12-2019 14:05:51:04] [ID=] end...api=SecurityServiceManager(GetAuthenticationToken)[user_id='ApiService']
STAT. [05-12-2019 14:05:51:04] [ID=] begin.api=API_MasterServiceManager(GetDetailJenisInformasiList)[user_id='ApiService']
STAT. [05-12-2019 14:05:51:56] [ID=] end...api=API_MasterServiceManager(GetDetailJenisInformasiList)[user_id='ApiService']
STAT. [05-12-2019 14:06:40:00] [ID=] begin.api=SecurityServiceManager(GetAuthenticationToken)[user_id='ApiService']
STAT. [05-12-2019 14:06:40:46] [ID=] end...api=SecurityServiceManager(GetAuthenticationToken)[user_id='ApiService']
STAT. [05-12-2019 14:06:40:46] [ID=] begin.api=API_MasterServiceManager(GetDetailJenisInformasiList)[user_id='ApiService']
STAT. [05-12-2019 14:06:40:98] [ID=] end...api=API_MasterServiceManager(GetDetailJenisInformasiList)[user_id='ApiService']
STAT. [05-12-2019 14:07:44:01] [ID=] begin.api=SecurityServiceManager(GetAuthenticationToken)[user_id='ApiService']
STAT. [05-12-2019 14:07:44:47] [ID=] end...api=SecurityServiceManager(GetAuthenticationToken)[user_id='ApiService']
STAT. [05-12-2019 14:07:44:47] [ID=] begin.api=API_MasterServiceManager(GetDetailJenisInformasiList)[user_id='ApiService']
STAT. [05-12-2019 14:07:45:03] [ID=] end...api=API_MasterServiceManager(GetDetailJenisInformasiList)[user_id='ApiService']
STAT. [05-12-2019 14:09:43:82] [ID=] begin.api=SecurityServiceManager(GetAuthenticationToken)[user_id='ApiService']
STAT. [05-12-2019 14:09:44:29] [ID=] end...api=SecurityServiceManager(GetAuthenticationToken)[user_id='ApiService']
STAT. [05-12-2019 14:09:44:29] [ID=] begin.api=API_MasterServiceManager(GetDetailJenisInformasiList)[user_id='ApiService']
STAT. [05-12-2019 14:09:44:80] [ID=] end...api=API_MasterServiceManager(GetDetailJenisInformasiList)[user_id='ApiService']
STAT. [05-12-2019 14:10:54:29] [ID=] begin.api=SecurityServiceManager(GetAuthenticationToken)[user_id='ApiService']
STAT. [05-12-2019 14:10:54:76] [ID=] end...api=SecurityServiceManager(GetAuthenticationToken)[user_id='ApiService']
STAT. [05-12-2019 14:10:54:76] [ID=] begin.api=API_MasterServiceManager(GetDetailJenisInformasiList)[user_id='ApiService']
STAT. [05-12-2019 14:10:55:30] [ID=] end...api=API_MasterServiceManager(GetDetailJenisInformasiList)[user_id='ApiService']
STAT. [05-12-2019 14:11:03:04] [ID=] begin.api=SecurityServiceManager(GetAuthenticationToken)[user_id='ApiService']
STAT. [05-12-2019 14:11:03:51] [ID=] end...api=SecurityServiceManager(GetAuthenticationToken)[user_id='ApiService']
STAT. [05-12-2019 14:11:03:51] [ID=] begin.api=API_MasterServiceManager(GetDetailJenisInformasiList)[user_id='ApiService']
STAT. [05-12-2019 14:11:04:09] [ID=] end...api=API_MasterServiceManager(GetDetailJenisInformasiList)[user_id='ApiService']
STAT. [05-12-2019 14:11:27:73] [ID=] begin.api=SecurityServiceManager(GetAuthenticationToken)[user_id='ApiService']
STAT. [05-12-2019 14:11:28:19] [ID=] end...api=SecurityServiceManager(GetAuthenticationToken)[user_id='ApiService']
STAT. [05-12-2019 14:11:28:19] [ID=] begin.api=API_MasterServiceManager(GetDetailJenisInformasiList)[user_id='ApiService']
STAT. [05-12-2019 14:11:28:76] [ID=] end...api=API_MasterServiceManager(GetDetailJenisInformasiList)[user_id='ApiService']
STAT. [05-12-2019 14:11:49:31] [ID=] begin.api=SecurityServiceManager(GetAuthenticationToken)[user_id='ApiService']
STAT. [05-12-2019 14:11:49:77] [ID=] end...api=SecurityServiceManager(GetAuthenticationToken)[user_id='ApiService']
STAT. [05-12-2019 14:11:49:77] [ID=] begin.api=API_MasterServiceManager(GetDetailJenisInformasiList)[user_id='ApiService']
STAT. [05-12-2019 14:11:50:32] [ID=] end...api=API_MasterServiceManager(GetDetailJenisInformasiList)[user_id='ApiService']
STAT. [05-12-2019 14:13:44:28] [ID=] begin.api=SecurityServiceManager(GetAuthenticationToken)[user_id='ApiService']
STAT. [05-12-2019 14:13:44:75] [ID=] end...api=SecurityServiceManager(GetAuthenticationToken)[user_id='ApiService']
STAT. [05-12-2019 14:13:44:75] [ID=] begin.api=API_MasterServiceManager(GetDetailJenisInformasiList)[user_id='ApiService']
STAT. [05-12-2019 14:13:45:43] [ID=] end...api=API_MasterServiceManager(GetDetailJenisInformasiList)[user_id='ApiService']
STAT. [05-12-2019 14:14:11:42] [ID=] begin.api=SecurityServiceManager(GetAuthenticationToken)[user_id='ApiService']
STAT. [05-12-2019 14:14:11:88] [ID=] end...api=SecurityServiceManager(GetAuthenticationToken)[user_id='ApiService']
STAT. [05-12-2019 14:14:11:88] [ID=] begin.api=API_MasterServiceManager(GetDetailJenisInformasiList)[user_id='ApiService']
STAT. [05-12-2019 14:14:12:46] [ID=] end...api=API_MasterServiceManager(GetDetailJenisInformasiList)[user_id='ApiService']
STAT. [05-12-2019 14:14:45:75] [ID=] begin.api=SecurityServiceManager(GetAuthenticationToken)[user_id='ApiService']
STAT. [05-12-2019 14:14:46:22] [ID=] end...api=SecurityServiceManager(GetAuthenticationToken)[user_id='ApiService']
STAT. [05-12-2019 14:14:46:22] [ID=] begin.api=API_MasterServiceManager(GetDetailJenisInformasiList)[user_id='ApiService']
STAT. [05-12-2019 14:14:46:76] [ID=] end...api=API_MasterServiceManager(GetDetailJenisInformasiList)[user_id='ApiService']
STAT. [05-12-2019 14:19:37:78] [ID=] begin.api=SecurityServiceManager(GetAuthenticationToken)[user_id='ApiService']
STAT. [05-12-2019 14:19:39:19] [ID=] end...api=SecurityServiceManager(GetAuthenticationToken)[user_id='ApiService']
STAT. [05-12-2019 14:19:39:19] [ID=] begin.api=API_MasterServiceManager(GetDetailJenisInformasiList)[user_id='ApiService']
STAT. [05-12-2019 14:19:40:19] [ID=] end...api=API_MasterServiceManager(GetDetailJenisInformasiList)[user_id='ApiService']
STAT. [05-12-2019 14:20:28:49] [ID=] begin.api=SecurityServiceManager(GetAuthenticationToken)[user_id='ApiService']
STAT. [05-12-2019 14:20:28:96] [ID=] end...api=SecurityServiceManager(GetAuthenticationToken)[user_id='ApiService']
STAT. [05-12-2019 14:20:28:97] [ID=] begin.api=API_MasterServiceManager(GetDetailJenisInformasiList)[user_id='ApiService']
STAT. [05-12-2019 14:20:29:49] [ID=] end...api=API_MasterServiceManager(GetDetailJenisInformasiList)[user_id='ApiService']
STAT. [05-12-2019 14:21:19:08] [ID=] begin.api=SecurityServiceManager(GetAuthenticationToken)[user_id='ApiService']
STAT. [05-12-2019 14:21:19:55] [ID=] end...api=SecurityServiceManager(GetAuthenticationToken)[user_id='ApiService']
STAT. [05-12-2019 14:21:19:55] [ID=] begin.api=API_MasterServiceManager(GetDetailJenisInformasiList)[user_id='ApiService']
STAT. [05-12-2019 14:21:20:05] [ID=] end...api=API_MasterServiceManager(GetDetailJenisInformasiList)[user_id='ApiService']
STAT. [05-12-2019 14:23:00:07] [ID=] begin.api=SecurityServiceManager(GetAuthenticationToken)[user_id='ApiService']
STAT. [05-12-2019 14:23:00:53] [ID=] end...api=SecurityServiceManager(GetAuthenticationToken)[user_id='ApiService']
STAT. [05-12-2019 14:23:00:53] [ID=] begin.api=API_MasterServiceManager(GetDetailJenisInformasiList)[user_id='ApiService']
STAT. [05-12-2019 14:23:01:00] [ID=] end...api=API_MasterServiceManager(GetDetailJenisInformasiList)[user_id='ApiService']
STAT. [05-12-2019 14:23:27:58] [ID=] begin.api=SecurityServiceManager(GetAuthenticationToken)[user_id='ApiService']
STAT. [05-12-2019 14:23:28:04] [ID=] end...api=SecurityServiceManager(GetAuthenticationToken)[user_id='ApiService']
STAT. [05-12-2019 14:23:28:04] [ID=] begin.api=API_MasterServiceManager(GetDetailJenisInformasiList)[user_id='ApiService']
STAT. [05-12-2019 14:23:28:52] [ID=] end...api=API_MasterServiceManager(GetDetailJenisInformasiList)[user_id='ApiService']
STAT. [05-12-2019 14:24:12:83] [ID=] begin.api=SecurityServiceManager(GetAuthenticationToken)[user_id='ApiService']
STAT. [05-12-2019 14:24:13:30] [ID=] end...api=SecurityServiceManager(GetAuthenticationToken)[user_id='ApiService']
STAT. [05-12-2019 14:24:13:30] [ID=] begin.api=API_MasterServiceManager(GetDetailJenisInformasiList)[user_id='ApiService']
STAT. [05-12-2019 14:24:13:77] [ID=] end...api=API_MasterServiceManager(GetDetailJenisInformasiList)[user_id='ApiService']
STAT. [05-12-2019 14:24:28:43] [ID=] begin.api=SecurityServiceManager(GetAuthenticationToken)[user_id='ApiService']
STAT. [05-12-2019 14:24:28:89] [ID=] end...api=SecurityServiceManager(GetAuthenticationToken)[user_id='ApiService']
STAT. [05-12-2019 14:24:28:89] [ID=] begin.api=API_MasterServiceManager(GetDetailJenisInformasiList)[user_id='ApiService']
STAT. [05-12-2019 14:24:29:36] [ID=] end...api=API_MasterServiceManager(GetDetailJenisInformasiList)[user_id='ApiService']
STAT. [05-12-2019 14:45:53:78] [ID=] begin.api=SecurityServiceManager(GetAuthenticationToken)[user_id='ApiService']
STAT. [05-12-2019 14:45:56:49] [ID=] end...api=SecurityServiceManager(GetAuthenticationToken)[user_id='ApiService']
STAT. [05-12-2019 14:45:56:50] [ID=] begin.api=API_MasterServiceManager(GetDokumentasiDetailJenisKegiatanListByIdDetailJenisKegiatan)[user_id='ApiService']
STAT. [05-12-2019 14:45:57:08] [ID=] end...api=API_MasterServiceManager(GetDokumentasiDetailJenisKegiatanListByIdDetailJenisKegiatan)[user_id='ApiService']
STAT. [05-12-2019 14:47:09:61] [ID=] begin.api=SecurityServiceManager(GetAuthenticationToken)[user_id='ApiService']
STAT. [05-12-2019 14:47:10:07] [ID=] end...api=SecurityServiceManager(GetAuthenticationToken)[user_id='ApiService']
STAT. [05-12-2019 14:47:10:07] [ID=] begin.api=API_MasterServiceManager(GetDokumentasiDetailJenisKegiatanListByIdDetailJenisKegiatan)[user_id='ApiService']
STAT. [05-12-2019 14:47:10:54] [ID=] end...api=API_MasterServiceManager(GetDokumentasiDetailJenisKegiatanListByIdDetailJenisKegiatan)[user_id='ApiService']
STAT. [05-12-2019 14:47:33:60] [ID=] begin.api=SecurityServiceManager(GetAuthenticationToken)[user_id='ApiService']
STAT. [05-12-2019 14:47:34:07] [ID=] end...api=SecurityServiceManager(GetAuthenticationToken)[user_id='ApiService']
STAT. [05-12-2019 14:47:34:07] [ID=] begin.api=API_MasterServiceManager(GetDokumentasiDetailJenisKegiatanListByIdDetailJenisKegiatan)[user_id='ApiService']
STAT. [05-12-2019 14:47:34:53] [ID=] end...api=API_MasterServiceManager(GetDokumentasiDetailJenisKegiatanListByIdDetailJenisKegiatan)[user_id='ApiService']
STAT. [05-12-2019 14:49:18:23] [ID=] begin.api=SecurityServiceManager(GetAuthenticationToken)[user_id='ApiService']
STAT. [05-12-2019 14:49:18:69] [ID=] end...api=SecurityServiceManager(GetAuthenticationToken)[user_id='ApiService']
STAT. [05-12-2019 14:49:18:69] [ID=] begin.api=API_MasterServiceManager(GetDokumentasiDetailJenisKegiatanListByIdDetailJenisKegiatan)[user_id='ApiService']
STAT. [05-12-2019 14:49:19:16] [ID=] end...api=API_MasterServiceManager(GetDokumentasiDetailJenisKegiatanListByIdDetailJenisKegiatan)[user_id='ApiService']
STAT. [05-12-2019 14:51:04:76] [ID=] begin.api=SecurityServiceManager(GetAuthenticationToken)[user_id='ApiService']
STAT. [05-12-2019 14:51:05:24] [ID=] end...api=SecurityServiceManager(GetAuthenticationToken)[user_id='ApiService']
STAT. [05-12-2019 14:51:05:24] [ID=] begin.api=API_MasterServiceManager(GetDokumentasiDetailJenisKegiatanListByIdDetailJenisKegiatan)[user_id='ApiService']
STAT. [05-12-2019 14:51:05:71] [ID=] end...api=API_MasterServiceManager(GetDokumentasiDetailJenisKegiatanListByIdDetailJenisKegiatan)[user_id='ApiService']
STAT. [05-12-2019 14:53:38:13] [ID=] begin.api=SecurityServiceManager(GetAuthenticationToken)[user_id='ApiService']
STAT. [05-12-2019 14:53:38:60] [ID=] end...api=SecurityServiceManager(GetAuthenticationToken)[user_id='ApiService']
STAT. [05-12-2019 14:53:38:60] [ID=] begin.api=API_MasterServiceManager(GetDokumentasiDetailJenisKegiatanListByIdDetailJenisKegiatan)[user_id='ApiService']
STAT. [05-12-2019 14:53:39:07] [ID=] end...api=API_MasterServiceManager(GetDokumentasiDetailJenisKegiatanListByIdDetailJenisKegiatan)[user_id='ApiService']
STAT. [05-12-2019 14:54:17:75] [ID=] begin.api=SecurityServiceManager(GetAuthenticationToken)[user_id='ApiService']
STAT. [05-12-2019 14:54:18:22] [ID=] end...api=SecurityServiceManager(GetAuthenticationToken)[user_id='ApiService']
STAT. [05-12-2019 14:54:18:22] [ID=] begin.api=API_MasterServiceManager(GetDokumentasiDetailJenisKegiatanListByIdDetailJenisKegiatan)[user_id='ApiService']
STAT. [05-12-2019 14:54:18:70] [ID=] end...api=API_MasterServiceManager(GetDokumentasiDetailJenisKegiatanListByIdDetailJenisKegiatan)[user_id='ApiService']
STAT. [05-12-2019 14:55:30:93] [ID=] begin.api=SecurityServiceManager(GetAuthenticationToken)[user_id='ApiService']
STAT. [05-12-2019 14:55:31:40] [ID=] end...api=SecurityServiceManager(GetAuthenticationToken)[user_id='ApiService']
STAT. [05-12-2019 14:55:31:40] [ID=] begin.api=API_MasterServiceManager(GetDokumentasiDetailJenisKegiatanListByIdDetailJenisKegiatan)[user_id='ApiService']
STAT. [05-12-2019 14:55:31:92] [ID=] end...api=API_MasterServiceManager(GetDokumentasiDetailJenisKegiatanListByIdDetailJenisKegiatan)[user_id='ApiService']
STAT. [05-12-2019 14:57:08:02] [ID=] begin.api=SecurityServiceManager(GetAuthenticationToken)[user_id='ApiService']
STAT. [05-12-2019 14:57:08:49] [ID=] end...api=SecurityServiceManager(GetAuthenticationToken)[user_id='ApiService']
STAT. [05-12-2019 14:57:08:49] [ID=] begin.api=API_MasterServiceManager(GetDokumentasiDetailJenisKegiatanListByIdDetailJenisKegiatan)[user_id='ApiService']
STAT. [05-12-2019 14:57:08:95] [ID=] end...api=API_MasterServiceManager(GetDokumentasiDetailJenisKegiatanListByIdDetailJenisKegiatan)[user_id='ApiService']
STAT. [05-12-2019 14:57:11:22] [ID=] begin.api=SecurityServiceManager(GetAuthenticationToken)[user_id='ApiService']
STAT. [05-12-2019 14:57:11:69] [ID=] end...api=SecurityServiceManager(GetAuthenticationToken)[user_id='ApiService']
STAT. [05-12-2019 14:57:11:69] [ID=] begin.api=API_MasterServiceManager(GetDetailJenisInformasiList)[user_id='ApiService']
STAT. [05-12-2019 14:57:12:20] [ID=] end...api=API_MasterServiceManager(GetDetailJenisInformasiList)[user_id='ApiService']
STAT. [05-12-2019 14:57:22:51] [ID=] begin.api=SecurityServiceManager(GetAuthenticationToken)[user_id='ApiService']
STAT. [05-12-2019 14:57:22:98] [ID=] end...api=SecurityServiceManager(GetAuthenticationToken)[user_id='ApiService']
STAT. [05-12-2019 14:57:22:98] [ID=] begin.api=API_MasterServiceManager(GetDokumentasiDetailJenisKegiatanListByIdDetailJenisKegiatan)[user_id='ApiService']
STAT. [05-12-2019 14:57:23:45] [ID=] end...api=API_MasterServiceManager(GetDokumentasiDetailJenisKegiatanListByIdDetailJenisKegiatan)[user_id='ApiService']
STAT. [05-12-2019 15:01:55:64] [ID=] begin.api=SecurityServiceManager(GetAuthenticationToken)[user_id='ApiService']
STAT. [05-12-2019 15:02:03:50] [ID=] end...api=SecurityServiceManager(GetAuthenticationToken)[user_id='ApiService']
STAT. [05-12-2019 15:02:03:50] [ID=] begin.api=API_MasterServiceManager(GetDokumentasiDetailJenisKegiatanListByIdDetailJenisKegiatan)[user_id='ApiService']
STAT. [05-12-2019 15:02:03:97] [ID=] end...api=API_MasterServiceManager(GetDokumentasiDetailJenisKegiatanListByIdDetailJenisKegiatan)[user_id='ApiService']
STAT. [05-12-2019 15:02:23:01] [ID=] begin.api=SecurityServiceManager(GetAuthenticationToken)[user_id='ApiService']
STAT. [05-12-2019 15:02:23:47] [ID=] end...api=SecurityServiceManager(GetAuthenticationToken)[user_id='ApiService']
STAT. [05-12-2019 15:02:23:47] [ID=] begin.api=API_MasterServiceManager(GetDokumentasiDetailJenisKegiatanListByIdDetailJenisKegiatan)[user_id='ApiService']
STAT. [05-12-2019 15:02:23:94] [ID=] end...api=API_MasterServiceManager(GetDokumentasiDetailJenisKegiatanListByIdDetailJenisKegiatan)[user_id='ApiService']
STAT. [05-12-2019 15:03:45:85] [ID=] begin.api=SecurityServiceManager(GetAuthenticationToken)[user_id='ApiService']
STAT. [05-12-2019 15:03:46:32] [ID=] end...api=SecurityServiceManager(GetAuthenticationToken)[user_id='ApiService']
STAT. [05-12-2019 15:03:46:32] [ID=] begin.api=API_MasterServiceManager(GetDokumentasiDetailJenisKegiatanListByIdDetailJenisKegiatan)[user_id='ApiService']
STAT. [05-12-2019 15:03:46:79] [ID=] end...api=API_MasterServiceManager(GetDokumentasiDetailJenisKegiatanListByIdDetailJenisKegiatan)[user_id='ApiService']
STAT. [05-12-2019 15:04:19:93] [ID=] begin.api=SecurityServiceManager(GetAuthenticationToken)[user_id='ApiService']
STAT. [05-12-2019 15:04:20:43] [ID=] end...api=SecurityServiceManager(GetAuthenticationToken)[user_id='ApiService']
STAT. [05-12-2019 15:04:20:43] [ID=] begin.api=API_MasterServiceManager(GetDokumentasiDetailJenisKegiatanListByIdDetailJenisKegiatan)[user_id='ApiService']
STAT. [05-12-2019 15:04:20:89] [ID=] end...api=API_MasterServiceManager(GetDokumentasiDetailJenisKegiatanListByIdDetailJenisKegiatan)[user_id='ApiService']
STAT. [05-12-2019 15:04:40:31] [ID=] begin.api=SecurityServiceManager(GetAuthenticationToken)[user_id='ApiService']
STAT. [05-12-2019 15:04:40:77] [ID=] end...api=SecurityServiceManager(GetAuthenticationToken)[user_id='ApiService']
STAT. [05-12-2019 15:04:40:77] [ID=] begin.api=API_MasterServiceManager(GetDokumentasiDetailJenisKegiatanListByIdDetailJenisKegiatan)[user_id='ApiService']
STAT. [05-12-2019 15:04:41:29] [ID=] end...api=API_MasterServiceManager(GetDokumentasiDetailJenisKegiatanListByIdDetailJenisKegiatan)[user_id='ApiService']
STAT. [05-12-2019 15:06:08:95] [ID=] begin.api=SecurityServiceManager(GetAuthenticationToken)[user_id='ApiService']
STAT. [05-12-2019 15:06:09:41] [ID=] end...api=SecurityServiceManager(GetAuthenticationToken)[user_id='ApiService']
STAT. [05-12-2019 15:06:09:41] [ID=] begin.api=API_MasterServiceManager(GetDokumentasiDetailJenisKegiatanListByIdDetailJenisKegiatan)[user_id='ApiService']
STAT. [05-12-2019 15:06:09:88] [ID=] end...api=API_MasterServiceManager(GetDokumentasiDetailJenisKegiatanListByIdDetailJenisKegiatan)[user_id='ApiService']
STAT. [05-12-2019 15:08:54:79] [ID=] begin.api=SecurityServiceManager(GetAuthenticationToken)[user_id='ApiService']
STAT. [05-12-2019 15:08:55:25] [ID=] end...api=SecurityServiceManager(GetAuthenticationToken)[user_id='ApiService']
STAT. [05-12-2019 15:08:55:25] [ID=] begin.api=API_MasterServiceManager(GetDokumentasiDetailJenisKegiatanListByIdDetailJenisKegiatan)[user_id='ApiService']
STAT. [05-12-2019 15:08:55:73] [ID=] end...api=API_MasterServiceManager(GetDokumentasiDetailJenisKegiatanListByIdDetailJenisKegiatan)[user_id='ApiService']
STAT. [05-12-2019 15:16:18:32] [ID=] begin.api=SecurityServiceManager(GetAuthenticationToken)[user_id='ApiService']
STAT. [05-12-2019 15:16:19:72] [ID=] end...api=SecurityServiceManager(GetAuthenticationToken)[user_id='ApiService']
STAT. [05-12-2019 15:16:19:72] [ID=] begin.api=API_MasterServiceManager(GetDokumentasiDetailJenisKegiatanListByIdDetailJenisKegiatan)[user_id='ApiService']
STAT. [05-12-2019 15:16:20:19] [ID=] end...api=API_MasterServiceManager(GetDokumentasiDetailJenisKegiatanListByIdDetailJenisKegiatan)[user_id='ApiService']
STAT. [05-12-2019 15:17:22:56] [ID=] begin.api=SecurityServiceManager(GetAuthenticationToken)[user_id='ApiService']
STAT. [05-12-2019 15:17:23:08] [ID=] end...api=SecurityServiceManager(GetAuthenticationToken)[user_id='ApiService']
STAT. [05-12-2019 15:17:23:08] [ID=] begin.api=API_MasterServiceManager(GetDokumentasiDetailJenisKegiatanListByIdDetailJenisKegiatan)[user_id='ApiService']
STAT. [05-12-2019 15:17:23:57] [ID=] end...api=API_MasterServiceManager(GetDokumentasiDetailJenisKegiatanListByIdDetailJenisKegiatan)[user_id='ApiService']
STAT. [05-12-2019 15:18:41:94] [ID=] begin.api=SecurityServiceManager(GetAuthenticationToken)[user_id='ApiService']
STAT. [05-12-2019 15:18:42:40] [ID=] end...api=SecurityServiceManager(GetAuthenticationToken)[user_id='ApiService']
STAT. [05-12-2019 15:18:42:40] [ID=] begin.api=API_MasterServiceManager(GetDokumentasiDetailJenisKegiatanListByIdDetailJenisKegiatan)[user_id='ApiService']
STAT. [05-12-2019 15:18:42:87] [ID=] end...api=API_MasterServiceManager(GetDokumentasiDetailJenisKegiatanListByIdDetailJenisKegiatan)[user_id='ApiService']
STAT. [05-12-2019 15:20:25:69] [ID=] begin.api=SecurityServiceManager(GetAuthenticationToken)[user_id='ApiService']
STAT. [05-12-2019 15:20:26:15] [ID=] end...api=SecurityServiceManager(GetAuthenticationToken)[user_id='ApiService']
STAT. [05-12-2019 15:20:26:15] [ID=] begin.api=API_MasterServiceManager(GetDokumentasiDetailJenisKegiatanListByIdDetailJenisKegiatan)[user_id='ApiService']
STAT. [05-12-2019 15:20:26:63] [ID=] end...api=API_MasterServiceManager(GetDokumentasiDetailJenisKegiatanListByIdDetailJenisKegiatan)[user_id='ApiService']
STAT. [05-12-2019 15:21:50:64] [ID=] begin.api=SecurityServiceManager(GetAuthenticationToken)[user_id='ApiService']
STAT. [05-12-2019 15:21:51:11] [ID=] end...api=SecurityServiceManager(GetAuthenticationToken)[user_id='ApiService']
STAT. [05-12-2019 15:21:51:11] [ID=] begin.api=API_MasterServiceManager(GetDokumentasiDetailJenisKegiatanListByIdDetailJenisKegiatan)[user_id='ApiService']
STAT. [05-12-2019 15:21:51:57] [ID=] end...api=API_MasterServiceManager(GetDokumentasiDetailJenisKegiatanListByIdDetailJenisKegiatan)[user_id='ApiService']
STAT. [05-12-2019 15:26:08:22] [ID=] begin.api=SecurityServiceManager(GetAuthenticationToken)[user_id='ApiService']
STAT. [05-12-2019 15:26:09:70] [ID=] end...api=SecurityServiceManager(GetAuthenticationToken)[user_id='ApiService']
STAT. [05-12-2019 15:26:09:70] [ID=] begin.api=API_MasterServiceManager(GetDokumentasiDetailJenisKegiatanListByIdDetailJenisKegiatan)[user_id='ApiService']
STAT. [05-12-2019 15:26:10:21] [ID=] end...api=API_MasterServiceManager(GetDokumentasiDetailJenisKegiatanListByIdDetailJenisKegiatan)[user_id='ApiService']
STAT. [05-12-2019 15:26:44:19] [ID=] begin.api=SecurityServiceManager(GetAuthenticationToken)[user_id='ApiService']
STAT. [05-12-2019 15:26:44:66] [ID=] end...api=SecurityServiceManager(GetAuthenticationToken)[user_id='ApiService']
STAT. [05-12-2019 15:26:44:66] [ID=] begin.api=API_MasterServiceManager(GetDetailJenisInformasiList)[user_id='ApiService']
STAT. [05-12-2019 15:26:45:45] [ID=] end...api=API_MasterServiceManager(GetDetailJenisInformasiList)[user_id='ApiService']
STAT. [05-12-2019 15:50:42:55] [ID=] begin.api=SecurityServiceManager(GetAuthenticationToken)[user_id='ApiService']
STAT. [05-12-2019 15:50:43:36] [ID=] begin.api=SecurityServiceManager(GetAuthenticationToken)[user_id='ApiService']
STAT. [05-12-2019 15:50:43:94] [ID=] end...api=SecurityServiceManager(GetAuthenticationToken)[user_id='ApiService']
STAT. [05-12-2019 15:50:43:94] [ID=] begin.api=API_MasterServiceManager(GetDetailJenisInformasiList)[user_id='ApiService']
STAT. [05-12-2019 15:50:44:62] [ID=] begin.api=SecurityServiceManager(GetAuthenticationToken)[user_id='ApiService']
STAT. [05-12-2019 15:50:44:90] [ID=] end...api=SecurityServiceManager(GetAuthenticationToken)[user_id='ApiService']
STAT. [05-12-2019 15:50:44:90] [ID=] begin.api=API_MasterServiceManager(GetDokumentasiDetailJenisKegiatanListByIdDetailJenisKegiatan)[user_id='ApiService']
STAT. [05-12-2019 15:50:45:11] [ID=] end...api=API_MasterServiceManager(GetDetailJenisInformasiList)[user_id='ApiService']
STAT. [05-12-2019 15:50:45:37] [ID=] end...api=API_MasterServiceManager(GetDokumentasiDetailJenisKegiatanListByIdDetailJenisKegiatan)[user_id='ApiService']
STAT. [05-12-2019 15:50:46:00] [ID=] end...api=SecurityServiceManager(GetAuthenticationToken)[user_id='ApiService']
STAT. [05-12-2019 15:50:46:00] [ID=] begin.api=API_MasterServiceManager(GetDetailJenisInformasiList)[user_id='ApiService']
STAT. [05-12-2019 15:50:47:15] [ID=] end...api=API_MasterServiceManager(GetDetailJenisInformasiList)[user_id='ApiService']
STAT. [05-12-2019 15:51:41:08] [ID=] begin.api=SecurityServiceManager(GetAuthenticationToken)[user_id='ApiService']
STAT. [05-12-2019 15:51:41:57] [ID=] end...api=SecurityServiceManager(GetAuthenticationToken)[user_id='ApiService']
STAT. [05-12-2019 15:51:41:57] [ID=] begin.api=API_MasterServiceManager(GetDetailJenisInformasiList)[user_id='ApiService']
STAT. [05-12-2019 15:51:42:04] [ID=] end...api=API_MasterServiceManager(GetDetailJenisInformasiList)[user_id='ApiService']
STAT. [05-12-2019 15:51:51:05] [ID=] begin.api=SecurityServiceManager(GetAuthenticationToken)[user_id='ApiService']
STAT. [05-12-2019 15:51:51:53] [ID=] end...api=SecurityServiceManager(GetAuthenticationToken)[user_id='ApiService']
STAT. [05-12-2019 15:51:51:53] [ID=] begin.api=API_MasterServiceManager(GetDokumentasiDetailJenisKegiatanListByIdDetailJenisKegiatan)[user_id='ApiService']
STAT. [05-12-2019 15:51:52:10] [ID=] end...api=API_MasterServiceManager(GetDokumentasiDetailJenisKegiatanListByIdDetailJenisKegiatan)[user_id='ApiService']
STAT. [05-12-2019 15:51:55:15] [ID=] begin.api=SecurityServiceManager(GetAuthenticationToken)[user_id='ApiService']
STAT. [05-12-2019 15:51:55:61] [ID=] end...api=SecurityServiceManager(GetAuthenticationToken)[user_id='ApiService']
STAT. [05-12-2019 15:51:55:61] [ID=] begin.api=API_MasterServiceManager(GetDokumentasiDetailJenisKegiatanListByIdDetailJenisKegiatan)[user_id='ApiService']
STAT. [05-12-2019 15:51:56:09] [ID=] end...api=API_MasterServiceManager(GetDokumentasiDetailJenisKegiatanListByIdDetailJenisKegiatan)[user_id='ApiService']
STAT. [05-12-2019 16:10:05:26] [ID=] begin.api=SecurityServiceManager(GetAuthenticationToken)[user_id='ApiService']
STAT. [05-12-2019 16:10:06:91] [ID=] end...api=SecurityServiceManager(GetAuthenticationToken)[user_id='ApiService']
STAT. [05-12-2019 16:10:06:91] [ID=] begin.api=API_MasterServiceManager(GetDetailJenisInformasiList)[user_id='ApiService']
STAT. [05-12-2019 16:10:08:02] [ID=] end...api=API_MasterServiceManager(GetDetailJenisInformasiList)[user_id='ApiService']
STAT. [05-12-2019 16:26:36:70] [ID=] begin.api=SecurityServiceManager(GetAuthenticationToken)[user_id='ApiService']
STAT. [05-12-2019 16:26:38:26] [ID=] end...api=SecurityServiceManager(GetAuthenticationToken)[user_id='ApiService']
STAT. [05-12-2019 16:26:38:26] [ID=] begin.api=API_MasterServiceManager(GetDetailJenisInformasiList)[user_id='ApiService']
STAT. [05-12-2019 16:26:39:44] [ID=] end...api=API_MasterServiceManager(GetDetailJenisInformasiList)[user_id='ApiService']
STAT. [05-12-2019 16:27:31:58] [ID=] begin.api=SecurityServiceManager(GetAuthenticationToken)[user_id='ApiService']
STAT. [05-12-2019 16:27:32:04] [ID=] end...api=SecurityServiceManager(GetAuthenticationToken)[user_id='ApiService']
STAT. [05-12-2019 16:27:32:04] [ID=] begin.api=API_MasterServiceManager(GetDetailJenisInformasiList)[user_id='ApiService']
STAT. [05-12-2019 16:27:32:30] [ID=] begin.api=SecurityServiceManager(GetAuthenticationToken)[user_id='ApiService']
STAT. [05-12-2019 16:27:32:52] [ID=] end...api=API_MasterServiceManager(GetDetailJenisInformasiList)[user_id='ApiService']
STAT. [05-12-2019 16:27:33:69] [ID=] end...api=SecurityServiceManager(GetAuthenticationToken)[user_id='ApiService']
STAT. [05-12-2019 16:27:33:69] [ID=] begin.api=API_MasterServiceManager(GetDokumentasiDetailJenisKegiatanListByIdDetailJenisKegiatan)[user_id='ApiService']
STAT. [05-12-2019 16:27:33:83] [ID=] begin.api=SecurityServiceManager(GetAuthenticationToken)[user_id='ApiService']
STAT. [05-12-2019 16:27:34:30] [ID=] end...api=SecurityServiceManager(GetAuthenticationToken)[user_id='ApiService']
STAT. [05-12-2019 16:27:34:30] [ID=] begin.api=API_MasterServiceManager(GetDokumentasiDetailJenisKegiatanListByIdDetailJenisKegiatan)[user_id='ApiService']
STAT. [05-12-2019 16:27:34:51] [ID=] end...api=API_MasterServiceManager(GetDokumentasiDetailJenisKegiatanListByIdDetailJenisKegiatan)[user_id='ApiService']
STAT. [05-12-2019 16:27:34:77] [ID=] end...api=API_MasterServiceManager(GetDokumentasiDetailJenisKegiatanListByIdDetailJenisKegiatan)[user_id='ApiService']
STAT. [05-12-2019 16:28:38:25] [ID=] begin.api=SecurityServiceManager(GetAuthenticationToken)[user_id='ApiService']
STAT. [05-12-2019 16:28:38:71] [ID=] end...api=SecurityServiceManager(GetAuthenticationToken)[user_id='ApiService']
STAT. [05-12-2019 16:28:38:71] [ID=] begin.api=API_MasterServiceManager(GetDetailJenisInformasiList)[user_id='ApiService']
STAT. [05-12-2019 16:28:39:18] [ID=] end...api=API_MasterServiceManager(GetDetailJenisInformasiList)[user_id='ApiService']
STAT. [05-12-2019 16:29:16:88] [ID=] begin.api=SecurityServiceManager(GetAuthenticationToken)[user_id='ApiService']
STAT. [05-12-2019 16:29:17:34] [ID=] end...api=SecurityServiceManager(GetAuthenticationToken)[user_id='ApiService']
STAT. [05-12-2019 16:29:17:34] [ID=] begin.api=API_MasterServiceManager(GetDetailJenisInformasiList)[user_id='ApiService']
STAT. [05-12-2019 16:29:17:91] [ID=] end...api=API_MasterServiceManager(GetDetailJenisInformasiList)[user_id='ApiService']
STAT. [05-12-2019 16:29:53:34] [ID=] begin.api=SecurityServiceManager(GetAuthenticationToken)[user_id='ApiService']
STAT. [05-12-2019 16:29:53:80] [ID=] end...api=SecurityServiceManager(GetAuthenticationToken)[user_id='ApiService']
STAT. [05-12-2019 16:29:53:80] [ID=] begin.api=API_MasterServiceManager(GetDetailJenisInformasiList)[user_id='ApiService']
STAT. [05-12-2019 16:29:54:28] [ID=] end...api=API_MasterServiceManager(GetDetailJenisInformasiList)[user_id='ApiService']
STAT. [05-12-2019 16:30:17:44] [ID=] begin.api=SecurityServiceManager(GetAuthenticationToken)[user_id='ApiService']
STAT. [05-12-2019 16:30:17:96] [ID=] end...api=SecurityServiceManager(GetAuthenticationToken)[user_id='ApiService']
STAT. [05-12-2019 16:30:17:96] [ID=] begin.api=API_MasterServiceManager(GetDetailJenisInformasiList)[user_id='ApiService']
STAT. [05-12-2019 16:30:18:67] [ID=] end...api=API_MasterServiceManager(GetDetailJenisInformasiList)[user_id='ApiService']
STAT. [05-12-2019 16:30:37:69] [ID=] begin.api=SecurityServiceManager(GetAuthenticationToken)[user_id='ApiService']
STAT. [05-12-2019 16:30:38:15] [ID=] end...api=SecurityServiceManager(GetAuthenticationToken)[user_id='ApiService']
STAT. [05-12-2019 16:30:38:15] [ID=] begin.api=API_MasterServiceManager(GetDetailJenisInformasiList)[user_id='ApiService']
STAT. [05-12-2019 16:30:38:62] [ID=] end...api=API_MasterServiceManager(GetDetailJenisInformasiList)[user_id='ApiService']
STAT. [05-12-2019 16:30:49:41] [ID=] begin.api=SecurityServiceManager(GetAuthenticationToken)[user_id='ApiService']
STAT. [05-12-2019 16:30:49:87] [ID=] end...api=SecurityServiceManager(GetAuthenticationToken)[user_id='ApiService']
STAT. [05-12-2019 16:30:49:87] [ID=] begin.api=API_MasterServiceManager(GetDetailJenisInformasiList)[user_id='ApiService']
STAT. [05-12-2019 16:30:50:34] [ID=] end...api=API_MasterServiceManager(GetDetailJenisInformasiList)[user_id='ApiService']
STAT. [05-12-2019 16:31:00:27] [ID=] begin.api=SecurityServiceManager(GetAuthenticationToken)[user_id='ApiService']
STAT. [05-12-2019 16:31:00:73] [ID=] end...api=SecurityServiceManager(GetAuthenticationToken)[user_id='ApiService']
STAT. [05-12-2019 16:31:00:73] [ID=] begin.api=API_MasterServiceManager(GetDetailJenisInformasiList)[user_id='ApiService']
STAT. [05-12-2019 16:31:01:21] [ID=] end...api=API_MasterServiceManager(GetDetailJenisInformasiList)[user_id='ApiService']
STAT. [05-12-2019 16:31:40:86] [ID=] begin.api=SecurityServiceManager(GetAuthenticationToken)[user_id='ApiService']
STAT. [05-12-2019 16:31:41:33] [ID=] end...api=SecurityServiceManager(GetAuthenticationToken)[user_id='ApiService']
STAT. [05-12-2019 16:31:41:33] [ID=] begin.api=API_MasterServiceManager(GetDetailJenisInformasiList)[user_id='ApiService']
STAT. [05-12-2019 16:31:41:85] [ID=] end...api=API_MasterServiceManager(GetDetailJenisInformasiList)[user_id='ApiService']
STAT. [05-12-2019 16:32:00:83] [ID=] begin.api=SecurityServiceManager(GetAuthenticationToken)[user_id='ApiService']
STAT. [05-12-2019 16:32:01:30] [ID=] end...api=SecurityServiceManager(GetAuthenticationToken)[user_id='ApiService']
STAT. [05-12-2019 16:32:01:30] [ID=] begin.api=API_MasterServiceManager(GetDetailJenisInformasiList)[user_id='ApiService']
STAT. [05-12-2019 16:32:01:77] [ID=] end...api=API_MasterServiceManager(GetDetailJenisInformasiList)[user_id='ApiService']
STAT. [05-12-2019 16:33:14:89] [ID=] begin.api=SecurityServiceManager(GetAuthenticationToken)[user_id='ApiService']
STAT. [05-12-2019 16:33:15:35] [ID=] end...api=SecurityServiceManager(GetAuthenticationToken)[user_id='ApiService']
STAT. [05-12-2019 16:33:15:35] [ID=] begin.api=API_MasterServiceManager(GetDetailJenisInformasiList)[user_id='ApiService']
STAT. [05-12-2019 16:33:15:86] [ID=] end...api=API_MasterServiceManager(GetDetailJenisInformasiList)[user_id='ApiService']
STAT. [05-12-2019 16:33:30:17] [ID=] begin.api=SecurityServiceManager(GetAuthenticationToken)[user_id='ApiService']
STAT. [05-12-2019 16:33:30:63] [ID=] end...api=SecurityServiceManager(GetAuthenticationToken)[user_id='ApiService']
STAT. [05-12-2019 16:33:30:63] [ID=] begin.api=API_MasterServiceManager(GetDetailJenisInformasiList)[user_id='ApiService']
STAT. [05-12-2019 16:33:31:17] [ID=] end...api=API_MasterServiceManager(GetDetailJenisInformasiList)[user_id='ApiService']
STAT. [05-12-2019 16:34:03:92] [ID=] begin.api=SecurityServiceManager(GetAuthenticationToken)[user_id='ApiService']
STAT. [05-12-2019 16:34:04:38] [ID=] end...api=SecurityServiceManager(GetAuthenticationToken)[user_id='ApiService']
STAT. [05-12-2019 16:34:04:38] [ID=] begin.api=API_MasterServiceManager(GetDetailJenisInformasiList)[user_id='ApiService']
STAT. [05-12-2019 16:34:04:85] [ID=] end...api=API_MasterServiceManager(GetDetailJenisInformasiList)[user_id='ApiService']
STAT. [05-12-2019 16:34:40:70] [ID=] begin.api=SecurityServiceManager(GetAuthenticationToken)[user_id='ApiService']
STAT. [05-12-2019 16:34:41:16] [ID=] end...api=SecurityServiceManager(GetAuthenticationToken)[user_id='ApiService']
STAT. [05-12-2019 16:34:41:16] [ID=] begin.api=API_MasterServiceManager(GetDetailJenisInformasiList)[user_id='ApiService']
STAT. [05-12-2019 16:34:41:63] [ID=] end...api=API_MasterServiceManager(GetDetailJenisInformasiList)[user_id='ApiService']
STAT. [05-12-2019 16:35:42:10] [ID=] begin.api=SecurityServiceManager(GetAuthenticationToken)[user_id='ApiService']
STAT. [05-12-2019 16:35:42:56] [ID=] end...api=SecurityServiceManager(GetAuthenticationToken)[user_id='ApiService']
STAT. [05-12-2019 16:35:42:57] [ID=] begin.api=API_MasterServiceManager(GetParameterFindBy)[user_id='ApiService']
STAT. [05-12-2019 16:35:43:08] [ID=] end...api=API_MasterServiceManager(GetParameterFindBy)[user_id='ApiService']
STAT. [05-12-2019 16:35:56:62] [ID=] begin.api=SecurityServiceManager(GetAuthenticationToken)[user_id='ApiService']
STAT. [05-12-2019 16:35:57:08] [ID=] end...api=SecurityServiceManager(GetAuthenticationToken)[user_id='ApiService']
STAT. [05-12-2019 16:35:57:09] [ID=] begin.api=SecurityServiceManager(GetUserApiFindBy)[user_id='ApiService']
STAT. [05-12-2019 16:35:57:60] [ID=] end...api=SecurityServiceManager(GetUserApiFindBy)[user_id='ApiService']
STAT. [05-12-2019 16:35:57:72] [ID=] begin.api=SecurityServiceManager(GetAuthenticationToken)[user_id='ApiService']
STAT. [05-12-2019 16:35:58:18] [ID=] end...api=SecurityServiceManager(GetAuthenticationToken)[user_id='ApiService']
STAT. [05-12-2019 16:35:58:18] [ID=] begin.api=SecurityServiceManager(GetUserFindBy)[user_id='ApiService']
STAT. [05-12-2019 16:35:58:70] [ID=] end...api=SecurityServiceManager(GetUserFindBy)[user_id='ApiService']
STAT. [05-12-2019 16:35:58:80] [ID=] begin.api=SecurityServiceManager(GetAuthenticationToken)[user_id='ApiService']
STAT. [05-12-2019 16:35:59:28] [ID=] end...api=SecurityServiceManager(GetAuthenticationToken)[user_id='ApiService']
STAT. [05-12-2019 16:35:59:28] [ID=] begin.api=SecurityServiceManager(InsertHistoricalUserLogin)[user_id='ApiService']
STAT. [05-12-2019 16:35:59:53] [ID=] end...api=SecurityServiceManager(InsertHistoricalUserLogin)[user_id='ApiService']
STAT. [05-12-2019 16:36:00:50] [ID=] begin.api=SecurityServiceManager(GetAuthenticationToken)[user_id='ApiService']
STAT. [05-12-2019 16:36:00:98] [ID=] end...api=SecurityServiceManager(GetAuthenticationToken)[user_id='ApiService']
STAT. [05-12-2019 16:36:00:98] [ID=] begin.api=API_MasterServiceManager(GetSlideShowList)[user_id='ApiService']
STAT. [05-12-2019 16:36:01:46] [ID=] end...api=API_MasterServiceManager(GetSlideShowList)[user_id='ApiService']
STAT. [05-12-2019 16:36:01:49] [ID=] begin.api=SecurityServiceManager(GetAuthenticationToken)[user_id='ApiService']
STAT. [05-12-2019 16:36:01:96] [ID=] end...api=SecurityServiceManager(GetAuthenticationToken)[user_id='ApiService']
STAT. [05-12-2019 16:36:01:96] [ID=] begin.api=API_MasterServiceManager(GetSlideShowList)[user_id='ApiService']
STAT. [05-12-2019 16:36:02:42] [ID=] end...api=API_MasterServiceManager(GetSlideShowList)[user_id='ApiService']
STAT. [05-12-2019 16:36:03:53] [ID=] begin.api=SecurityServiceManager(GetAuthenticationToken)[user_id='ApiService']
STAT. [05-12-2019 16:36:03:99] [ID=] end...api=SecurityServiceManager(GetAuthenticationToken)[user_id='ApiService']
STAT. [05-12-2019 16:36:03:99] [ID=] begin.api=API_MasterServiceManager(GetParameterFindBy)[user_id='ApiService']
STAT. [05-12-2019 16:36:04:46] [ID=] end...api=API_MasterServiceManager(GetParameterFindBy)[user_id='ApiService']
STAT. [05-12-2019 16:36:04:49] [ID=] begin.api=SecurityServiceManager(GetAuthenticationToken)[user_id='ApiService']
STAT. [05-12-2019 16:36:04:95] [ID=] end...api=SecurityServiceManager(GetAuthenticationToken)[user_id='ApiService']
STAT. [05-12-2019 16:36:04:96] [ID=] begin.api=API_MasterServiceManager(GetDetailJenisInformasiNewest)[user_id='ApiService']
STAT. [05-12-2019 16:36:05:44] [ID=] end...api=API_MasterServiceManager(GetDetailJenisInformasiNewest)[user_id='ApiService']
STAT. [05-12-2019 16:36:05:81] [ID=] begin.api=SecurityServiceManager(GetAuthenticationToken)[user_id='ApiService']
STAT. [05-12-2019 16:36:06:27] [ID=] end...api=SecurityServiceManager(GetAuthenticationToken)[user_id='ApiService']
STAT. [05-12-2019 16:36:06:27] [ID=] begin.api=SecurityServiceManager(GetMenuAccessRight)[user_id='ApiService']
STAT. [05-12-2019 16:36:06:81] [ID=] end...api=SecurityServiceManager(GetMenuAccessRight)[user_id='ApiService']
STAT. [05-12-2019 16:36:08:07] [ID=] begin.api=SecurityServiceManager(GetAuthenticationToken)[user_id='ApiService']
STAT. [05-12-2019 16:36:08:53] [ID=] end...api=SecurityServiceManager(GetAuthenticationToken)[user_id='ApiService']
STAT. [05-12-2019 16:36:08:54] [ID=] begin.api=API_MasterServiceManager(GetAppointmentDiarySelectByTitle)[user_id='ApiService']
STAT. [05-12-2019 16:36:09:04] [ID=] end...api=API_MasterServiceManager(GetAppointmentDiarySelectByTitle)[user_id='ApiService']
STAT. [05-12-2019 16:36:11:44] [ID=] begin.api=SecurityServiceManager(GetAuthenticationToken)[user_id='ApiService']
STAT. [05-12-2019 16:36:11:91] [ID=] end...api=SecurityServiceManager(GetAuthenticationToken)[user_id='ApiService']
STAT. [05-12-2019 16:36:11:92] [ID=] begin.api=API_MasterServiceManager(GetJenisInformasiList)[user_id='ApiService']
STAT. [05-12-2019 16:36:12:39] [ID=] end...api=API_MasterServiceManager(GetJenisInformasiList)[user_id='ApiService']
STAT. [05-12-2019 16:36:13:01] [ID=] begin.api=SecurityServiceManager(GetAuthenticationToken)[user_id='ApiService']
STAT. [05-12-2019 16:36:13:47] [ID=] end...api=SecurityServiceManager(GetAuthenticationToken)[user_id='ApiService']
STAT. [05-12-2019 16:36:13:47] [ID=] begin.api=API_MasterServiceManager(GetParameterFindBy)[user_id='ApiService']
STAT. [05-12-2019 16:36:13:93] [ID=] end...api=API_MasterServiceManager(GetParameterFindBy)[user_id='ApiService']
STAT. [05-12-2019 16:36:13:94] [ID=] begin.api=SecurityServiceManager(GetAuthenticationToken)[user_id='ApiService']
STAT. [05-12-2019 16:36:14:40] [ID=] end...api=SecurityServiceManager(GetAuthenticationToken)[user_id='ApiService']
STAT. [05-12-2019 16:36:14:40] [ID=] begin.api=API_MasterServiceManager(GetDetailJenisInformasiNewest)[user_id='ApiService']
STAT. [05-12-2019 16:36:14:88] [ID=] end...api=API_MasterServiceManager(GetDetailJenisInformasiNewest)[user_id='ApiService']
STAT. [05-12-2019 16:37:13:50] [ID=] begin.api=SecurityServiceManager(GetAuthenticationToken)[user_id='ApiService']
STAT. [05-12-2019 16:37:13:96] [ID=] end...api=SecurityServiceManager(GetAuthenticationToken)[user_id='ApiService']
STAT. [05-12-2019 16:37:13:96] [ID=] begin.api=API_MasterServiceManager(GetJenisInformasiList)[user_id='ApiService']
STAT. [05-12-2019 16:37:14:43] [ID=] end...api=API_MasterServiceManager(GetJenisInformasiList)[user_id='ApiService']
STAT. [05-12-2019 16:37:21:25] [ID=] begin.api=SecurityServiceManager(GetAuthenticationToken)[user_id='ApiService']
STAT. [05-12-2019 16:37:21:71] [ID=] end...api=SecurityServiceManager(GetAuthenticationToken)[user_id='ApiService']
STAT. [05-12-2019 16:37:21:71] [ID=] begin.api=API_MasterServiceManager(GetParameterFindBy)[user_id='ApiService']
STAT. [05-12-2019 16:37:22:18] [ID=] end...api=API_MasterServiceManager(GetParameterFindBy)[user_id='ApiService']
STAT. [05-12-2019 16:37:22:20] [ID=] begin.api=SecurityServiceManager(GetAuthenticationToken)[user_id='ApiService']
STAT. [05-12-2019 16:37:22:66] [ID=] end...api=SecurityServiceManager(GetAuthenticationToken)[user_id='ApiService']
STAT. [05-12-2019 16:37:22:66] [ID=] begin.api=API_MasterServiceManager(GetDetailJenisInformasiNewest)[user_id='ApiService']
STAT. [05-12-2019 16:37:23:12] [ID=] end...api=API_MasterServiceManager(GetDetailJenisInformasiNewest)[user_id='ApiService']
STAT. [05-12-2019 16:38:35:99] [ID=] begin.api=SecurityServiceManager(GetAuthenticationToken)[user_id='ApiService']
STAT. [05-12-2019 16:38:36:45] [ID=] end...api=SecurityServiceManager(GetAuthenticationToken)[user_id='ApiService']
STAT. [05-12-2019 16:38:36:45] [ID=] begin.api=API_MasterServiceManager(GetDetailJenisInformasiList)[user_id='ApiService']
STAT. [05-12-2019 16:38:36:92] [ID=] end...api=API_MasterServiceManager(GetDetailJenisInformasiList)[user_id='ApiService']
STAT. [05-12-2019 16:39:15:39] [ID=] begin.api=SecurityServiceManager(GetAuthenticationToken)[user_id='ApiService']
STAT. [05-12-2019 16:39:15:86] [ID=] end...api=SecurityServiceManager(GetAuthenticationToken)[user_id='ApiService']
STAT. [05-12-2019 16:39:15:86] [ID=] begin.api=API_MasterServiceManager(GetDetailJenisInformasiList)[user_id='ApiService']
STAT. [05-12-2019 16:39:16:36] [ID=] end...api=API_MasterServiceManager(GetDetailJenisInformasiList)[user_id='ApiService']
STAT. [05-12-2019 16:40:42:37] [ID=] begin.api=SecurityServiceManager(GetAuthenticationToken)[user_id='ApiService']
STAT. [05-12-2019 16:40:42:83] [ID=] end...api=SecurityServiceManager(GetAuthenticationToken)[user_id='ApiService']
STAT. [05-12-2019 16:40:42:83] [ID=] begin.api=API_MasterServiceManager(GetDetailJenisInformasiList)[user_id='ApiService']
STAT. [05-12-2019 16:40:43:30] [ID=] end...api=API_MasterServiceManager(GetDetailJenisInformasiList)[user_id='ApiService']
