STAT. [09-12-2019 09:39:49:28] [ID=] begin.api=SecurityServiceManager(GetAuthenticationToken)[user_id='ApiService']
STAT. [09-12-2019 09:39:51:79] [ID=] end...api=SecurityServiceManager(GetAuthenticationToken)[user_id='ApiService']
STAT. [09-12-2019 09:39:51:79] [ID=] begin.api=API_MasterServiceManager(GetRwByKodeRt)[user_id='ApiService']
STAT. [09-12-2019 09:39:52:50] [ID=] end...api=API_MasterServiceManager(GetRwByKodeRt)[user_id='ApiService']
STAT. [09-12-2019 09:39:52:91] [ID=] begin.api=SecurityServiceManager(GetAuthenticationToken)[user_id='ApiService']
STAT. [09-12-2019 09:39:53:37] [ID=] end...api=SecurityServiceManager(GetAuthenticationToken)[user_id='ApiService']
STAT. [09-12-2019 09:39:53:37] [ID=] begin.api=API_MasterServiceManager(GetTestimoniByIdRw)[user_id='ApiService']
STAT. [09-12-2019 09:39:53:85] [ID=] end...api=API_MasterServiceManager(GetTestimoniByIdRw)[user_id='ApiService']
STAT. [09-12-2019 09:40:07:09] [ID=] begin.api=SecurityServiceManager(GetAuthenticationToken)[user_id='ApiService']
STAT. [09-12-2019 09:40:07:56] [ID=] end...api=SecurityServiceManager(GetAuthenticationToken)[user_id='ApiService']
STAT. [09-12-2019 09:40:07:56] [ID=] begin.api=API_MasterServiceManager(GetParameterFindBy)[user_id='ApiService']
STAT. [09-12-2019 09:40:08:08] [ID=] end...api=API_MasterServiceManager(GetParameterFindBy)[user_id='ApiService']
STAT. [09-12-2019 09:41:21:73] [ID=] begin.api=SecurityServiceManager(GetAuthenticationToken)[user_id='ApiService']
STAT. [09-12-2019 09:41:22:20] [ID=] end...api=SecurityServiceManager(GetAuthenticationToken)[user_id='ApiService']
STAT. [09-12-2019 09:41:22:20] [ID=] begin.api=API_MasterServiceManager(GetParameterFindBy)[user_id='ApiService']
STAT. [09-12-2019 09:41:22:66] [ID=] end...api=API_MasterServiceManager(GetParameterFindBy)[user_id='ApiService']
STAT. [09-12-2019 09:41:41:53] [ID=] begin.api=SecurityServiceManager(GetAuthenticationToken)[user_id='ApiService']
STAT. [09-12-2019 09:41:41:98] [ID=] end...api=SecurityServiceManager(GetAuthenticationToken)[user_id='ApiService']
STAT. [09-12-2019 09:41:41:98] [ID=] begin.api=API_MasterServiceManager(GetParameterFindBy)[user_id='ApiService']
STAT. [09-12-2019 09:41:42:44] [ID=] end...api=API_MasterServiceManager(GetParameterFindBy)[user_id='ApiService']
STAT. [09-12-2019 09:41:48:26] [ID=] begin.api=SecurityServiceManager(GetAuthenticationToken)[user_id='ApiService']
STAT. [09-12-2019 09:41:48:74] [ID=] end...api=SecurityServiceManager(GetAuthenticationToken)[user_id='ApiService']
STAT. [09-12-2019 09:41:48:74] [ID=] begin.api=API_MasterServiceManager(GetBiodataByNik)[user_id='ApiService']
STAT. [09-12-2019 09:41:49:20] [ID=] end...api=API_MasterServiceManager(GetBiodataByNik)[user_id='ApiService']
STAT. [09-12-2019 09:41:54:35] [ID=] begin.api=SecurityServiceManager(GetAuthenticationToken)[user_id='ApiService']
STAT. [09-12-2019 09:41:54:80] [ID=] end...api=SecurityServiceManager(GetAuthenticationToken)[user_id='ApiService']
STAT. [09-12-2019 09:41:54:80] [ID=] begin.api=API_MasterServiceManager(GetRtByIdRw)[user_id='ApiService']
STAT. [09-12-2019 09:41:55:27] [ID=] end...api=API_MasterServiceManager(GetRtByIdRw)[user_id='ApiService']
STAT. [09-12-2019 09:42:14:33] [ID=] begin.api=SecurityServiceManager(GetAuthenticationToken)[user_id='ApiService']
STAT. [09-12-2019 09:42:14:79] [ID=] end...api=SecurityServiceManager(GetAuthenticationToken)[user_id='ApiService']
STAT. [09-12-2019 09:42:14:79] [ID=] begin.api=API_MasterServiceManager(SpGetDetailJenisInformasiByIdRw)[user_id='ApiService']
STAT. [09-12-2019 09:42:15:28] [ID=] end...api=API_MasterServiceManager(SpGetDetailJenisInformasiByIdRw)[user_id='ApiService']
STAT. [09-12-2019 09:42:18:41] [ID=] begin.api=SecurityServiceManager(GetAuthenticationToken)[user_id='ApiService']
STAT. [09-12-2019 09:42:18:87] [ID=] end...api=SecurityServiceManager(GetAuthenticationToken)[user_id='ApiService']
STAT. [09-12-2019 09:42:18:87] [ID=] begin.api=API_MasterServiceManager(GetRtByIdRw)[user_id='ApiService']
STAT. [09-12-2019 09:42:19:33] [ID=] end...api=API_MasterServiceManager(GetRtByIdRw)[user_id='ApiService']
STAT. [09-12-2019 09:42:22:21] [ID=] begin.api=SecurityServiceManager(GetAuthenticationToken)[user_id='ApiService']
STAT. [09-12-2019 09:42:22:66] [ID=] end...api=SecurityServiceManager(GetAuthenticationToken)[user_id='ApiService']
STAT. [09-12-2019 09:42:22:66] [ID=] begin.api=API_MasterServiceManager(GetRtByIdRw)[user_id='ApiService']
STAT. [09-12-2019 09:42:23:12] [ID=] end...api=API_MasterServiceManager(GetRtByIdRw)[user_id='ApiService']
STAT. [09-12-2019 09:42:44:41] [ID=] begin.api=SecurityServiceManager(GetAuthenticationToken)[user_id='ApiService']
STAT. [09-12-2019 09:42:44:87] [ID=] end...api=SecurityServiceManager(GetAuthenticationToken)[user_id='ApiService']
STAT. [09-12-2019 09:42:44:87] [ID=] begin.api=API_MasterServiceManager(GetDokumentasiDetailJenisKegiatanListByIdDetailJenisKegiatan)[user_id='ApiService']
STAT. [09-12-2019 09:42:45:36] [ID=] end...api=API_MasterServiceManager(GetDokumentasiDetailJenisKegiatanListByIdDetailJenisKegiatan)[user_id='ApiService']
STAT. [09-12-2019 09:42:54:19] [ID=] begin.api=SecurityServiceManager(GetAuthenticationToken)[user_id='ApiService']
STAT. [09-12-2019 09:42:54:65] [ID=] end...api=SecurityServiceManager(GetAuthenticationToken)[user_id='ApiService']
STAT. [09-12-2019 09:42:54:65] [ID=] begin.api=API_MasterServiceManager(GetBiodataByNik)[user_id='ApiService']
STAT. [09-12-2019 09:42:55:11] [ID=] end...api=API_MasterServiceManager(GetBiodataByNik)[user_id='ApiService']
STAT. [09-12-2019 09:42:59:11] [ID=] begin.api=SecurityServiceManager(GetAuthenticationToken)[user_id='ApiService']
STAT. [09-12-2019 09:42:59:57] [ID=] end...api=SecurityServiceManager(GetAuthenticationToken)[user_id='ApiService']
STAT. [09-12-2019 09:42:59:57] [ID=] begin.api=API_MasterServiceManager(GetRtByIdRw)[user_id='ApiService']
STAT. [09-12-2019 09:43:00:03] [ID=] end...api=API_MasterServiceManager(GetRtByIdRw)[user_id='ApiService']
STAT. [09-12-2019 10:01:44:58] [ID=] begin.api=SecurityServiceManager(GetAuthenticationToken)[user_id='ApiService']
STAT. [09-12-2019 10:01:46:89] [ID=] end...api=SecurityServiceManager(GetAuthenticationToken)[user_id='ApiService']
STAT. [09-12-2019 10:01:50:39] [ID=] begin.api=API_MasterServiceManager(GetRwByKodeRt)[user_id='ApiService']
STAT. [09-12-2019 10:02:12:82] [ID=] end...api=API_MasterServiceManager(GetRwByKodeRt)[user_id='ApiService']
STAT. [09-12-2019 10:02:13:11] [ID=] begin.api=SecurityServiceManager(GetAuthenticationToken)[user_id='ApiService']
STAT. [09-12-2019 10:02:13:57] [ID=] end...api=SecurityServiceManager(GetAuthenticationToken)[user_id='ApiService']
STAT. [09-12-2019 10:02:13:57] [ID=] begin.api=API_MasterServiceManager(GetTestimoniByIdRw)[user_id='ApiService']
STAT. [09-12-2019 10:02:14:05] [ID=] end...api=API_MasterServiceManager(GetTestimoniByIdRw)[user_id='ApiService']
STAT. [09-12-2019 10:02:17:21] [ID=] begin.api=SecurityServiceManager(GetAuthenticationToken)[user_id='ApiService']
STAT. [09-12-2019 10:02:17:67] [ID=] end...api=SecurityServiceManager(GetAuthenticationToken)[user_id='ApiService']
STAT. [09-12-2019 10:02:17:67] [ID=] begin.api=API_MasterServiceManager(GetRtByIdRw)[user_id='ApiService']
STAT. [09-12-2019 10:02:18:13] [ID=] end...api=API_MasterServiceManager(GetRtByIdRw)[user_id='ApiService']
STAT. [09-12-2019 10:02:57:94] [ID=] begin.api=SecurityServiceManager(GetAuthenticationToken)[user_id='ApiService']
STAT. [09-12-2019 10:02:58:40] [ID=] end...api=SecurityServiceManager(GetAuthenticationToken)[user_id='ApiService']
STAT. [09-12-2019 10:02:58:40] [ID=] begin.api=API_MasterServiceManager(GetRtByIdRw)[user_id='ApiService']
STAT. [09-12-2019 10:02:58:85] [ID=] end...api=API_MasterServiceManager(GetRtByIdRw)[user_id='ApiService']
STAT. [09-12-2019 10:03:29:73] [ID=] begin.api=SecurityServiceManager(GetAuthenticationToken)[user_id='ApiService']
STAT. [09-12-2019 10:03:30:19] [ID=] end...api=SecurityServiceManager(GetAuthenticationToken)[user_id='ApiService']
STAT. [09-12-2019 10:03:30:19] [ID=] begin.api=API_MasterServiceManager(GetRtByIdRw)[user_id='ApiService']
STAT. [09-12-2019 10:03:30:65] [ID=] end...api=API_MasterServiceManager(GetRtByIdRw)[user_id='ApiService']
STAT. [09-12-2019 10:04:04:64] [ID=] begin.api=SecurityServiceManager(GetAuthenticationToken)[user_id='ApiService']
STAT. [09-12-2019 10:04:05:11] [ID=] end...api=SecurityServiceManager(GetAuthenticationToken)[user_id='ApiService']
STAT. [09-12-2019 10:04:12:60] [ID=] begin.api=API_MasterServiceManager(GetRtByIdRw)[user_id='ApiService']
STAT. [09-12-2019 10:04:44:53] [ID=] end...api=API_MasterServiceManager(GetRtByIdRw)[user_id='ApiService']
STAT. [09-12-2019 10:05:21:34] [ID=] begin.api=SecurityServiceManager(GetAuthenticationToken)[user_id='ApiService']
STAT. [09-12-2019 10:05:21:81] [ID=] end...api=SecurityServiceManager(GetAuthenticationToken)[user_id='ApiService']
STAT. [09-12-2019 10:05:21:81] [ID=] begin.api=API_MasterServiceManager(GetRwByKodeRt)[user_id='ApiService']
STAT. [09-12-2019 10:05:22:91] [ID=] end...api=API_MasterServiceManager(GetRwByKodeRt)[user_id='ApiService']
STAT. [09-12-2019 10:05:22:92] [ID=] begin.api=SecurityServiceManager(GetAuthenticationToken)[user_id='ApiService']
STAT. [09-12-2019 10:05:23:37] [ID=] end...api=SecurityServiceManager(GetAuthenticationToken)[user_id='ApiService']
STAT. [09-12-2019 10:05:23:37] [ID=] begin.api=API_MasterServiceManager(GetTestimoniByIdRw)[user_id='ApiService']
STAT. [09-12-2019 10:05:23:84] [ID=] end...api=API_MasterServiceManager(GetTestimoniByIdRw)[user_id='ApiService']
STAT. [09-12-2019 10:05:28:08] [ID=] begin.api=SecurityServiceManager(GetAuthenticationToken)[user_id='ApiService']
STAT. [09-12-2019 10:05:28:55] [ID=] end...api=SecurityServiceManager(GetAuthenticationToken)[user_id='ApiService']
STAT. [09-12-2019 10:05:28:55] [ID=] begin.api=API_MasterServiceManager(GetRtByIdRw)[user_id='ApiService']
STAT. [09-12-2019 10:05:29:01] [ID=] end...api=API_MasterServiceManager(GetRtByIdRw)[user_id='ApiService']
STAT. [09-12-2019 10:05:36:63] [ID=] begin.api=SecurityServiceManager(GetAuthenticationToken)[user_id='ApiService']
STAT. [09-12-2019 10:05:37:08] [ID=] end...api=SecurityServiceManager(GetAuthenticationToken)[user_id='ApiService']
STAT. [09-12-2019 10:05:37:08] [ID=] begin.api=API_MasterServiceManager(SpGetDetailJenisInformasiByIdRw)[user_id='ApiService']
STAT. [09-12-2019 10:05:37:56] [ID=] end...api=API_MasterServiceManager(SpGetDetailJenisInformasiByIdRw)[user_id='ApiService']
STAT. [09-12-2019 10:05:41:09] [ID=] begin.api=SecurityServiceManager(GetAuthenticationToken)[user_id='ApiService']
STAT. [09-12-2019 10:05:41:55] [ID=] end...api=SecurityServiceManager(GetAuthenticationToken)[user_id='ApiService']
STAT. [09-12-2019 10:05:41:55] [ID=] begin.api=API_MasterServiceManager(GetDokumentasiDetailJenisKegiatanListByIdDetailJenisKegiatan)[user_id='ApiService']
STAT. [09-12-2019 10:05:42:02] [ID=] end...api=API_MasterServiceManager(GetDokumentasiDetailJenisKegiatanListByIdDetailJenisKegiatan)[user_id='ApiService']
STAT. [09-12-2019 10:05:43:97] [ID=] begin.api=SecurityServiceManager(GetAuthenticationToken)[user_id='ApiService']
STAT. [09-12-2019 10:05:44:42] [ID=] end...api=SecurityServiceManager(GetAuthenticationToken)[user_id='ApiService']
STAT. [09-12-2019 10:05:44:43] [ID=] begin.api=API_MasterServiceManager(GetBiodataByNik)[user_id='ApiService']
STAT. [09-12-2019 10:05:44:88] [ID=] end...api=API_MasterServiceManager(GetBiodataByNik)[user_id='ApiService']
STAT. [09-12-2019 10:05:45:90] [ID=] begin.api=SecurityServiceManager(GetAuthenticationToken)[user_id='ApiService']
STAT. [09-12-2019 10:05:46:35] [ID=] end...api=SecurityServiceManager(GetAuthenticationToken)[user_id='ApiService']
STAT. [09-12-2019 10:05:46:35] [ID=] begin.api=API_MasterServiceManager(SpGetDetailJenisInformasiByIdRw)[user_id='ApiService']
STAT. [09-12-2019 10:05:46:81] [ID=] end...api=API_MasterServiceManager(SpGetDetailJenisInformasiByIdRw)[user_id='ApiService']
STAT. [09-12-2019 10:05:49:93] [ID=] begin.api=SecurityServiceManager(GetAuthenticationToken)[user_id='ApiService']
STAT. [09-12-2019 10:05:50:39] [ID=] end...api=SecurityServiceManager(GetAuthenticationToken)[user_id='ApiService']
STAT. [09-12-2019 10:05:50:39] [ID=] begin.api=API_MasterServiceManager(GetParameterFindBy)[user_id='ApiService']
STAT. [09-12-2019 10:05:50:85] [ID=] end...api=API_MasterServiceManager(GetParameterFindBy)[user_id='ApiService']
STAT. [09-12-2019 10:24:26:06] [ID=] begin.api=SecurityServiceManager(GetAuthenticationToken)[user_id='ApiService']
STAT. [09-12-2019 10:24:28:16] [ID=] end...api=SecurityServiceManager(GetAuthenticationToken)[user_id='ApiService']
STAT. [09-12-2019 10:24:28:16] [ID=] begin.api=API_MasterServiceManager(GetRwByKodeRt)[user_id='ApiService']
STAT. [09-12-2019 10:24:28:71] [ID=] end...api=API_MasterServiceManager(GetRwByKodeRt)[user_id='ApiService']
STAT. [09-12-2019 10:24:28:95] [ID=] begin.api=SecurityServiceManager(GetAuthenticationToken)[user_id='ApiService']
STAT. [09-12-2019 10:24:29:40] [ID=] end...api=SecurityServiceManager(GetAuthenticationToken)[user_id='ApiService']
STAT. [09-12-2019 10:24:29:40] [ID=] begin.api=API_MasterServiceManager(GetTestimoniByIdRw)[user_id='ApiService']
STAT. [09-12-2019 10:24:29:89] [ID=] end...api=API_MasterServiceManager(GetTestimoniByIdRw)[user_id='ApiService']
STAT. [09-12-2019 10:24:39:24] [ID=] begin.api=SecurityServiceManager(GetAuthenticationToken)[user_id='ApiService']
STAT. [09-12-2019 10:24:39:70] [ID=] end...api=SecurityServiceManager(GetAuthenticationToken)[user_id='ApiService']
STAT. [09-12-2019 10:24:39:70] [ID=] begin.api=API_MasterServiceManager(GetParameterFindBy)[user_id='ApiService']
STAT. [09-12-2019 10:24:40:17] [ID=] end...api=API_MasterServiceManager(GetParameterFindBy)[user_id='ApiService']
STAT. [09-12-2019 10:24:46:00] [ID=] begin.api=SecurityServiceManager(GetAuthenticationToken)[user_id='ApiService']
STAT. [09-12-2019 10:24:46:46] [ID=] end...api=SecurityServiceManager(GetAuthenticationToken)[user_id='ApiService']
STAT. [09-12-2019 10:24:46:46] [ID=] begin.api=SecurityServiceManager(GetUserApiFindBy)[user_id='ApiService']
STAT. [09-12-2019 10:24:46:95] [ID=] end...api=SecurityServiceManager(GetUserApiFindBy)[user_id='ApiService']
STAT. [09-12-2019 10:24:46:97] [ID=] begin.api=SecurityServiceManager(GetAuthenticationToken)[user_id='ApiService']
STAT. [09-12-2019 10:24:47:43] [ID=] end...api=SecurityServiceManager(GetAuthenticationToken)[user_id='ApiService']
STAT. [09-12-2019 10:24:47:43] [ID=] begin.api=SecurityServiceManager(GetUserFindBy)[user_id='ApiService']
STAT. [09-12-2019 10:24:47:90] [ID=] end...api=SecurityServiceManager(GetUserFindBy)[user_id='ApiService']
STAT. [09-12-2019 10:24:47:93] [ID=] begin.api=SecurityServiceManager(GetAuthenticationToken)[user_id='ApiService']
STAT. [09-12-2019 10:24:48:39] [ID=] end...api=SecurityServiceManager(GetAuthenticationToken)[user_id='ApiService']
STAT. [09-12-2019 10:24:48:39] [ID=] begin.api=SecurityServiceManager(InsertHistoricalUserLogin)[user_id='ApiService']
STAT. [09-12-2019 10:24:48:68] [ID=] end...api=SecurityServiceManager(InsertHistoricalUserLogin)[user_id='ApiService']
STAT. [09-12-2019 10:24:52:34] [ID=] begin.api=SecurityServiceManager(GetAuthenticationToken)[user_id='ApiService']
STAT. [09-12-2019 10:24:52:80] [ID=] end...api=SecurityServiceManager(GetAuthenticationToken)[user_id='ApiService']
STAT. [09-12-2019 10:24:52:80] [ID=] begin.api=API_MasterServiceManager(GetSlideShowList)[user_id='ApiService']
STAT. [09-12-2019 10:24:53:27] [ID=] end...api=API_MasterServiceManager(GetSlideShowList)[user_id='ApiService']
STAT. [09-12-2019 10:24:53:30] [ID=] begin.api=SecurityServiceManager(GetAuthenticationToken)[user_id='ApiService']
STAT. [09-12-2019 10:24:53:75] [ID=] end...api=SecurityServiceManager(GetAuthenticationToken)[user_id='ApiService']
STAT. [09-12-2019 10:24:53:75] [ID=] begin.api=API_MasterServiceManager(GetSlideShowList)[user_id='ApiService']
STAT. [09-12-2019 10:24:54:21] [ID=] end...api=API_MasterServiceManager(GetSlideShowList)[user_id='ApiService']
STAT. [09-12-2019 10:24:54:80] [ID=] begin.api=SecurityServiceManager(GetAuthenticationToken)[user_id='ApiService']
STAT. [09-12-2019 10:24:55:25] [ID=] end...api=SecurityServiceManager(GetAuthenticationToken)[user_id='ApiService']
STAT. [09-12-2019 10:24:55:26] [ID=] begin.api=API_MasterServiceManager(GetParameterFindBy)[user_id='ApiService']
STAT. [09-12-2019 10:24:55:71] [ID=] end...api=API_MasterServiceManager(GetParameterFindBy)[user_id='ApiService']
STAT. [09-12-2019 10:24:55:73] [ID=] begin.api=SecurityServiceManager(GetAuthenticationToken)[user_id='ApiService']
STAT. [09-12-2019 10:24:56:19] [ID=] end...api=SecurityServiceManager(GetAuthenticationToken)[user_id='ApiService']
STAT. [09-12-2019 10:24:56:19] [ID=] begin.api=API_MasterServiceManager(GetDetailJenisInformasiNewest)[user_id='ApiService']
STAT. [09-12-2019 10:24:56:66] [ID=] end...api=API_MasterServiceManager(GetDetailJenisInformasiNewest)[user_id='ApiService']
STAT. [09-12-2019 10:24:56:79] [ID=] begin.api=SecurityServiceManager(GetAuthenticationToken)[user_id='ApiService']
STAT. [09-12-2019 10:24:57:25] [ID=] end...api=SecurityServiceManager(GetAuthenticationToken)[user_id='ApiService']
STAT. [09-12-2019 10:24:57:25] [ID=] begin.api=SecurityServiceManager(GetMenuAccessRight)[user_id='ApiService']
STAT. [09-12-2019 10:24:57:75] [ID=] end...api=SecurityServiceManager(GetMenuAccessRight)[user_id='ApiService']
STAT. [09-12-2019 10:24:58:53] [ID=] begin.api=SecurityServiceManager(GetAuthenticationToken)[user_id='ApiService']
STAT. [09-12-2019 10:24:58:99] [ID=] end...api=SecurityServiceManager(GetAuthenticationToken)[user_id='ApiService']
STAT. [09-12-2019 10:24:58:99] [ID=] begin.api=API_MasterServiceManager(GetAppointmentDiarySelectByTitle)[user_id='ApiService']
STAT. [09-12-2019 10:24:59:47] [ID=] end...api=API_MasterServiceManager(GetAppointmentDiarySelectByTitle)[user_id='ApiService']
STAT. [09-12-2019 10:28:17:52] [ID=] begin.api=SecurityServiceManager(GetAuthenticationToken)[user_id='ApiService']
STAT. [09-12-2019 10:28:17:98] [ID=] end...api=SecurityServiceManager(GetAuthenticationToken)[user_id='ApiService']
STAT. [09-12-2019 10:28:17:98] [ID=] begin.api=API_MasterServiceManager(GetSlideShowList)[user_id='ApiService']
STAT. [09-12-2019 10:28:18:46] [ID=] end...api=API_MasterServiceManager(GetSlideShowList)[user_id='ApiService']
STAT. [09-12-2019 10:28:18:47] [ID=] begin.api=SecurityServiceManager(GetAuthenticationToken)[user_id='ApiService']
STAT. [09-12-2019 10:28:18:92] [ID=] end...api=SecurityServiceManager(GetAuthenticationToken)[user_id='ApiService']
STAT. [09-12-2019 10:28:18:92] [ID=] begin.api=API_MasterServiceManager(GetSlideShowList)[user_id='ApiService']
STAT. [09-12-2019 10:28:19:38] [ID=] end...api=API_MasterServiceManager(GetSlideShowList)[user_id='ApiService']
STAT. [09-12-2019 10:28:23:71] [ID=] begin.api=SecurityServiceManager(GetAuthenticationToken)[user_id='ApiService']
STAT. [09-12-2019 10:28:24:17] [ID=] end...api=SecurityServiceManager(GetAuthenticationToken)[user_id='ApiService']
STAT. [09-12-2019 10:28:24:17] [ID=] begin.api=API_MasterServiceManager(GetParameterFindBy)[user_id='ApiService']
STAT. [09-12-2019 10:28:24:63] [ID=] end...api=API_MasterServiceManager(GetParameterFindBy)[user_id='ApiService']
STAT. [09-12-2019 10:28:24:64] [ID=] begin.api=SecurityServiceManager(GetAuthenticationToken)[user_id='ApiService']
STAT. [09-12-2019 10:28:25:10] [ID=] end...api=SecurityServiceManager(GetAuthenticationToken)[user_id='ApiService']
STAT. [09-12-2019 10:28:25:10] [ID=] begin.api=API_MasterServiceManager(GetDetailJenisInformasiNewest)[user_id='ApiService']
STAT. [09-12-2019 10:28:25:57] [ID=] end...api=API_MasterServiceManager(GetDetailJenisInformasiNewest)[user_id='ApiService']
STAT. [09-12-2019 10:28:25:76] [ID=] begin.api=SecurityServiceManager(GetAuthenticationToken)[user_id='ApiService']
STAT. [09-12-2019 10:28:26:21] [ID=] end...api=SecurityServiceManager(GetAuthenticationToken)[user_id='ApiService']
STAT. [09-12-2019 10:28:26:21] [ID=] begin.api=API_MasterServiceManager(GetAppointmentDiarySelectByTitle)[user_id='ApiService']
STAT. [09-12-2019 10:28:26:68] [ID=] end...api=API_MasterServiceManager(GetAppointmentDiarySelectByTitle)[user_id='ApiService']
STAT. [09-12-2019 10:29:01:02] [ID=] begin.api=SecurityServiceManager(GetAuthenticationToken)[user_id='ApiService']
STAT. [09-12-2019 10:29:01:48] [ID=] end...api=SecurityServiceManager(GetAuthenticationToken)[user_id='ApiService']
STAT. [09-12-2019 10:29:01:48] [ID=] begin.api=API_MasterServiceManager(GetSlideShowList)[user_id='ApiService']
STAT. [09-12-2019 10:29:01:96] [ID=] end...api=API_MasterServiceManager(GetSlideShowList)[user_id='ApiService']
STAT. [09-12-2019 10:29:01:96] [ID=] begin.api=SecurityServiceManager(GetAuthenticationToken)[user_id='ApiService']
STAT. [09-12-2019 10:29:02:42] [ID=] end...api=SecurityServiceManager(GetAuthenticationToken)[user_id='ApiService']
STAT. [09-12-2019 10:29:02:42] [ID=] begin.api=API_MasterServiceManager(GetSlideShowList)[user_id='ApiService']
STAT. [09-12-2019 10:29:02:88] [ID=] end...api=API_MasterServiceManager(GetSlideShowList)[user_id='ApiService']
STAT. [09-12-2019 10:29:06:39] [ID=] begin.api=SecurityServiceManager(GetAuthenticationToken)[user_id='ApiService']
STAT. [09-12-2019 10:29:06:85] [ID=] end...api=SecurityServiceManager(GetAuthenticationToken)[user_id='ApiService']
STAT. [09-12-2019 10:29:06:85] [ID=] begin.api=API_MasterServiceManager(GetParameterFindBy)[user_id='ApiService']
STAT. [09-12-2019 10:29:07:31] [ID=] end...api=API_MasterServiceManager(GetParameterFindBy)[user_id='ApiService']
STAT. [09-12-2019 10:29:07:31] [ID=] begin.api=SecurityServiceManager(GetAuthenticationToken)[user_id='ApiService']
STAT. [09-12-2019 10:29:07:77] [ID=] end...api=SecurityServiceManager(GetAuthenticationToken)[user_id='ApiService']
STAT. [09-12-2019 10:29:07:77] [ID=] begin.api=API_MasterServiceManager(GetDetailJenisInformasiNewest)[user_id='ApiService']
STAT. [09-12-2019 10:29:08:23] [ID=] end...api=API_MasterServiceManager(GetDetailJenisInformasiNewest)[user_id='ApiService']
STAT. [09-12-2019 10:29:08:41] [ID=] begin.api=SecurityServiceManager(GetAuthenticationToken)[user_id='ApiService']
STAT. [09-12-2019 10:29:08:87] [ID=] end...api=SecurityServiceManager(GetAuthenticationToken)[user_id='ApiService']
STAT. [09-12-2019 10:29:08:87] [ID=] begin.api=API_MasterServiceManager(GetAppointmentDiarySelectByTitle)[user_id='ApiService']
STAT. [09-12-2019 10:29:09:34] [ID=] end...api=API_MasterServiceManager(GetAppointmentDiarySelectByTitle)[user_id='ApiService']
STAT. [09-12-2019 10:31:15:79] [ID=] begin.api=SecurityServiceManager(GetAuthenticationToken)[user_id='ApiService']
STAT. [09-12-2019 10:31:16:25] [ID=] end...api=SecurityServiceManager(GetAuthenticationToken)[user_id='ApiService']
STAT. [09-12-2019 10:31:16:25] [ID=] begin.api=API_MasterServiceManager(GetRwByKodeRt)[user_id='ApiService']
STAT. [09-12-2019 10:31:16:71] [ID=] end...api=API_MasterServiceManager(GetRwByKodeRt)[user_id='ApiService']
STAT. [09-12-2019 10:31:16:72] [ID=] begin.api=SecurityServiceManager(GetAuthenticationToken)[user_id='ApiService']
STAT. [09-12-2019 10:31:17:17] [ID=] end...api=SecurityServiceManager(GetAuthenticationToken)[user_id='ApiService']
STAT. [09-12-2019 10:31:17:17] [ID=] begin.api=API_MasterServiceManager(GetTestimoniByIdRw)[user_id='ApiService']
STAT. [09-12-2019 10:31:17:66] [ID=] end...api=API_MasterServiceManager(GetTestimoniByIdRw)[user_id='ApiService']
STAT. [09-12-2019 10:31:24:50] [ID=] begin.api=SecurityServiceManager(GetAuthenticationToken)[user_id='ApiService']
STAT. [09-12-2019 10:31:24:96] [ID=] end...api=SecurityServiceManager(GetAuthenticationToken)[user_id='ApiService']
STAT. [09-12-2019 10:31:24:96] [ID=] begin.api=API_MasterServiceManager(GetParameterFindBy)[user_id='ApiService']
STAT. [09-12-2019 10:31:25:43] [ID=] end...api=API_MasterServiceManager(GetParameterFindBy)[user_id='ApiService']
