STAT. [06-12-2019 10:33:27:19] [ID=] begin.api=SecurityServiceManager(GetAuthenticationToken)[user_id='ApiService']
STAT. [06-12-2019 10:33:29:61] [ID=] end...api=SecurityServiceManager(GetAuthenticationToken)[user_id='ApiService']
STAT. [06-12-2019 10:33:29:62] [ID=] begin.api=API_MasterServiceManager(GetRwFindBy)[user_id='ApiService']
STAT. [06-12-2019 10:33:30:18] [ID=] end...api=API_MasterServiceManager(GetRwFindBy)[user_id='ApiService']
STAT. [06-12-2019 13:48:48:51] [ID=] begin.api=SecurityServiceManager(GetAuthenticationToken)[user_id='ApiService']
STAT. [06-12-2019 13:49:03:57] [ID=] begin.api=SecurityServiceManager(GetAuthenticationToken)[user_id='ApiService']
STAT. [06-12-2019 13:49:17:97] [ID=] data..error=SecurityService(GetAuthenticationToken)[user_id='ApiService'] [Exception: 'A network-related or instance-specific error occurred while establishing a connection to SQL Server. The server was not found or was not accessible. Verify that the instance name is correct and that SQL Server is configured to allow remote connections. (provider: Named Pipes Provider, error: 40 - Could not open a connection to SQL Server)||System.Collections.ListDictionaryInternal||   at System.Data.ProviderBase.DbConnectionPool.TryGetConnection(DbConnection owningObject, UInt32 waitForMultipleObjectsTimeout, Boolean allowCreate, Boolean onlyOneCheckConnection, DbConnectionOptions userOptions, DbConnectionInternal& connection)
   at System.Data.ProviderBase.DbConnectionPool.TryGetConnection(DbConnection owningObject, TaskCompletionSource`1 retry, DbConnectionOptions userOptions, DbConnectionInternal& connection)
   at System.Data.ProviderBase.DbConnectionFactory.TryGetConnection(DbConnection owningConnection, TaskCompletionSource`1 retry, DbConnectionOptions userOptions, DbConnectionInternal oldConnection, DbConnectionInternal& connection)
   at System.Data.ProviderBase.DbConnectionInternal.TryOpenConnectionInternal(DbConnection outerConnection, DbConnectionFactory connectionFactory, TaskCompletionSource`1 retry, DbConnectionOptions userOptions)
   at System.Data.ProviderBase.DbConnectionClosed.TryOpenConnection(DbConnection outerConnection, DbConnectionFactory connectionFactory, TaskCompletionSource`1 retry, DbConnectionOptions userOptions)
   at System.Data.SqlClient.SqlConnection.TryOpenInner(TaskCompletionSource`1 retry)
   at System.Data.SqlClient.SqlConnection.TryOpen(TaskCompletionSource`1 retry)
   at System.Data.SqlClient.SqlConnection.Open()
   at AbidzarFrame.Core.Model.Business.SqlSrvDbFactory.CreateConnection() in C:\Users\hirama\Documents\Github\AbidzarFrame\Source\AbidzarFrame.Core.Model.Business\Factory\SqlSrvDbFactory.vb:line 19
   at AbidzarFrame.Security.Dao.AuthenticationTokenDao.GetAuthenticationToken(AuthenticationTokenRequest request, List`1& MenuResultList) in C:\Users\hirama\Documents\Github\AbidzarFrame\Source\AbidzarFrame.Security\Dao\AuthenticationTokenDao.cs:line 30||.Net SqlClient Data Provider||SQL53||'] [UserData: '<AuthenticationTokenRequest xmlns="http://schemas.datacontract.org/2004/07/AbidzarFrame.Security.Interface.Dto" xmlns:i="http://www.w3.org/2001/XMLSchema-instance"><DibuatOleh i:nil="true" xmlns="http://schemas.datacontract.org/2004/07/AbidzarFrame.Domain.Models"/><DibuatTanggal xmlns="http://schemas.datacontract.org/2004/07/AbidzarFrame.Domain.Models">0001-01-01T00:00:00</DibuatTanggal><DieditOleh i:nil="true" xmlns="http://schemas.datacontract.org/2004/07/AbidzarFrame.Domain.Models"/><DieditTanggal i:nil="true" xmlns="http://schemas.datacontract.org/2004/07/AbidzarFrame.Domain.Models"/><Id xmlns="http://schemas.datacontract.org/2004/07/AbidzarFrame.Domain.Models">0</Id><KodeRt i:nil="true" xmlns="http://schemas.datacontract.org/2004/07/AbidzarFrame.Domain.Models"/><SystemStatus xmlns="http://schemas.datacontract.org/2004/07/AbidzarFrame.Domain.Models">false</SystemStatus><Aplikasi i:nil="true" xmlns="http://schemas.datacontract.org/2004/07/AbidzarFrame.Domain.Models"/><Token i:nil="true" xmlns="http://schemas.datacontract.org/2004/07/AbidzarFrame.Domain.Models"/></AuthenticationTokenRequest>']
STAT. [06-12-2019 13:49:17:98] [ID=] data..error=SecurityService(GetAuthenticationToken)[user_id='ApiService'] [Exception: 'A network-related or instance-specific error occurred while establishing a connection to SQL Server. The server was not found or was not accessible. Verify that the instance name is correct and that SQL Server is configured to allow remote connections. (provider: Named Pipes Provider, error: 40 - Could not open a connection to SQL Server)||System.Collections.ListDictionaryInternal||   at System.Data.SqlClient.SqlInternalConnectionTds..ctor(DbConnectionPoolIdentity identity, SqlConnectionString connectionOptions, SqlCredential credential, Object providerInfo, String newPassword, SecureString newSecurePassword, Boolean redirectedUserInstance, SqlConnectionString userConnectionOptions, SessionData reconnectSessionData, DbConnectionPool pool, String accessToken, Boolean applyTransientFaultHandling, SqlAuthenticationProviderManager sqlAuthProviderManager)
   at System.Data.SqlClient.SqlConnectionFactory.CreateConnection(DbConnectionOptions options, DbConnectionPoolKey poolKey, Object poolGroupProviderInfo, DbConnectionPool pool, DbConnection owningConnection, DbConnectionOptions userOptions)
   at System.Data.ProviderBase.DbConnectionFactory.CreatePooledConnection(DbConnectionPool pool, DbConnection owningObject, DbConnectionOptions options, DbConnectionPoolKey poolKey, DbConnectionOptions userOptions)
   at System.Data.ProviderBase.DbConnectionPool.CreateObject(DbConnection owningObject, DbConnectionOptions userOptions, DbConnectionInternal oldConnection)
   at System.Data.ProviderBase.DbConnectionPool.UserCreateRequest(DbConnection owningObject, DbConnectionOptions userOptions, DbConnectionInternal oldConnection)
   at System.Data.ProviderBase.DbConnectionPool.TryGetConnection(DbConnection owningObject, UInt32 waitForMultipleObjectsTimeout, Boolean allowCreate, Boolean onlyOneCheckConnection, DbConnectionOptions userOptions, DbConnectionInternal& connection)
   at System.Data.ProviderBase.DbConnectionPool.TryGetConnection(DbConnection owningObject, TaskCompletionSource`1 retry, DbConnectionOptions userOptions, DbConnectionInternal& connection)
   at System.Data.ProviderBase.DbConnectionFactory.TryGetConnection(DbConnection owningConnection, TaskCompletionSource`1 retry, DbConnectionOptions userOptions, DbConnectionInternal oldConnection, DbConnectionInternal& connection)
   at System.Data.ProviderBase.DbConnectionInternal.TryOpenConnectionInternal(DbConnection outerConnection, DbConnectionFactory connectionFactory, TaskCompletionSource`1 retry, DbConnectionOptions userOptions)
   at System.Data.ProviderBase.DbConnectionClosed.TryOpenConnection(DbConnection outerConnection, DbConnectionFactory connectionFactory, TaskCompletionSource`1 retry, DbConnectionOptions userOptions)
   at System.Data.SqlClient.SqlConnection.TryOpenInner(TaskCompletionSource`1 retry)
   at System.Data.SqlClient.SqlConnection.TryOpen(TaskCompletionSource`1 retry)
   at System.Data.SqlClient.SqlConnection.Open()
   at AbidzarFrame.Core.Model.Business.SqlSrvDbFactory.CreateConnection() in C:\Users\hirama\Documents\Github\AbidzarFrame\Source\AbidzarFrame.Core.Model.Business\Factory\SqlSrvDbFactory.vb:line 13
   at AbidzarFrame.Security.Dao.AuthenticationTokenDao.GetAuthenticationToken(AuthenticationTokenRequest request, List`1& MenuResultList) in C:\Users\hirama\Documents\Github\AbidzarFrame\Source\AbidzarFrame.Security\Dao\AuthenticationTokenDao.cs:line 38||.Net SqlClient Data Provider||SQL53||'] [UserData: '<AuthenticationTokenRequest xmlns="http://schemas.datacontract.org/2004/07/AbidzarFrame.Security.Interface.Dto" xmlns:i="http://www.w3.org/2001/XMLSchema-instance"><DibuatOleh i:nil="true" xmlns="http://schemas.datacontract.org/2004/07/AbidzarFrame.Domain.Models"/><DibuatTanggal xmlns="http://schemas.datacontract.org/2004/07/AbidzarFrame.Domain.Models">0001-01-01T00:00:00</DibuatTanggal><DieditOleh i:nil="true" xmlns="http://schemas.datacontract.org/2004/07/AbidzarFrame.Domain.Models"/><DieditTanggal i:nil="true" xmlns="http://schemas.datacontract.org/2004/07/AbidzarFrame.Domain.Models"/><Id xmlns="http://schemas.datacontract.org/2004/07/AbidzarFrame.Domain.Models">0</Id><KodeRt i:nil="true" xmlns="http://schemas.datacontract.org/2004/07/AbidzarFrame.Domain.Models"/><SystemStatus xmlns="http://schemas.datacontract.org/2004/07/AbidzarFrame.Domain.Models">false</SystemStatus><Aplikasi i:nil="true" xmlns="http://schemas.datacontract.org/2004/07/AbidzarFrame.Domain.Models"/><Token i:nil="true" xmlns="http://schemas.datacontract.org/2004/07/AbidzarFrame.Domain.Models"/></AuthenticationTokenRequest>']
STAT. [06-12-2019 13:49:17:98] [ID=] end...api=SecurityServiceManager(GetAuthenticationToken)[user_id='ApiService']
STAT. [06-12-2019 13:49:17:98] [ID=] end...api=SecurityServiceManager(GetAuthenticationToken)[user_id='ApiService']
STAT. [06-12-2019 13:49:17:98] [ID=] begin.api=API_MasterServiceManager(GetRwFindBy)[user_id='ApiService']
STAT. [06-12-2019 13:49:17:98] [ID=] begin.api=API_MasterServiceManager(GetRwFindBy)[user_id='ApiService']
STAT. [06-12-2019 13:49:17:99] [ID=] data..error=RwService(GetRwFindBy)[user_id='ApiService'] [Exception: 'A network-related or instance-specific error occurred while establishing a connection to SQL Server. The server was not found or was not accessible. Verify that the instance name is correct and that SQL Server is configured to allow remote connections. (provider: Named Pipes Provider, error: 40 - Could not open a connection to SQL Server)||System.Collections.ListDictionaryInternal||   at System.Data.ProviderBase.DbConnectionPool.TryGetConnection(DbConnection owningObject, UInt32 waitForMultipleObjectsTimeout, Boolean allowCreate, Boolean onlyOneCheckConnection, DbConnectionOptions userOptions, DbConnectionInternal& connection)
   at System.Data.ProviderBase.DbConnectionPool.TryGetConnection(DbConnection owningObject, TaskCompletionSource`1 retry, DbConnectionOptions userOptions, DbConnectionInternal& connection)
   at System.Data.ProviderBase.DbConnectionFactory.TryGetConnection(DbConnection owningConnection, TaskCompletionSource`1 retry, DbConnectionOptions userOptions, DbConnectionInternal oldConnection, DbConnectionInternal& connection)
   at System.Data.ProviderBase.DbConnectionInternal.TryOpenConnectionInternal(DbConnection outerConnection, DbConnectionFactory connectionFactory, TaskCompletionSource`1 retry, DbConnectionOptions userOptions)
   at System.Data.ProviderBase.DbConnectionClosed.TryOpenConnection(DbConnection outerConnection, DbConnectionFactory connectionFactory, TaskCompletionSource`1 retry, DbConnectionOptions userOptions)
   at System.Data.SqlClient.SqlConnection.TryOpenInner(TaskCompletionSource`1 retry)
   at System.Data.SqlClient.SqlConnection.TryOpen(TaskCompletionSource`1 retry)
   at System.Data.SqlClient.SqlConnection.Open()
   at AbidzarFrame.Core.Model.Business.SqlSrvDbFactory.CreateConnection() in C:\Users\hirama\Documents\Github\AbidzarFrame\Source\AbidzarFrame.Core.Model.Business\Factory\SqlSrvDbFactory.vb:line 19
   at AbidzarFrame.Master.Dao.RwDao.GetRwFindBy(RwRequest request, RwResult& RwResult) in C:\Users\hirama\Documents\Github\AbidzarFrame\Source\AbidzarFrame.Master\Dao\RwDao.cs:line 37||.Net SqlClient Data Provider||SQL53||'] [UserData: '<RwRequest xmlns="http://schemas.datacontract.org/2004/07/AbidzarFrame.Master.Interface.Dto" xmlns:i="http://www.w3.org/2001/XMLSchema-instance"><DibuatOleh i:nil="true" xmlns="http://schemas.datacontract.org/2004/07/AbidzarFrame.Domain.Models"/><DibuatTanggal xmlns="http://schemas.datacontract.org/2004/07/AbidzarFrame.Domain.Models">0001-01-01T00:00:00</DibuatTanggal><DieditOleh i:nil="true" xmlns="http://schemas.datacontract.org/2004/07/AbidzarFrame.Domain.Models"/><DieditTanggal i:nil="true" xmlns="http://schemas.datacontract.org/2004/07/AbidzarFrame.Domain.Models"/><Id xmlns="http://schemas.datacontract.org/2004/07/AbidzarFrame.Domain.Models">0</Id><KodeRt xmlns="http://schemas.datacontract.org/2004/07/AbidzarFrame.Domain.Models">31.73.08.1001</KodeRt><SystemStatus xmlns="http://schemas.datacontract.org/2004/07/AbidzarFrame.Domain.Models">false</SystemStatus><Deskripsi i:nil="true" xmlns="http://schemas.datacontract.org/2004/07/AbidzarFrame.Domain.Models"/><IdKelurahan xmlns="http://schemas.datacontract.org/2004/07/AbidzarFrame.Domain.Models">0</IdKelurahan><KodeRw i:nil="true" xmlns="http://schemas.datacontract.org/2004/07/AbidzarFrame.Domain.Models"/><NamaRw i:nil="true" xmlns="http://schemas.datacontract.org/2004/07/AbidzarFrame.Domain.Models"/><Nik i:nil="true" xmlns="http://schemas.datacontract.org/2004/07/AbidzarFrame.Domain.Models"/><Photo i:nil="true" xmlns="http://schemas.datacontract.org/2004/07/AbidzarFrame.Domain.Models"/><Quotes i:nil="true" xmlns="http://schemas.datacontract.org/2004/07/AbidzarFrame.Domain.Models"/><AuthenticationToken>AbidzarFrame</AuthenticationToken></RwRequest>']
STAT. [06-12-2019 13:49:17:99] [ID=] end...api=API_MasterServiceManager(GetRwFindBy)[user_id='ApiService']
STAT. [06-12-2019 13:49:18:00] [ID=] data..error=RwService(GetRwFindBy)[user_id='ApiService'] [Exception: 'A network-related or instance-specific error occurred while establishing a connection to SQL Server. The server was not found or was not accessible. Verify that the instance name is correct and that SQL Server is configured to allow remote connections. (provider: Named Pipes Provider, error: 40 - Could not open a connection to SQL Server)||System.Collections.ListDictionaryInternal||   at System.Data.ProviderBase.DbConnectionPool.TryGetConnection(DbConnection owningObject, UInt32 waitForMultipleObjectsTimeout, Boolean allowCreate, Boolean onlyOneCheckConnection, DbConnectionOptions userOptions, DbConnectionInternal& connection)
   at System.Data.ProviderBase.DbConnectionPool.TryGetConnection(DbConnection owningObject, TaskCompletionSource`1 retry, DbConnectionOptions userOptions, DbConnectionInternal& connection)
   at System.Data.ProviderBase.DbConnectionFactory.TryGetConnection(DbConnection owningConnection, TaskCompletionSource`1 retry, DbConnectionOptions userOptions, DbConnectionInternal oldConnection, DbConnectionInternal& connection)
   at System.Data.ProviderBase.DbConnectionInternal.TryOpenConnectionInternal(DbConnection outerConnection, DbConnectionFactory connectionFactory, TaskCompletionSource`1 retry, DbConnectionOptions userOptions)
   at System.Data.ProviderBase.DbConnectionClosed.TryOpenConnection(DbConnection outerConnection, DbConnectionFactory connectionFactory, TaskCompletionSource`1 retry, DbConnectionOptions userOptions)
   at System.Data.SqlClient.SqlConnection.TryOpenInner(TaskCompletionSource`1 retry)
   at System.Data.SqlClient.SqlConnection.TryOpen(TaskCompletionSource`1 retry)
   at System.Data.SqlClient.SqlConnection.Open()
   at AbidzarFrame.Core.Model.Business.SqlSrvDbFactory.CreateConnection() in C:\Users\hirama\Documents\Github\AbidzarFrame\Source\AbidzarFrame.Core.Model.Business\Factory\SqlSrvDbFactory.vb:line 19
   at AbidzarFrame.Master.Dao.RwDao.GetRwFindBy(RwRequest request, RwResult& RwResult) in C:\Users\hirama\Documents\Github\AbidzarFrame\Source\AbidzarFrame.Master\Dao\RwDao.cs:line 44||.Net SqlClient Data Provider||SQL53||'] [UserData: '<RwRequest xmlns="http://schemas.datacontract.org/2004/07/AbidzarFrame.Master.Interface.Dto" xmlns:i="http://www.w3.org/2001/XMLSchema-instance"><DibuatOleh i:nil="true" xmlns="http://schemas.datacontract.org/2004/07/AbidzarFrame.Domain.Models"/><DibuatTanggal xmlns="http://schemas.datacontract.org/2004/07/AbidzarFrame.Domain.Models">0001-01-01T00:00:00</DibuatTanggal><DieditOleh i:nil="true" xmlns="http://schemas.datacontract.org/2004/07/AbidzarFrame.Domain.Models"/><DieditTanggal i:nil="true" xmlns="http://schemas.datacontract.org/2004/07/AbidzarFrame.Domain.Models"/><Id xmlns="http://schemas.datacontract.org/2004/07/AbidzarFrame.Domain.Models">0</Id><KodeRt xmlns="http://schemas.datacontract.org/2004/07/AbidzarFrame.Domain.Models">31.73.08.1001</KodeRt><SystemStatus xmlns="http://schemas.datacontract.org/2004/07/AbidzarFrame.Domain.Models">false</SystemStatus><Deskripsi i:nil="true" xmlns="http://schemas.datacontract.org/2004/07/AbidzarFrame.Domain.Models"/><IdKelurahan xmlns="http://schemas.datacontract.org/2004/07/AbidzarFrame.Domain.Models">0</IdKelurahan><KodeRw i:nil="true" xmlns="http://schemas.datacontract.org/2004/07/AbidzarFrame.Domain.Models"/><NamaRw i:nil="true" xmlns="http://schemas.datacontract.org/2004/07/AbidzarFrame.Domain.Models"/><Nik i:nil="true" xmlns="http://schemas.datacontract.org/2004/07/AbidzarFrame.Domain.Models"/><Photo i:nil="true" xmlns="http://schemas.datacontract.org/2004/07/AbidzarFrame.Domain.Models"/><Quotes i:nil="true" xmlns="http://schemas.datacontract.org/2004/07/AbidzarFrame.Domain.Models"/><AuthenticationToken>AbidzarFrame</AuthenticationToken></RwRequest>']
STAT. [06-12-2019 13:49:18:00] [ID=] end...api=API_MasterServiceManager(GetRwFindBy)[user_id='ApiService']
STAT. [06-12-2019 13:50:39:03] [ID=] begin.api=SecurityServiceManager(GetAuthenticationToken)[user_id='ApiService']
STAT. [06-12-2019 13:51:19:00] [ID=] data..error=SecurityService(GetAuthenticationToken)[user_id='ApiService'] [Exception: 'A network-related or instance-specific error occurred while establishing a connection to SQL Server. The server was not found or was not accessible. Verify that the instance name is correct and that SQL Server is configured to allow remote connections. (provider: Named Pipes Provider, error: 40 - Could not open a connection to SQL Server)||System.Collections.ListDictionaryInternal||   at System.Data.SqlClient.SqlInternalConnectionTds..ctor(DbConnectionPoolIdentity identity, SqlConnectionString connectionOptions, SqlCredential credential, Object providerInfo, String newPassword, SecureString newSecurePassword, Boolean redirectedUserInstance, SqlConnectionString userConnectionOptions, SessionData reconnectSessionData, DbConnectionPool pool, String accessToken, Boolean applyTransientFaultHandling, SqlAuthenticationProviderManager sqlAuthProviderManager)
   at System.Data.SqlClient.SqlConnectionFactory.CreateConnection(DbConnectionOptions options, DbConnectionPoolKey poolKey, Object poolGroupProviderInfo, DbConnectionPool pool, DbConnection owningConnection, DbConnectionOptions userOptions)
   at System.Data.ProviderBase.DbConnectionFactory.CreatePooledConnection(DbConnectionPool pool, DbConnection owningObject, DbConnectionOptions options, DbConnectionPoolKey poolKey, DbConnectionOptions userOptions)
   at System.Data.ProviderBase.DbConnectionPool.CreateObject(DbConnection owningObject, DbConnectionOptions userOptions, DbConnectionInternal oldConnection)
   at System.Data.ProviderBase.DbConnectionPool.UserCreateRequest(DbConnection owningObject, DbConnectionOptions userOptions, DbConnectionInternal oldConnection)
   at System.Data.ProviderBase.DbConnectionPool.TryGetConnection(DbConnection owningObject, UInt32 waitForMultipleObjectsTimeout, Boolean allowCreate, Boolean onlyOneCheckConnection, DbConnectionOptions userOptions, DbConnectionInternal& connection)
   at System.Data.ProviderBase.DbConnectionPool.TryGetConnection(DbConnection owningObject, TaskCompletionSource`1 retry, DbConnectionOptions userOptions, DbConnectionInternal& connection)
   at System.Data.ProviderBase.DbConnectionFactory.TryGetConnection(DbConnection owningConnection, TaskCompletionSource`1 retry, DbConnectionOptions userOptions, DbConnectionInternal oldConnection, DbConnectionInternal& connection)
   at System.Data.ProviderBase.DbConnectionInternal.TryOpenConnectionInternal(DbConnection outerConnection, DbConnectionFactory connectionFactory, TaskCompletionSource`1 retry, DbConnectionOptions userOptions)
   at System.Data.ProviderBase.DbConnectionClosed.TryOpenConnection(DbConnection outerConnection, DbConnectionFactory connectionFactory, TaskCompletionSource`1 retry, DbConnectionOptions userOptions)
   at System.Data.SqlClient.SqlConnection.TryOpenInner(TaskCompletionSource`1 retry)
   at System.Data.SqlClient.SqlConnection.TryOpen(TaskCompletionSource`1 retry)
   at System.Data.SqlClient.SqlConnection.Open()
   at AbidzarFrame.Core.Model.Business.SqlSrvDbFactory.CreateConnection() in C:\Users\hirama\Documents\Github\AbidzarFrame\Source\AbidzarFrame.Core.Model.Business\Factory\SqlSrvDbFactory.vb:line 19
   at AbidzarFrame.Security.Dao.AuthenticationTokenDao.GetAuthenticationToken(AuthenticationTokenRequest request, List`1& MenuResultList) in C:\Users\hirama\Documents\Github\AbidzarFrame\Source\AbidzarFrame.Security\Dao\AuthenticationTokenDao.cs:line 38||.Net SqlClient Data Provider||SQL53||'] [UserData: '<AuthenticationTokenRequest xmlns="http://schemas.datacontract.org/2004/07/AbidzarFrame.Security.Interface.Dto" xmlns:i="http://www.w3.org/2001/XMLSchema-instance"><DibuatOleh i:nil="true" xmlns="http://schemas.datacontract.org/2004/07/AbidzarFrame.Domain.Models"/><DibuatTanggal xmlns="http://schemas.datacontract.org/2004/07/AbidzarFrame.Domain.Models">0001-01-01T00:00:00</DibuatTanggal><DieditOleh i:nil="true" xmlns="http://schemas.datacontract.org/2004/07/AbidzarFrame.Domain.Models"/><DieditTanggal i:nil="true" xmlns="http://schemas.datacontract.org/2004/07/AbidzarFrame.Domain.Models"/><Id xmlns="http://schemas.datacontract.org/2004/07/AbidzarFrame.Domain.Models">0</Id><KodeRt i:nil="true" xmlns="http://schemas.datacontract.org/2004/07/AbidzarFrame.Domain.Models"/><SystemStatus xmlns="http://schemas.datacontract.org/2004/07/AbidzarFrame.Domain.Models">false</SystemStatus><Aplikasi i:nil="true" xmlns="http://schemas.datacontract.org/2004/07/AbidzarFrame.Domain.Models"/><Token i:nil="true" xmlns="http://schemas.datacontract.org/2004/07/AbidzarFrame.Domain.Models"/></AuthenticationTokenRequest>']
STAT. [06-12-2019 13:51:19:00] [ID=] end...api=SecurityServiceManager(GetAuthenticationToken)[user_id='ApiService']
STAT. [06-12-2019 13:51:19:00] [ID=] begin.api=API_MasterServiceManager(GetRwFindBy)[user_id='ApiService']
STAT. [06-12-2019 13:51:19:00] [ID=] data..error=RwService(GetRwFindBy)[user_id='ApiService'] [Exception: 'A network-related or instance-specific error occurred while establishing a connection to SQL Server. The server was not found or was not accessible. Verify that the instance name is correct and that SQL Server is configured to allow remote connections. (provider: Named Pipes Provider, error: 40 - Could not open a connection to SQL Server)||System.Collections.ListDictionaryInternal||   at System.Data.ProviderBase.DbConnectionPool.TryGetConnection(DbConnection owningObject, UInt32 waitForMultipleObjectsTimeout, Boolean allowCreate, Boolean onlyOneCheckConnection, DbConnectionOptions userOptions, DbConnectionInternal& connection)
   at System.Data.ProviderBase.DbConnectionPool.TryGetConnection(DbConnection owningObject, TaskCompletionSource`1 retry, DbConnectionOptions userOptions, DbConnectionInternal& connection)
   at System.Data.ProviderBase.DbConnectionFactory.TryGetConnection(DbConnection owningConnection, TaskCompletionSource`1 retry, DbConnectionOptions userOptions, DbConnectionInternal oldConnection, DbConnectionInternal& connection)
   at System.Data.ProviderBase.DbConnectionInternal.TryOpenConnectionInternal(DbConnection outerConnection, DbConnectionFactory connectionFactory, TaskCompletionSource`1 retry, DbConnectionOptions userOptions)
   at System.Data.ProviderBase.DbConnectionClosed.TryOpenConnection(DbConnection outerConnection, DbConnectionFactory connectionFactory, TaskCompletionSource`1 retry, DbConnectionOptions userOptions)
   at System.Data.SqlClient.SqlConnection.TryOpenInner(TaskCompletionSource`1 retry)
   at System.Data.SqlClient.SqlConnection.TryOpen(TaskCompletionSource`1 retry)
   at System.Data.SqlClient.SqlConnection.Open()
   at AbidzarFrame.Core.Model.Business.SqlSrvDbFactory.CreateConnection() in C:\Users\hirama\Documents\Github\AbidzarFrame\Source\AbidzarFrame.Core.Model.Business\Factory\SqlSrvDbFactory.vb:line 19
   at AbidzarFrame.Master.Dao.RwDao.GetRwFindBy(RwRequest request, RwResult& RwResult) in C:\Users\hirama\Documents\Github\AbidzarFrame\Source\AbidzarFrame.Master\Dao\RwDao.cs:line 44||.Net SqlClient Data Provider||SQL53||'] [UserData: '<RwRequest xmlns="http://schemas.datacontract.org/2004/07/AbidzarFrame.Master.Interface.Dto" xmlns:i="http://www.w3.org/2001/XMLSchema-instance"><DibuatOleh i:nil="true" xmlns="http://schemas.datacontract.org/2004/07/AbidzarFrame.Domain.Models"/><DibuatTanggal xmlns="http://schemas.datacontract.org/2004/07/AbidzarFrame.Domain.Models">0001-01-01T00:00:00</DibuatTanggal><DieditOleh i:nil="true" xmlns="http://schemas.datacontract.org/2004/07/AbidzarFrame.Domain.Models"/><DieditTanggal i:nil="true" xmlns="http://schemas.datacontract.org/2004/07/AbidzarFrame.Domain.Models"/><Id xmlns="http://schemas.datacontract.org/2004/07/AbidzarFrame.Domain.Models">0</Id><KodeRt xmlns="http://schemas.datacontract.org/2004/07/AbidzarFrame.Domain.Models">31.73.08.1001</KodeRt><SystemStatus xmlns="http://schemas.datacontract.org/2004/07/AbidzarFrame.Domain.Models">false</SystemStatus><Deskripsi i:nil="true" xmlns="http://schemas.datacontract.org/2004/07/AbidzarFrame.Domain.Models"/><IdKelurahan xmlns="http://schemas.datacontract.org/2004/07/AbidzarFrame.Domain.Models">0</IdKelurahan><KodeRw i:nil="true" xmlns="http://schemas.datacontract.org/2004/07/AbidzarFrame.Domain.Models"/><NamaRw i:nil="true" xmlns="http://schemas.datacontract.org/2004/07/AbidzarFrame.Domain.Models"/><Nik i:nil="true" xmlns="http://schemas.datacontract.org/2004/07/AbidzarFrame.Domain.Models"/><Photo i:nil="true" xmlns="http://schemas.datacontract.org/2004/07/AbidzarFrame.Domain.Models"/><Quotes i:nil="true" xmlns="http://schemas.datacontract.org/2004/07/AbidzarFrame.Domain.Models"/><AuthenticationToken>AbidzarFrame</AuthenticationToken></RwRequest>']
STAT. [06-12-2019 13:51:19:00] [ID=] end...api=API_MasterServiceManager(GetRwFindBy)[user_id='ApiService']
STAT. [06-12-2019 13:51:19:17] [ID=] begin.api=SecurityServiceManager(GetAuthenticationToken)[user_id='ApiService']
STAT. [06-12-2019 13:51:19:18] [ID=] data..error=SecurityService(GetAuthenticationToken)[user_id='ApiService'] [Exception: 'A network-related or instance-specific error occurred while establishing a connection to SQL Server. The server was not found or was not accessible. Verify that the instance name is correct and that SQL Server is configured to allow remote connections. (provider: Named Pipes Provider, error: 40 - Could not open a connection to SQL Server)||System.Collections.ListDictionaryInternal||   at System.Data.ProviderBase.DbConnectionPool.TryGetConnection(DbConnection owningObject, UInt32 waitForMultipleObjectsTimeout, Boolean allowCreate, Boolean onlyOneCheckConnection, DbConnectionOptions userOptions, DbConnectionInternal& connection)
   at System.Data.ProviderBase.DbConnectionPool.TryGetConnection(DbConnection owningObject, TaskCompletionSource`1 retry, DbConnectionOptions userOptions, DbConnectionInternal& connection)
   at System.Data.ProviderBase.DbConnectionFactory.TryGetConnection(DbConnection owningConnection, TaskCompletionSource`1 retry, DbConnectionOptions userOptions, DbConnectionInternal oldConnection, DbConnectionInternal& connection)
   at System.Data.ProviderBase.DbConnectionInternal.TryOpenConnectionInternal(DbConnection outerConnection, DbConnectionFactory connectionFactory, TaskCompletionSource`1 retry, DbConnectionOptions userOptions)
   at System.Data.ProviderBase.DbConnectionClosed.TryOpenConnection(DbConnection outerConnection, DbConnectionFactory connectionFactory, TaskCompletionSource`1 retry, DbConnectionOptions userOptions)
   at System.Data.SqlClient.SqlConnection.TryOpenInner(TaskCompletionSource`1 retry)
   at System.Data.SqlClient.SqlConnection.TryOpen(TaskCompletionSource`1 retry)
   at System.Data.SqlClient.SqlConnection.Open()
   at AbidzarFrame.Core.Model.Business.SqlSrvDbFactory.CreateConnection() in C:\Users\hirama\Documents\Github\AbidzarFrame\Source\AbidzarFrame.Core.Model.Business\Factory\SqlSrvDbFactory.vb:line 19
   at AbidzarFrame.Security.Dao.AuthenticationTokenDao.GetAuthenticationToken(AuthenticationTokenRequest request, List`1& MenuResultList) in C:\Users\hirama\Documents\Github\AbidzarFrame\Source\AbidzarFrame.Security\Dao\AuthenticationTokenDao.cs:line 38||.Net SqlClient Data Provider||SQL53||'] [UserData: '<AuthenticationTokenRequest xmlns="http://schemas.datacontract.org/2004/07/AbidzarFrame.Security.Interface.Dto" xmlns:i="http://www.w3.org/2001/XMLSchema-instance"><DibuatOleh i:nil="true" xmlns="http://schemas.datacontract.org/2004/07/AbidzarFrame.Domain.Models"/><DibuatTanggal xmlns="http://schemas.datacontract.org/2004/07/AbidzarFrame.Domain.Models">0001-01-01T00:00:00</DibuatTanggal><DieditOleh i:nil="true" xmlns="http://schemas.datacontract.org/2004/07/AbidzarFrame.Domain.Models"/><DieditTanggal i:nil="true" xmlns="http://schemas.datacontract.org/2004/07/AbidzarFrame.Domain.Models"/><Id xmlns="http://schemas.datacontract.org/2004/07/AbidzarFrame.Domain.Models">0</Id><KodeRt i:nil="true" xmlns="http://schemas.datacontract.org/2004/07/AbidzarFrame.Domain.Models"/><SystemStatus xmlns="http://schemas.datacontract.org/2004/07/AbidzarFrame.Domain.Models">false</SystemStatus><Aplikasi i:nil="true" xmlns="http://schemas.datacontract.org/2004/07/AbidzarFrame.Domain.Models"/><Token i:nil="true" xmlns="http://schemas.datacontract.org/2004/07/AbidzarFrame.Domain.Models"/></AuthenticationTokenRequest>']
STAT. [06-12-2019 13:51:19:18] [ID=] end...api=SecurityServiceManager(GetAuthenticationToken)[user_id='ApiService']
STAT. [06-12-2019 13:51:19:18] [ID=] begin.api=API_MasterServiceManager(GetRwFindBy)[user_id='ApiService']
STAT. [06-12-2019 13:51:19:18] [ID=] data..error=RwService(GetRwFindBy)[user_id='ApiService'] [Exception: 'A network-related or instance-specific error occurred while establishing a connection to SQL Server. The server was not found or was not accessible. Verify that the instance name is correct and that SQL Server is configured to allow remote connections. (provider: Named Pipes Provider, error: 40 - Could not open a connection to SQL Server)||System.Collections.ListDictionaryInternal||   at System.Data.ProviderBase.DbConnectionPool.TryGetConnection(DbConnection owningObject, UInt32 waitForMultipleObjectsTimeout, Boolean allowCreate, Boolean onlyOneCheckConnection, DbConnectionOptions userOptions, DbConnectionInternal& connection)
   at System.Data.ProviderBase.DbConnectionPool.TryGetConnection(DbConnection owningObject, TaskCompletionSource`1 retry, DbConnectionOptions userOptions, DbConnectionInternal& connection)
   at System.Data.ProviderBase.DbConnectionFactory.TryGetConnection(DbConnection owningConnection, TaskCompletionSource`1 retry, DbConnectionOptions userOptions, DbConnectionInternal oldConnection, DbConnectionInternal& connection)
   at System.Data.ProviderBase.DbConnectionInternal.TryOpenConnectionInternal(DbConnection outerConnection, DbConnectionFactory connectionFactory, TaskCompletionSource`1 retry, DbConnectionOptions userOptions)
   at System.Data.ProviderBase.DbConnectionClosed.TryOpenConnection(DbConnection outerConnection, DbConnectionFactory connectionFactory, TaskCompletionSource`1 retry, DbConnectionOptions userOptions)
   at System.Data.SqlClient.SqlConnection.TryOpenInner(TaskCompletionSource`1 retry)
   at System.Data.SqlClient.SqlConnection.TryOpen(TaskCompletionSource`1 retry)
   at System.Data.SqlClient.SqlConnection.Open()
   at AbidzarFrame.Core.Model.Business.SqlSrvDbFactory.CreateConnection() in C:\Users\hirama\Documents\Github\AbidzarFrame\Source\AbidzarFrame.Core.Model.Business\Factory\SqlSrvDbFactory.vb:line 19
   at AbidzarFrame.Master.Dao.RwDao.GetRwFindBy(RwRequest request, RwResult& RwResult) in C:\Users\hirama\Documents\Github\AbidzarFrame\Source\AbidzarFrame.Master\Dao\RwDao.cs:line 44||.Net SqlClient Data Provider||SQL53||'] [UserData: '<RwRequest xmlns="http://schemas.datacontract.org/2004/07/AbidzarFrame.Master.Interface.Dto" xmlns:i="http://www.w3.org/2001/XMLSchema-instance"><DibuatOleh i:nil="true" xmlns="http://schemas.datacontract.org/2004/07/AbidzarFrame.Domain.Models"/><DibuatTanggal xmlns="http://schemas.datacontract.org/2004/07/AbidzarFrame.Domain.Models">0001-01-01T00:00:00</DibuatTanggal><DieditOleh i:nil="true" xmlns="http://schemas.datacontract.org/2004/07/AbidzarFrame.Domain.Models"/><DieditTanggal i:nil="true" xmlns="http://schemas.datacontract.org/2004/07/AbidzarFrame.Domain.Models"/><Id xmlns="http://schemas.datacontract.org/2004/07/AbidzarFrame.Domain.Models">0</Id><KodeRt xmlns="http://schemas.datacontract.org/2004/07/AbidzarFrame.Domain.Models">31.73.08.1001</KodeRt><SystemStatus xmlns="http://schemas.datacontract.org/2004/07/AbidzarFrame.Domain.Models">false</SystemStatus><Deskripsi i:nil="true" xmlns="http://schemas.datacontract.org/2004/07/AbidzarFrame.Domain.Models"/><IdKelurahan xmlns="http://schemas.datacontract.org/2004/07/AbidzarFrame.Domain.Models">0</IdKelurahan><KodeRw i:nil="true" xmlns="http://schemas.datacontract.org/2004/07/AbidzarFrame.Domain.Models"/><NamaRw i:nil="true" xmlns="http://schemas.datacontract.org/2004/07/AbidzarFrame.Domain.Models"/><Nik i:nil="true" xmlns="http://schemas.datacontract.org/2004/07/AbidzarFrame.Domain.Models"/><Photo i:nil="true" xmlns="http://schemas.datacontract.org/2004/07/AbidzarFrame.Domain.Models"/><Quotes i:nil="true" xmlns="http://schemas.datacontract.org/2004/07/AbidzarFrame.Domain.Models"/><AuthenticationToken>AbidzarFrame</AuthenticationToken></RwRequest>']
STAT. [06-12-2019 13:51:19:18] [ID=] end...api=API_MasterServiceManager(GetRwFindBy)[user_id='ApiService']
STAT. [06-12-2019 13:51:25:35] [ID=] begin.api=SecurityServiceManager(GetAuthenticationToken)[user_id='ApiService']
STAT. [06-12-2019 13:51:25:36] [ID=] data..error=SecurityService(GetAuthenticationToken)[user_id='ApiService'] [Exception: 'A network-related or instance-specific error occurred while establishing a connection to SQL Server. The server was not found or was not accessible. Verify that the instance name is correct and that SQL Server is configured to allow remote connections. (provider: Named Pipes Provider, error: 40 - Could not open a connection to SQL Server)||System.Collections.ListDictionaryInternal||   at System.Data.ProviderBase.DbConnectionPool.TryGetConnection(DbConnection owningObject, UInt32 waitForMultipleObjectsTimeout, Boolean allowCreate, Boolean onlyOneCheckConnection, DbConnectionOptions userOptions, DbConnectionInternal& connection)
   at System.Data.ProviderBase.DbConnectionPool.TryGetConnection(DbConnection owningObject, TaskCompletionSource`1 retry, DbConnectionOptions userOptions, DbConnectionInternal& connection)
   at System.Data.ProviderBase.DbConnectionFactory.TryGetConnection(DbConnection owningConnection, TaskCompletionSource`1 retry, DbConnectionOptions userOptions, DbConnectionInternal oldConnection, DbConnectionInternal& connection)
   at System.Data.ProviderBase.DbConnectionInternal.TryOpenConnectionInternal(DbConnection outerConnection, DbConnectionFactory connectionFactory, TaskCompletionSource`1 retry, DbConnectionOptions userOptions)
   at System.Data.ProviderBase.DbConnectionClosed.TryOpenConnection(DbConnection outerConnection, DbConnectionFactory connectionFactory, TaskCompletionSource`1 retry, DbConnectionOptions userOptions)
   at System.Data.SqlClient.SqlConnection.TryOpenInner(TaskCompletionSource`1 retry)
   at System.Data.SqlClient.SqlConnection.TryOpen(TaskCompletionSource`1 retry)
   at System.Data.SqlClient.SqlConnection.Open()
   at AbidzarFrame.Core.Model.Business.SqlSrvDbFactory.CreateConnection() in C:\Users\hirama\Documents\Github\AbidzarFrame\Source\AbidzarFrame.Core.Model.Business\Factory\SqlSrvDbFactory.vb:line 19
   at AbidzarFrame.Security.Dao.AuthenticationTokenDao.GetAuthenticationToken(AuthenticationTokenRequest request, List`1& MenuResultList) in C:\Users\hirama\Documents\Github\AbidzarFrame\Source\AbidzarFrame.Security\Dao\AuthenticationTokenDao.cs:line 38||.Net SqlClient Data Provider||SQL53||'] [UserData: '<AuthenticationTokenRequest xmlns="http://schemas.datacontract.org/2004/07/AbidzarFrame.Security.Interface.Dto" xmlns:i="http://www.w3.org/2001/XMLSchema-instance"><DibuatOleh i:nil="true" xmlns="http://schemas.datacontract.org/2004/07/AbidzarFrame.Domain.Models"/><DibuatTanggal xmlns="http://schemas.datacontract.org/2004/07/AbidzarFrame.Domain.Models">0001-01-01T00:00:00</DibuatTanggal><DieditOleh i:nil="true" xmlns="http://schemas.datacontract.org/2004/07/AbidzarFrame.Domain.Models"/><DieditTanggal i:nil="true" xmlns="http://schemas.datacontract.org/2004/07/AbidzarFrame.Domain.Models"/><Id xmlns="http://schemas.datacontract.org/2004/07/AbidzarFrame.Domain.Models">0</Id><KodeRt i:nil="true" xmlns="http://schemas.datacontract.org/2004/07/AbidzarFrame.Domain.Models"/><SystemStatus xmlns="http://schemas.datacontract.org/2004/07/AbidzarFrame.Domain.Models">false</SystemStatus><Aplikasi i:nil="true" xmlns="http://schemas.datacontract.org/2004/07/AbidzarFrame.Domain.Models"/><Token i:nil="true" xmlns="http://schemas.datacontract.org/2004/07/AbidzarFrame.Domain.Models"/></AuthenticationTokenRequest>']
STAT. [06-12-2019 13:51:25:36] [ID=] end...api=SecurityServiceManager(GetAuthenticationToken)[user_id='ApiService']
STAT. [06-12-2019 13:51:25:36] [ID=] begin.api=API_MasterServiceManager(GetDetailJenisInformasiList)[user_id='ApiService']
STAT. [06-12-2019 13:51:25:37] [ID=] data..error=DetailJenisInformasiService(GetDetailJenisInformasiList)[user_id='ApiService'] [Exception: 'A network-related or instance-specific error occurred while establishing a connection to SQL Server. The server was not found or was not accessible. Verify that the instance name is correct and that SQL Server is configured to allow remote connections. (provider: Named Pipes Provider, error: 40 - Could not open a connection to SQL Server)||System.Collections.ListDictionaryInternal||   at System.Data.ProviderBase.DbConnectionPool.TryGetConnection(DbConnection owningObject, UInt32 waitForMultipleObjectsTimeout, Boolean allowCreate, Boolean onlyOneCheckConnection, DbConnectionOptions userOptions, DbConnectionInternal& connection)
   at System.Data.ProviderBase.DbConnectionPool.TryGetConnection(DbConnection owningObject, TaskCompletionSource`1 retry, DbConnectionOptions userOptions, DbConnectionInternal& connection)
   at System.Data.ProviderBase.DbConnectionFactory.TryGetConnection(DbConnection owningConnection, TaskCompletionSource`1 retry, DbConnectionOptions userOptions, DbConnectionInternal oldConnection, DbConnectionInternal& connection)
   at System.Data.ProviderBase.DbConnectionInternal.TryOpenConnectionInternal(DbConnection outerConnection, DbConnectionFactory connectionFactory, TaskCompletionSource`1 retry, DbConnectionOptions userOptions)
   at System.Data.ProviderBase.DbConnectionClosed.TryOpenConnection(DbConnection outerConnection, DbConnectionFactory connectionFactory, TaskCompletionSource`1 retry, DbConnectionOptions userOptions)
   at System.Data.SqlClient.SqlConnection.TryOpenInner(TaskCompletionSource`1 retry)
   at System.Data.SqlClient.SqlConnection.TryOpen(TaskCompletionSource`1 retry)
   at System.Data.SqlClient.SqlConnection.Open()
   at AbidzarFrame.Core.Model.Business.SqlSrvDbFactory.CreateConnection() in C:\Users\hirama\Documents\Github\AbidzarFrame\Source\AbidzarFrame.Core.Model.Business\Factory\SqlSrvDbFactory.vb:line 19
   at AbidzarFrame.Master.Dao.DetailJenisInformasiDao.GetDetailJenisInformasiList(List`1& DetailJenisInformasiResultList) in C:\Users\hirama\Documents\Github\AbidzarFrame\Source\AbidzarFrame.Master\Dao\DetailJenisInformasiDao.cs:line 127||.Net SqlClient Data Provider||SQL53||']
STAT. [06-12-2019 13:51:25:37] [ID=] end...api=API_MasterServiceManager(GetDetailJenisInformasiList)[user_id='ApiService']
STAT. [06-12-2019 14:03:55:12] [ID=] begin.api=SecurityServiceManager(GetAuthenticationToken)[user_id='ApiService']
STAT. [06-12-2019 14:03:57:77] [ID=] end...api=SecurityServiceManager(GetAuthenticationToken)[user_id='ApiService']
STAT. [06-12-2019 14:03:57:77] [ID=] begin.api=API_MasterServiceManager(GetRwFindBy)[user_id='ApiService']
STAT. [06-12-2019 14:03:58:36] [ID=] end...api=API_MasterServiceManager(GetRwFindBy)[user_id='ApiService']
STAT. [06-12-2019 14:04:38:97] [ID=] begin.api=SecurityServiceManager(GetAuthenticationToken)[user_id='ApiService']
STAT. [06-12-2019 14:04:39:43] [ID=] end...api=SecurityServiceManager(GetAuthenticationToken)[user_id='ApiService']
STAT. [06-12-2019 14:04:39:43] [ID=] begin.api=API_MasterServiceManager(GetRtByIdRw)[user_id='ApiService']
STAT. [06-12-2019 14:04:39:94] [ID=] end...api=API_MasterServiceManager(GetRtByIdRw)[user_id='ApiService']
STAT. [06-12-2019 14:08:34:53] [ID=] begin.api=SecurityServiceManager(GetAuthenticationToken)[user_id='ApiService']
STAT. [06-12-2019 14:08:35:00] [ID=] end...api=SecurityServiceManager(GetAuthenticationToken)[user_id='ApiService']
STAT. [06-12-2019 14:08:35:00] [ID=] begin.api=API_MasterServiceManager(GetRwFindBy)[user_id='ApiService']
STAT. [06-12-2019 14:08:35:48] [ID=] end...api=API_MasterServiceManager(GetRwFindBy)[user_id='ApiService']
STAT. [06-12-2019 14:08:55:38] [ID=] begin.api=SecurityServiceManager(GetAuthenticationToken)[user_id='ApiService']
STAT. [06-12-2019 14:08:55:85] [ID=] end...api=SecurityServiceManager(GetAuthenticationToken)[user_id='ApiService']
STAT. [06-12-2019 14:08:55:85] [ID=] begin.api=API_MasterServiceManager(GetRtByIdRw)[user_id='ApiService']
STAT. [06-12-2019 14:08:56:32] [ID=] end...api=API_MasterServiceManager(GetRtByIdRw)[user_id='ApiService']
STAT. [06-12-2019 14:10:14:58] [ID=] begin.api=SecurityServiceManager(GetAuthenticationToken)[user_id='ApiService']
STAT. [06-12-2019 14:10:15:06] [ID=] end...api=SecurityServiceManager(GetAuthenticationToken)[user_id='ApiService']
STAT. [06-12-2019 14:10:15:06] [ID=] begin.api=API_MasterServiceManager(GetRwFindBy)[user_id='ApiService']
STAT. [06-12-2019 14:10:15:53] [ID=] end...api=API_MasterServiceManager(GetRwFindBy)[user_id='ApiService']
STAT. [06-12-2019 14:11:56:75] [ID=] begin.api=SecurityServiceManager(GetAuthenticationToken)[user_id='ApiService']
STAT. [06-12-2019 14:11:57:22] [ID=] end...api=SecurityServiceManager(GetAuthenticationToken)[user_id='ApiService']
STAT. [06-12-2019 14:11:57:22] [ID=] begin.api=API_MasterServiceManager(GetRwFindBy)[user_id='ApiService']
STAT. [06-12-2019 14:11:57:69] [ID=] end...api=API_MasterServiceManager(GetRwFindBy)[user_id='ApiService']
STAT. [06-12-2019 14:12:06:53] [ID=] begin.api=SecurityServiceManager(GetAuthenticationToken)[user_id='ApiService']
STAT. [06-12-2019 14:12:07:00] [ID=] end...api=SecurityServiceManager(GetAuthenticationToken)[user_id='ApiService']
STAT. [06-12-2019 14:12:07:00] [ID=] begin.api=API_MasterServiceManager(GetRtByIdRw)[user_id='ApiService']
STAT. [06-12-2019 14:12:07:47] [ID=] end...api=API_MasterServiceManager(GetRtByIdRw)[user_id='ApiService']
STAT. [06-12-2019 14:14:42:97] [ID=] begin.api=SecurityServiceManager(GetAuthenticationToken)[user_id='ApiService']
STAT. [06-12-2019 14:14:43:45] [ID=] end...api=SecurityServiceManager(GetAuthenticationToken)[user_id='ApiService']
STAT. [06-12-2019 14:14:43:45] [ID=] begin.api=API_MasterServiceManager(GetRwFindBy)[user_id='ApiService']
STAT. [06-12-2019 14:14:43:94] [ID=] end...api=API_MasterServiceManager(GetRwFindBy)[user_id='ApiService']
STAT. [06-12-2019 14:15:53:33] [ID=] begin.api=SecurityServiceManager(GetAuthenticationToken)[user_id='ApiService']
STAT. [06-12-2019 14:15:53:81] [ID=] end...api=SecurityServiceManager(GetAuthenticationToken)[user_id='ApiService']
STAT. [06-12-2019 14:15:53:81] [ID=] begin.api=API_MasterServiceManager(GetRwFindBy)[user_id='ApiService']
STAT. [06-12-2019 14:15:54:29] [ID=] end...api=API_MasterServiceManager(GetRwFindBy)[user_id='ApiService']
STAT. [06-12-2019 14:16:46:05] [ID=] begin.api=SecurityServiceManager(GetAuthenticationToken)[user_id='ApiService']
STAT. [06-12-2019 14:16:46:53] [ID=] end...api=SecurityServiceManager(GetAuthenticationToken)[user_id='ApiService']
STAT. [06-12-2019 14:16:46:53] [ID=] begin.api=API_MasterServiceManager(GetRwFindBy)[user_id='ApiService']
STAT. [06-12-2019 14:16:47:03] [ID=] end...api=API_MasterServiceManager(GetRwFindBy)[user_id='ApiService']
STAT. [06-12-2019 14:18:49:30] [ID=] begin.api=SecurityServiceManager(GetAuthenticationToken)[user_id='ApiService']
STAT. [06-12-2019 14:18:49:77] [ID=] end...api=SecurityServiceManager(GetAuthenticationToken)[user_id='ApiService']
STAT. [06-12-2019 14:18:55:09] [ID=] begin.api=API_MasterServiceManager(GetRwFindBy)[user_id='ApiService']
STAT. [06-12-2019 14:19:33:67] [ID=] end...api=API_MasterServiceManager(GetRwFindBy)[user_id='ApiService']
STAT. [06-12-2019 14:19:48:40] [ID=] begin.api=SecurityServiceManager(GetAuthenticationToken)[user_id='ApiService']
STAT. [06-12-2019 14:19:48:86] [ID=] end...api=SecurityServiceManager(GetAuthenticationToken)[user_id='ApiService']
STAT. [06-12-2019 14:19:52:58] [ID=] begin.api=API_MasterServiceManager(GetRwByKodeRt)[user_id='ApiService']
STAT. [06-12-2019 14:20:17:58] [ID=] end...api=API_MasterServiceManager(GetRwByKodeRt)[user_id='ApiService']
STAT. [06-12-2019 14:21:07:68] [ID=] begin.api=SecurityServiceManager(GetAuthenticationToken)[user_id='ApiService']
STAT. [06-12-2019 14:21:08:16] [ID=] end...api=SecurityServiceManager(GetAuthenticationToken)[user_id='ApiService']
STAT. [06-12-2019 14:21:14:95] [ID=] begin.api=API_MasterServiceManager(GetRwByKodeRt)[user_id='ApiService']
STAT. [06-12-2019 14:21:40:60] [ID=] end...api=API_MasterServiceManager(GetRwByKodeRt)[user_id='ApiService']
STAT. [06-12-2019 14:21:52:98] [ID=] begin.api=SecurityServiceManager(GetAuthenticationToken)[user_id='ApiService']
STAT. [06-12-2019 14:21:53:45] [ID=] end...api=SecurityServiceManager(GetAuthenticationToken)[user_id='ApiService']
STAT. [06-12-2019 14:21:53:45] [ID=] begin.api=API_MasterServiceManager(GetRtByIdRw)[user_id='ApiService']
STAT. [06-12-2019 14:21:53:92] [ID=] end...api=API_MasterServiceManager(GetRtByIdRw)[user_id='ApiService']
STAT. [06-12-2019 14:37:08:07] [ID=] begin.api=SecurityServiceManager(GetAuthenticationToken)[user_id='ApiService']
STAT. [06-12-2019 14:37:09:82] [ID=] end...api=SecurityServiceManager(GetAuthenticationToken)[user_id='ApiService']
STAT. [06-12-2019 14:37:09:82] [ID=] begin.api=API_MasterServiceManager(GetRtByIdRw)[user_id='ApiService']
STAT. [06-12-2019 14:37:10:29] [ID=] end...api=API_MasterServiceManager(GetRtByIdRw)[user_id='ApiService']
STAT. [06-12-2019 14:42:11:22] [ID=] begin.api=SecurityServiceManager(GetAuthenticationToken)[user_id='ApiService']
STAT. [06-12-2019 14:42:11:68] [ID=] end...api=SecurityServiceManager(GetAuthenticationToken)[user_id='ApiService']
STAT. [06-12-2019 14:42:11:68] [ID=] begin.api=API_MasterServiceManager(GetRtByIdRw)[user_id='ApiService']
STAT. [06-12-2019 14:42:12:13] [ID=] end...api=API_MasterServiceManager(GetRtByIdRw)[user_id='ApiService']
STAT. [06-12-2019 14:44:05:79] [ID=] begin.api=SecurityServiceManager(GetAuthenticationToken)[user_id='ApiService']
STAT. [06-12-2019 14:44:06:24] [ID=] end...api=SecurityServiceManager(GetAuthenticationToken)[user_id='ApiService']
STAT. [06-12-2019 14:44:06:24] [ID=] begin.api=API_MasterServiceManager(GetRtByIdRw)[user_id='ApiService']
STAT. [06-12-2019 14:44:06:70] [ID=] end...api=API_MasterServiceManager(GetRtByIdRw)[user_id='ApiService']
STAT. [06-12-2019 14:48:06:27] [ID=] begin.api=SecurityServiceManager(GetAuthenticationToken)[user_id='ApiService']
STAT. [06-12-2019 14:48:06:73] [ID=] end...api=SecurityServiceManager(GetAuthenticationToken)[user_id='ApiService']
STAT. [06-12-2019 14:48:06:73] [ID=] begin.api=API_MasterServiceManager(GetRtByIdRw)[user_id='ApiService']
STAT. [06-12-2019 14:48:07:19] [ID=] end...api=API_MasterServiceManager(GetRtByIdRw)[user_id='ApiService']
STAT. [06-12-2019 14:49:18:67] [ID=] begin.api=SecurityServiceManager(GetAuthenticationToken)[user_id='ApiService']
STAT. [06-12-2019 14:49:19:12] [ID=] end...api=SecurityServiceManager(GetAuthenticationToken)[user_id='ApiService']
STAT. [06-12-2019 14:49:19:12] [ID=] begin.api=API_MasterServiceManager(GetRtByIdRw)[user_id='ApiService']
STAT. [06-12-2019 14:49:19:58] [ID=] end...api=API_MasterServiceManager(GetRtByIdRw)[user_id='ApiService']
STAT. [06-12-2019 15:23:56:26] [ID=] begin.api=SecurityServiceManager(GetAuthenticationToken)[user_id='ApiService']
STAT. [06-12-2019 15:23:58:54] [ID=] end...api=SecurityServiceManager(GetAuthenticationToken)[user_id='ApiService']
STAT. [06-12-2019 15:23:58:54] [ID=] begin.api=API_MasterServiceManager(GetRwByKodeRt)[user_id='ApiService']
STAT. [06-12-2019 15:23:59:18] [ID=] end...api=API_MasterServiceManager(GetRwByKodeRt)[user_id='ApiService']
STAT. [06-12-2019 15:24:45:95] [ID=] begin.api=SecurityServiceManager(GetAuthenticationToken)[user_id='ApiService']
STAT. [06-12-2019 15:24:46:42] [ID=] end...api=SecurityServiceManager(GetAuthenticationToken)[user_id='ApiService']
STAT. [06-12-2019 15:24:46:42] [ID=] begin.api=API_MasterServiceManager(GetRtByIdRw)[user_id='ApiService']
STAT. [06-12-2019 15:24:46:90] [ID=] end...api=API_MasterServiceManager(GetRtByIdRw)[user_id='ApiService']
STAT. [06-12-2019 22:04:46:29] [ID=] begin.api=SecurityServiceManager(GetAuthenticationToken)[user_id='ApiService']
STAT. [06-12-2019 22:04:49:37] [ID=] end...api=SecurityServiceManager(GetAuthenticationToken)[user_id='ApiService']
STAT. [06-12-2019 22:04:49:38] [ID=] begin.api=API_MasterServiceManager(GetRwByKodeRt)[user_id='ApiService']
STAT. [06-12-2019 22:04:50:05] [ID=] end...api=API_MasterServiceManager(GetRwByKodeRt)[user_id='ApiService']
STAT. [06-12-2019 22:06:27:64] [ID=] begin.api=SecurityServiceManager(GetAuthenticationToken)[user_id='ApiService']
STAT. [06-12-2019 22:06:28:61] [ID=] end...api=SecurityServiceManager(GetAuthenticationToken)[user_id='ApiService']
STAT. [06-12-2019 22:06:28:61] [ID=] begin.api=API_MasterServiceManager(GetRtByIdRw)[user_id='ApiService']
STAT. [06-12-2019 22:06:29:58] [ID=] end...api=API_MasterServiceManager(GetRtByIdRw)[user_id='ApiService']
STAT. [06-12-2019 22:07:32:54] [ID=] begin.api=SecurityServiceManager(GetAuthenticationToken)[user_id='ApiService']
STAT. [06-12-2019 22:07:33:07] [ID=] end...api=SecurityServiceManager(GetAuthenticationToken)[user_id='ApiService']
STAT. [06-12-2019 22:07:33:07] [ID=] begin.api=API_MasterServiceManager(GetDokumentasiDetailJenisKegiatanListByIdDetailJenisKegiatan)[user_id='ApiService']
STAT. [06-12-2019 22:07:33:81] [ID=] end...api=API_MasterServiceManager(GetDokumentasiDetailJenisKegiatanListByIdDetailJenisKegiatan)[user_id='ApiService']
STAT. [06-12-2019 22:07:46:01] [ID=] begin.api=SecurityServiceManager(GetAuthenticationToken)[user_id='ApiService']
STAT. [06-12-2019 22:07:46:55] [ID=] end...api=SecurityServiceManager(GetAuthenticationToken)[user_id='ApiService']
STAT. [06-12-2019 22:07:46:55] [ID=] begin.api=API_MasterServiceManager(GetDetailJenisInformasiList)[user_id='ApiService']
STAT. [06-12-2019 22:07:49:12] [ID=] end...api=API_MasterServiceManager(GetDetailJenisInformasiList)[user_id='ApiService']
STAT. [06-12-2019 22:08:29:76] [ID=] begin.api=SecurityServiceManager(GetAuthenticationToken)[user_id='ApiService']
STAT. [06-12-2019 22:08:30:31] [ID=] end...api=SecurityServiceManager(GetAuthenticationToken)[user_id='ApiService']
STAT. [06-12-2019 22:08:30:31] [ID=] begin.api=API_MasterServiceManager(GetDetailJenisInformasiList)[user_id='ApiService']
STAT. [06-12-2019 22:08:32:35] [ID=] end...api=API_MasterServiceManager(GetDetailJenisInformasiList)[user_id='ApiService']
STAT. [06-12-2019 22:47:27:83] [ID=] begin.api=SecurityServiceManager(GetAuthenticationToken)[user_id='ApiService']
STAT. [06-12-2019 22:47:30:00] [ID=] end...api=SecurityServiceManager(GetAuthenticationToken)[user_id='ApiService']
STAT. [06-12-2019 22:47:30:01] [ID=] begin.api=API_MasterServiceManager(GetBiodataByNik)[user_id='ApiService']
STAT. [06-12-2019 22:47:30:30] [ID=] data..error=BiodataService(GetBiodataByNik)[user_id='ApiService'] [Exception: 'Procedure or function 'SpGetBiodataByNik' expects parameter '@Nik', which was not supplied.||System.Collections.ListDictionaryInternal||   at System.Data.SqlClient.SqlConnection.OnError(SqlException exception, Boolean breakConnection, Action`1 wrapCloseInAction)
   at System.Data.SqlClient.SqlInternalConnection.OnError(SqlException exception, Boolean breakConnection, Action`1 wrapCloseInAction)
   at System.Data.SqlClient.TdsParser.ThrowExceptionAndWarning(TdsParserStateObject stateObj, Boolean callerHasConnectionLock, Boolean asyncClose)
   at System.Data.SqlClient.TdsParser.TryRun(RunBehavior runBehavior, SqlCommand cmdHandler, SqlDataReader dataStream, BulkCopySimpleResultSet bulkCopyHandler, TdsParserStateObject stateObj, Boolean& dataReady)
   at System.Data.SqlClient.SqlCommand.FinishExecuteReader(SqlDataReader ds, RunBehavior runBehavior, String resetOptionsString, Boolean isInternal, Boolean forDescribeParameterEncryption, Boolean shouldCacheForAlwaysEncrypted)
   at System.Data.SqlClient.SqlCommand.RunExecuteReaderTds(CommandBehavior cmdBehavior, RunBehavior runBehavior, Boolean returnStream, Boolean async, Int32 timeout, Task& task, Boolean asyncWrite, Boolean inRetry, SqlDataReader ds, Boolean describeParameterEncryptionRequest)
   at System.Data.SqlClient.SqlCommand.RunExecuteReader(CommandBehavior cmdBehavior, RunBehavior runBehavior, Boolean returnStream, String method, TaskCompletionSource`1 completion, Int32 timeout, Task& task, Boolean& usedCache, Boolean asyncWrite, Boolean inRetry)
   at System.Data.SqlClient.SqlCommand.InternalExecuteNonQuery(TaskCompletionSource`1 completion, String methodName, Boolean sendToPipe, Int32 timeout, Boolean& usedCache, Boolean asyncWrite, Boolean inRetry)
   at System.Data.SqlClient.SqlCommand.ExecuteNonQuery()
   at AbidzarFrame.Master.Dao.BiodataDao.GetBiodataByNik(BiodataRequest request, List`1& BiodataResultList) in C:\Users\hirama\Documents\Github\AbidzarFrame\Source\AbidzarFrame.Master\Dao\BiodataDao.cs:line 253||.Net SqlClient Data Provider||SQL201||']
STAT. [06-12-2019 22:47:30:30] [ID=] end...api=API_MasterServiceManager(GetBiodataByNik)[user_id='ApiService']
STAT. [06-12-2019 22:48:28:20] [ID=] begin.api=SecurityServiceManager(GetAuthenticationToken)[user_id='ApiService']
STAT. [06-12-2019 22:48:28:75] [ID=] end...api=SecurityServiceManager(GetAuthenticationToken)[user_id='ApiService']
STAT. [06-12-2019 22:48:28:75] [ID=] begin.api=API_MasterServiceManager(GetRwByKodeRt)[user_id='ApiService']
STAT. [06-12-2019 22:48:29:31] [ID=] end...api=API_MasterServiceManager(GetRwByKodeRt)[user_id='ApiService']
STAT. [06-12-2019 22:48:31:89] [ID=] begin.api=SecurityServiceManager(GetAuthenticationToken)[user_id='ApiService']
STAT. [06-12-2019 22:48:32:53] [ID=] end...api=SecurityServiceManager(GetAuthenticationToken)[user_id='ApiService']
STAT. [06-12-2019 22:48:32:53] [ID=] begin.api=API_MasterServiceManager(GetBiodataByNik)[user_id='ApiService']
STAT. [06-12-2019 22:48:32:79] [ID=] data..error=BiodataService(GetBiodataByNik)[user_id='ApiService'] [Exception: 'Procedure or function 'SpGetBiodataByNik' expects parameter '@Nik', which was not supplied.||System.Collections.ListDictionaryInternal||   at System.Data.SqlClient.SqlConnection.OnError(SqlException exception, Boolean breakConnection, Action`1 wrapCloseInAction)
   at System.Data.SqlClient.SqlInternalConnection.OnError(SqlException exception, Boolean breakConnection, Action`1 wrapCloseInAction)
   at System.Data.SqlClient.TdsParser.ThrowExceptionAndWarning(TdsParserStateObject stateObj, Boolean callerHasConnectionLock, Boolean asyncClose)
   at System.Data.SqlClient.TdsParser.TryRun(RunBehavior runBehavior, SqlCommand cmdHandler, SqlDataReader dataStream, BulkCopySimpleResultSet bulkCopyHandler, TdsParserStateObject stateObj, Boolean& dataReady)
   at System.Data.SqlClient.SqlCommand.FinishExecuteReader(SqlDataReader ds, RunBehavior runBehavior, String resetOptionsString, Boolean isInternal, Boolean forDescribeParameterEncryption, Boolean shouldCacheForAlwaysEncrypted)
   at System.Data.SqlClient.SqlCommand.RunExecuteReaderTds(CommandBehavior cmdBehavior, RunBehavior runBehavior, Boolean returnStream, Boolean async, Int32 timeout, Task& task, Boolean asyncWrite, Boolean inRetry, SqlDataReader ds, Boolean describeParameterEncryptionRequest)
   at System.Data.SqlClient.SqlCommand.RunExecuteReader(CommandBehavior cmdBehavior, RunBehavior runBehavior, Boolean returnStream, String method, TaskCompletionSource`1 completion, Int32 timeout, Task& task, Boolean& usedCache, Boolean asyncWrite, Boolean inRetry)
   at System.Data.SqlClient.SqlCommand.InternalExecuteNonQuery(TaskCompletionSource`1 completion, String methodName, Boolean sendToPipe, Int32 timeout, Boolean& usedCache, Boolean asyncWrite, Boolean inRetry)
   at System.Data.SqlClient.SqlCommand.ExecuteNonQuery()
   at AbidzarFrame.Master.Dao.BiodataDao.GetBiodataByNik(BiodataRequest request, List`1& BiodataResultList) in C:\Users\hirama\Documents\Github\AbidzarFrame\Source\AbidzarFrame.Master\Dao\BiodataDao.cs:line 253||.Net SqlClient Data Provider||SQL201||']
STAT. [06-12-2019 22:48:32:79] [ID=] end...api=API_MasterServiceManager(GetBiodataByNik)[user_id='ApiService']
STAT. [06-12-2019 22:50:38:26] [ID=] begin.api=SecurityServiceManager(GetAuthenticationToken)[user_id='ApiService']
STAT. [06-12-2019 22:50:38:80] [ID=] end...api=SecurityServiceManager(GetAuthenticationToken)[user_id='ApiService']
STAT. [06-12-2019 22:50:38:80] [ID=] begin.api=API_MasterServiceManager(GetRwByKodeRt)[user_id='ApiService']
STAT. [06-12-2019 22:50:39:37] [ID=] end...api=API_MasterServiceManager(GetRwByKodeRt)[user_id='ApiService']
STAT. [06-12-2019 22:50:55:51] [ID=] begin.api=SecurityServiceManager(GetAuthenticationToken)[user_id='ApiService']
STAT. [06-12-2019 22:50:56:03] [ID=] end...api=SecurityServiceManager(GetAuthenticationToken)[user_id='ApiService']
STAT. [06-12-2019 22:50:56:03] [ID=] begin.api=API_MasterServiceManager(GetBiodataByNik)[user_id='ApiService']
STAT. [06-12-2019 22:50:56:63] [ID=] end...api=API_MasterServiceManager(GetBiodataByNik)[user_id='ApiService']
STAT. [06-12-2019 22:51:04:82] [ID=] begin.api=SecurityServiceManager(GetAuthenticationToken)[user_id='ApiService']
STAT. [06-12-2019 22:51:05:37] [ID=] end...api=SecurityServiceManager(GetAuthenticationToken)[user_id='ApiService']
STAT. [06-12-2019 22:51:05:37] [ID=] begin.api=API_MasterServiceManager(GetRtByIdRw)[user_id='ApiService']
STAT. [06-12-2019 22:51:05:91] [ID=] end...api=API_MasterServiceManager(GetRtByIdRw)[user_id='ApiService']
STAT. [06-12-2019 22:51:13:86] [ID=] begin.api=SecurityServiceManager(GetAuthenticationToken)[user_id='ApiService']
STAT. [06-12-2019 22:51:14:49] [ID=] end...api=SecurityServiceManager(GetAuthenticationToken)[user_id='ApiService']
STAT. [06-12-2019 22:51:14:49] [ID=] begin.api=API_MasterServiceManager(GetBiodataByNik)[user_id='ApiService']
STAT. [06-12-2019 22:51:15:05] [ID=] end...api=API_MasterServiceManager(GetBiodataByNik)[user_id='ApiService']
STAT. [06-12-2019 22:51:16:91] [ID=] begin.api=SecurityServiceManager(GetAuthenticationToken)[user_id='ApiService']
STAT. [06-12-2019 22:51:17:43] [ID=] end...api=SecurityServiceManager(GetAuthenticationToken)[user_id='ApiService']
STAT. [06-12-2019 22:51:17:43] [ID=] begin.api=API_MasterServiceManager(GetRtByIdRw)[user_id='ApiService']
STAT. [06-12-2019 22:51:17:95] [ID=] end...api=API_MasterServiceManager(GetRtByIdRw)[user_id='ApiService']
STAT. [06-12-2019 22:51:20:19] [ID=] begin.api=SecurityServiceManager(GetAuthenticationToken)[user_id='ApiService']
STAT. [06-12-2019 22:51:20:73] [ID=] end...api=SecurityServiceManager(GetAuthenticationToken)[user_id='ApiService']
STAT. [06-12-2019 22:51:20:73] [ID=] begin.api=API_MasterServiceManager(GetDetailJenisInformasiList)[user_id='ApiService']
STAT. [06-12-2019 22:51:22:47] [ID=] end...api=API_MasterServiceManager(GetDetailJenisInformasiList)[user_id='ApiService']
STAT. [06-12-2019 23:58:20:47] [ID=] begin.api=SecurityServiceManager(GetAuthenticationToken)[user_id='ApiService']
STAT. [06-12-2019 23:58:22:90] [ID=] end...api=SecurityServiceManager(GetAuthenticationToken)[user_id='ApiService']
STAT. [06-12-2019 23:58:22:90] [ID=] begin.api=API_MasterServiceManager(GetRwByKodeRt)[user_id='ApiService']
STAT. [06-12-2019 23:58:23:55] [ID=] end...api=API_MasterServiceManager(GetRwByKodeRt)[user_id='ApiService']
STAT. [06-12-2019 23:58:23:98] [ID=] begin.api=SecurityServiceManager(GetAuthenticationToken)[user_id='ApiService']
STAT. [06-12-2019 23:58:24:52] [ID=] end...api=SecurityServiceManager(GetAuthenticationToken)[user_id='ApiService']
STAT. [06-12-2019 23:58:24:52] [ID=] begin.api=API_MasterServiceManager(GetTestimoniByIdRw)[user_id='ApiService']
STAT. [06-12-2019 23:58:25:19] [ID=] end...api=API_MasterServiceManager(GetTestimoniByIdRw)[user_id='ApiService']
STAT. [06-12-2019 23:59:02:57] [ID=] begin.api=SecurityServiceManager(GetAuthenticationToken)[user_id='ApiService']
STAT. [06-12-2019 23:59:03:09] [ID=] end...api=SecurityServiceManager(GetAuthenticationToken)[user_id='ApiService']
STAT. [06-12-2019 23:59:03:10] [ID=] begin.api=API_MasterServiceManager(GetBiodataByNik)[user_id='ApiService']
STAT. [06-12-2019 23:59:03:63] [ID=] end...api=API_MasterServiceManager(GetBiodataByNik)[user_id='ApiService']
STAT. [06-12-2019 23:59:05:58] [ID=] begin.api=SecurityServiceManager(GetAuthenticationToken)[user_id='ApiService']
STAT. [06-12-2019 23:59:06:11] [ID=] end...api=SecurityServiceManager(GetAuthenticationToken)[user_id='ApiService']
STAT. [06-12-2019 23:59:06:12] [ID=] begin.api=API_MasterServiceManager(GetRtByIdRw)[user_id='ApiService']
STAT. [06-12-2019 23:59:06:71] [ID=] end...api=API_MasterServiceManager(GetRtByIdRw)[user_id='ApiService']
STAT. [07-12-2019 00:00:42:64] [ID=] begin.api=SecurityServiceManager(GetAuthenticationToken)[user_id='ApiService']
STAT. [07-12-2019 00:00:43:17] [ID=] end...api=SecurityServiceManager(GetAuthenticationToken)[user_id='ApiService']
STAT. [07-12-2019 00:00:43:17] [ID=] begin.api=API_MasterServiceManager(GetRtByIdRw)[user_id='ApiService']
STAT. [07-12-2019 00:00:43:79] [ID=] end...api=API_MasterServiceManager(GetRtByIdRw)[user_id='ApiService']
STAT. [07-12-2019 00:01:03:00] [ID=] begin.api=SecurityServiceManager(GetAuthenticationToken)[user_id='ApiService']
STAT. [07-12-2019 00:01:03:56] [ID=] end...api=SecurityServiceManager(GetAuthenticationToken)[user_id='ApiService']
STAT. [07-12-2019 00:01:03:56] [ID=] begin.api=API_MasterServiceManager(GetRtByIdRw)[user_id='ApiService']
STAT. [07-12-2019 00:01:04:10] [ID=] end...api=API_MasterServiceManager(GetRtByIdRw)[user_id='ApiService']
STAT. [07-12-2019 00:01:26:72] [ID=] begin.api=SecurityServiceManager(GetAuthenticationToken)[user_id='ApiService']
STAT. [07-12-2019 00:01:27:27] [ID=] end...api=SecurityServiceManager(GetAuthenticationToken)[user_id='ApiService']
STAT. [07-12-2019 00:01:27:27] [ID=] begin.api=API_MasterServiceManager(GetRtByIdRw)[user_id='ApiService']
STAT. [07-12-2019 00:01:27:80] [ID=] end...api=API_MasterServiceManager(GetRtByIdRw)[user_id='ApiService']
STAT. [07-12-2019 00:02:35:81] [ID=] begin.api=SecurityServiceManager(GetAuthenticationToken)[user_id='ApiService']
STAT. [07-12-2019 00:02:36:37] [ID=] end...api=SecurityServiceManager(GetAuthenticationToken)[user_id='ApiService']
STAT. [07-12-2019 00:02:36:37] [ID=] begin.api=API_MasterServiceManager(GetBiodataByNik)[user_id='ApiService']
STAT. [07-12-2019 00:02:36:97] [ID=] end...api=API_MasterServiceManager(GetBiodataByNik)[user_id='ApiService']
STAT. [07-12-2019 00:03:21:37] [ID=] begin.api=SecurityServiceManager(GetAuthenticationToken)[user_id='ApiService']
STAT. [07-12-2019 00:03:21:92] [ID=] end...api=SecurityServiceManager(GetAuthenticationToken)[user_id='ApiService']
STAT. [07-12-2019 00:03:21:92] [ID=] begin.api=API_MasterServiceManager(GetDetailJenisInformasiList)[user_id='ApiService']
STAT. [07-12-2019 00:03:24:45] [ID=] end...api=API_MasterServiceManager(GetDetailJenisInformasiList)[user_id='ApiService']
STAT. [07-12-2019 00:03:30:26] [ID=] begin.api=SecurityServiceManager(GetAuthenticationToken)[user_id='ApiService']
STAT. [07-12-2019 00:03:30:80] [ID=] end...api=SecurityServiceManager(GetAuthenticationToken)[user_id='ApiService']
STAT. [07-12-2019 00:03:30:81] [ID=] begin.api=API_MasterServiceManager(GetDokumentasiDetailJenisKegiatanListByIdDetailJenisKegiatan)[user_id='ApiService']
STAT. [07-12-2019 00:03:31:45] [ID=] end...api=API_MasterServiceManager(GetDokumentasiDetailJenisKegiatanListByIdDetailJenisKegiatan)[user_id='ApiService']
STAT. [07-12-2019 00:03:42:92] [ID=] begin.api=SecurityServiceManager(GetAuthenticationToken)[user_id='ApiService']
STAT. [07-12-2019 00:03:43:46] [ID=] end...api=SecurityServiceManager(GetAuthenticationToken)[user_id='ApiService']
STAT. [07-12-2019 00:03:43:46] [ID=] begin.api=API_MasterServiceManager(GetDokumentasiDetailJenisKegiatanListByIdDetailJenisKegiatan)[user_id='ApiService']
STAT. [07-12-2019 00:03:44:00] [ID=] end...api=API_MasterServiceManager(GetDokumentasiDetailJenisKegiatanListByIdDetailJenisKegiatan)[user_id='ApiService']
STAT. [07-12-2019 00:03:48:04] [ID=] begin.api=SecurityServiceManager(GetAuthenticationToken)[user_id='ApiService']
STAT. [07-12-2019 00:03:48:55] [ID=] end...api=SecurityServiceManager(GetAuthenticationToken)[user_id='ApiService']
STAT. [07-12-2019 00:03:48:55] [ID=] begin.api=API_MasterServiceManager(GetDetailJenisInformasiList)[user_id='ApiService']
STAT. [07-12-2019 00:03:49:64] [ID=] end...api=API_MasterServiceManager(GetDetailJenisInformasiList)[user_id='ApiService']
STAT. [07-12-2019 00:04:35:13] [ID=] begin.api=SecurityServiceManager(GetAuthenticationToken)[user_id='ApiService']
STAT. [07-12-2019 00:04:35:65] [ID=] end...api=SecurityServiceManager(GetAuthenticationToken)[user_id='ApiService']
STAT. [07-12-2019 00:04:35:65] [ID=] begin.api=API_MasterServiceManager(GetRtByIdRw)[user_id='ApiService']
STAT. [07-12-2019 00:04:36:22] [ID=] end...api=API_MasterServiceManager(GetRtByIdRw)[user_id='ApiService']
STAT. [07-12-2019 00:04:45:67] [ID=] begin.api=SecurityServiceManager(GetAuthenticationToken)[user_id='ApiService']
STAT. [07-12-2019 00:04:46:21] [ID=] end...api=SecurityServiceManager(GetAuthenticationToken)[user_id='ApiService']
STAT. [07-12-2019 00:04:46:21] [ID=] begin.api=API_MasterServiceManager(GetDetailJenisInformasiList)[user_id='ApiService']
STAT. [07-12-2019 00:04:47:11] [ID=] end...api=API_MasterServiceManager(GetDetailJenisInformasiList)[user_id='ApiService']
STAT. [07-12-2019 00:09:34:09] [ID=] begin.api=SecurityServiceManager(GetAuthenticationToken)[user_id='ApiService']
STAT. [07-12-2019 00:09:34:71] [ID=] end...api=SecurityServiceManager(GetAuthenticationToken)[user_id='ApiService']
STAT. [07-12-2019 00:09:34:71] [ID=] begin.api=API_MasterServiceManager(GetDetailJenisInformasiList)[user_id='ApiService']
STAT. [07-12-2019 00:09:36:72] [ID=] end...api=API_MasterServiceManager(GetDetailJenisInformasiList)[user_id='ApiService']
STAT. [07-12-2019 00:10:06:71] [ID=] begin.api=SecurityServiceManager(GetAuthenticationToken)[user_id='ApiService']
STAT. [07-12-2019 00:10:07:35] [ID=] end...api=SecurityServiceManager(GetAuthenticationToken)[user_id='ApiService']
STAT. [07-12-2019 00:10:07:35] [ID=] begin.api=API_MasterServiceManager(GetDetailJenisInformasiList)[user_id='ApiService']
STAT. [07-12-2019 00:10:10:36] [ID=] end...api=API_MasterServiceManager(GetDetailJenisInformasiList)[user_id='ApiService']
STAT. [07-12-2019 00:12:42:29] [ID=] begin.api=SecurityServiceManager(GetAuthenticationToken)[user_id='ApiService']
STAT. [07-12-2019 00:12:42:82] [ID=] end...api=SecurityServiceManager(GetAuthenticationToken)[user_id='ApiService']
STAT. [07-12-2019 00:12:42:82] [ID=] begin.api=API_MasterServiceManager(GetDetailJenisInformasiList)[user_id='ApiService']
STAT. [07-12-2019 00:12:44:62] [ID=] end...api=API_MasterServiceManager(GetDetailJenisInformasiList)[user_id='ApiService']
STAT. [07-12-2019 00:12:56:01] [ID=] begin.api=SecurityServiceManager(GetAuthenticationToken)[user_id='ApiService']
STAT. [07-12-2019 00:12:56:53] [ID=] end...api=SecurityServiceManager(GetAuthenticationToken)[user_id='ApiService']
STAT. [07-12-2019 00:12:56:53] [ID=] begin.api=API_MasterServiceManager(GetBiodataByNik)[user_id='ApiService']
STAT. [07-12-2019 00:12:57:09] [ID=] end...api=API_MasterServiceManager(GetBiodataByNik)[user_id='ApiService']
STAT. [07-12-2019 00:13:01:27] [ID=] begin.api=SecurityServiceManager(GetAuthenticationToken)[user_id='ApiService']
STAT. [07-12-2019 00:13:01:81] [ID=] end...api=SecurityServiceManager(GetAuthenticationToken)[user_id='ApiService']
STAT. [07-12-2019 00:13:01:81] [ID=] begin.api=API_MasterServiceManager(GetRtByIdRw)[user_id='ApiService']
STAT. [07-12-2019 00:13:02:39] [ID=] end...api=API_MasterServiceManager(GetRtByIdRw)[user_id='ApiService']
STAT. [07-12-2019 00:13:06:13] [ID=] begin.api=SecurityServiceManager(GetAuthenticationToken)[user_id='ApiService']
STAT. [07-12-2019 00:13:06:67] [ID=] end...api=SecurityServiceManager(GetAuthenticationToken)[user_id='ApiService']
STAT. [07-12-2019 00:13:06:68] [ID=] begin.api=API_MasterServiceManager(GetDetailJenisInformasiList)[user_id='ApiService']
STAT. [07-12-2019 00:13:08:03] [ID=] end...api=API_MasterServiceManager(GetDetailJenisInformasiList)[user_id='ApiService']
STAT. [07-12-2019 00:23:38:95] [ID=] begin.api=SecurityServiceManager(GetAuthenticationToken)[user_id='ApiService']
STAT. [07-12-2019 00:23:40:97] [ID=] end...api=SecurityServiceManager(GetAuthenticationToken)[user_id='ApiService']
STAT. [07-12-2019 00:23:40:98] [ID=] begin.api=API_MasterServiceManager(GetRtByIdRw)[user_id='ApiService']
STAT. [07-12-2019 00:23:41:56] [ID=] end...api=API_MasterServiceManager(GetRtByIdRw)[user_id='ApiService']
STAT. [07-12-2019 00:24:14:87] [ID=] begin.api=SecurityServiceManager(GetAuthenticationToken)[user_id='ApiService']
STAT. [07-12-2019 00:24:15:42] [ID=] end...api=SecurityServiceManager(GetAuthenticationToken)[user_id='ApiService']
STAT. [07-12-2019 00:24:15:42] [ID=] begin.api=API_MasterServiceManager(GetDetailJenisInformasiList)[user_id='ApiService']
STAT. [07-12-2019 00:24:16:21] [ID=] end...api=API_MasterServiceManager(GetDetailJenisInformasiList)[user_id='ApiService']
STAT. [07-12-2019 00:24:18:17] [ID=] begin.api=SecurityServiceManager(GetAuthenticationToken)[user_id='ApiService']
STAT. [07-12-2019 00:24:18:68] [ID=] end...api=SecurityServiceManager(GetAuthenticationToken)[user_id='ApiService']
STAT. [07-12-2019 00:24:18:68] [ID=] begin.api=API_MasterServiceManager(GetDokumentasiDetailJenisKegiatanListByIdDetailJenisKegiatan)[user_id='ApiService']
STAT. [07-12-2019 00:24:19:32] [ID=] end...api=API_MasterServiceManager(GetDokumentasiDetailJenisKegiatanListByIdDetailJenisKegiatan)[user_id='ApiService']
STAT. [07-12-2019 00:24:25:39] [ID=] begin.api=SecurityServiceManager(GetAuthenticationToken)[user_id='ApiService']
STAT. [07-12-2019 00:24:25:92] [ID=] end...api=SecurityServiceManager(GetAuthenticationToken)[user_id='ApiService']
STAT. [07-12-2019 00:24:25:92] [ID=] begin.api=API_MasterServiceManager(GetDokumentasiDetailJenisKegiatanListByIdDetailJenisKegiatan)[user_id='ApiService']
STAT. [07-12-2019 00:24:26:47] [ID=] end...api=API_MasterServiceManager(GetDokumentasiDetailJenisKegiatanListByIdDetailJenisKegiatan)[user_id='ApiService']
STAT. [07-12-2019 00:24:45:40] [ID=] begin.api=SecurityServiceManager(GetAuthenticationToken)[user_id='ApiService']
STAT. [07-12-2019 00:24:46:00] [ID=] end...api=SecurityServiceManager(GetAuthenticationToken)[user_id='ApiService']
STAT. [07-12-2019 00:24:46:01] [ID=] begin.api=API_MasterServiceManager(GetDetailJenisInformasiList)[user_id='ApiService']
STAT. [07-12-2019 00:24:46:60] [ID=] end...api=API_MasterServiceManager(GetDetailJenisInformasiList)[user_id='ApiService']
STAT. [07-12-2019 00:25:06:27] [ID=] begin.api=SecurityServiceManager(GetAuthenticationToken)[user_id='ApiService']
STAT. [07-12-2019 00:25:06:80] [ID=] end...api=SecurityServiceManager(GetAuthenticationToken)[user_id='ApiService']
STAT. [07-12-2019 00:25:06:80] [ID=] begin.api=API_MasterServiceManager(GetRtByIdRw)[user_id='ApiService']
STAT. [07-12-2019 00:25:07:33] [ID=] end...api=API_MasterServiceManager(GetRtByIdRw)[user_id='ApiService']
STAT. [07-12-2019 00:25:56:86] [ID=] begin.api=SecurityServiceManager(GetAuthenticationToken)[user_id='ApiService']
STAT. [07-12-2019 00:25:57:39] [ID=] end...api=SecurityServiceManager(GetAuthenticationToken)[user_id='ApiService']
STAT. [07-12-2019 00:25:57:39] [ID=] begin.api=API_MasterServiceManager(GetDokumentasiDetailJenisKegiatanListByIdDetailJenisKegiatan)[user_id='ApiService']
STAT. [07-12-2019 00:25:57:92] [ID=] end...api=API_MasterServiceManager(GetDokumentasiDetailJenisKegiatanListByIdDetailJenisKegiatan)[user_id='ApiService']
STAT. [07-12-2019 00:26:11:15] [ID=] begin.api=SecurityServiceManager(GetAuthenticationToken)[user_id='ApiService']
STAT. [07-12-2019 00:26:11:67] [ID=] end...api=SecurityServiceManager(GetAuthenticationToken)[user_id='ApiService']
STAT. [07-12-2019 00:26:11:67] [ID=] begin.api=API_MasterServiceManager(GetDetailJenisInformasiList)[user_id='ApiService']
STAT. [07-12-2019 00:26:12:26] [ID=] end...api=API_MasterServiceManager(GetDetailJenisInformasiList)[user_id='ApiService']
STAT. [07-12-2019 00:33:29:61] [ID=] begin.api=SecurityServiceManager(GetAuthenticationToken)[user_id='ApiService']
STAT. [07-12-2019 00:33:31:47] [ID=] end...api=SecurityServiceManager(GetAuthenticationToken)[user_id='ApiService']
STAT. [07-12-2019 00:33:31:47] [ID=] begin.api=API_MasterServiceManager(GetBiodataByNik)[user_id='ApiService']
STAT. [07-12-2019 00:33:32:11] [ID=] end...api=API_MasterServiceManager(GetBiodataByNik)[user_id='ApiService']
STAT. [07-12-2019 00:33:38:81] [ID=] begin.api=SecurityServiceManager(GetAuthenticationToken)[user_id='ApiService']
STAT. [07-12-2019 00:33:39:35] [ID=] end...api=SecurityServiceManager(GetAuthenticationToken)[user_id='ApiService']
STAT. [07-12-2019 00:33:39:35] [ID=] begin.api=API_MasterServiceManager(GetRtByIdRw)[user_id='ApiService']
STAT. [07-12-2019 00:33:39:86] [ID=] end...api=API_MasterServiceManager(GetRtByIdRw)[user_id='ApiService']
STAT. [07-12-2019 00:33:56:46] [ID=] begin.api=SecurityServiceManager(GetAuthenticationToken)[user_id='ApiService']
STAT. [07-12-2019 00:33:57:02] [ID=] end...api=SecurityServiceManager(GetAuthenticationToken)[user_id='ApiService']
STAT. [07-12-2019 00:33:57:02] [ID=] begin.api=API_MasterServiceManager(GetRtByIdRw)[user_id='ApiService']
STAT. [07-12-2019 00:33:57:53] [ID=] end...api=API_MasterServiceManager(GetRtByIdRw)[user_id='ApiService']
STAT. [07-12-2019 00:34:09:80] [ID=] begin.api=SecurityServiceManager(GetAuthenticationToken)[user_id='ApiService']
STAT. [07-12-2019 00:34:10:32] [ID=] end...api=SecurityServiceManager(GetAuthenticationToken)[user_id='ApiService']
STAT. [07-12-2019 00:34:10:32] [ID=] begin.api=API_MasterServiceManager(GetDetailJenisInformasiList)[user_id='ApiService']
STAT. [07-12-2019 00:34:11:14] [ID=] end...api=API_MasterServiceManager(GetDetailJenisInformasiList)[user_id='ApiService']
STAT. [07-12-2019 00:34:18:21] [ID=] begin.api=SecurityServiceManager(GetAuthenticationToken)[user_id='ApiService']
STAT. [07-12-2019 00:34:18:76] [ID=] end...api=SecurityServiceManager(GetAuthenticationToken)[user_id='ApiService']
STAT. [07-12-2019 00:34:18:76] [ID=] begin.api=API_MasterServiceManager(GetDokumentasiDetailJenisKegiatanListByIdDetailJenisKegiatan)[user_id='ApiService']
STAT. [07-12-2019 00:34:19:30] [ID=] end...api=API_MasterServiceManager(GetDokumentasiDetailJenisKegiatanListByIdDetailJenisKegiatan)[user_id='ApiService']
STAT. [07-12-2019 00:35:14:90] [ID=] begin.api=SecurityServiceManager(GetAuthenticationToken)[user_id='ApiService']
STAT. [07-12-2019 00:35:15:42] [ID=] end...api=SecurityServiceManager(GetAuthenticationToken)[user_id='ApiService']
STAT. [07-12-2019 00:35:15:42] [ID=] begin.api=API_MasterServiceManager(GetBiodataByNik)[user_id='ApiService']
STAT. [07-12-2019 00:35:15:96] [ID=] end...api=API_MasterServiceManager(GetBiodataByNik)[user_id='ApiService']
STAT. [07-12-2019 00:35:30:09] [ID=] begin.api=SecurityServiceManager(GetAuthenticationToken)[user_id='ApiService']
STAT. [07-12-2019 00:35:30:63] [ID=] end...api=SecurityServiceManager(GetAuthenticationToken)[user_id='ApiService']
STAT. [07-12-2019 00:35:30:63] [ID=] begin.api=API_MasterServiceManager(GetDetailJenisInformasiList)[user_id='ApiService']
STAT. [07-12-2019 00:35:31:17] [ID=] end...api=API_MasterServiceManager(GetDetailJenisInformasiList)[user_id='ApiService']
