STAT. [07-12-2019 15:18:50:03] [ID=] begin.api=SecurityServiceManager(GetAuthenticationToken)[user_id='ApiService']
STAT. [07-12-2019 15:18:53:80] [ID=] end...api=SecurityServiceManager(GetAuthenticationToken)[user_id='ApiService']
STAT. [07-12-2019 15:18:53:80] [ID=] begin.api=API_MasterServiceManager(GetRwByKodeRt)[user_id='ApiService']
STAT. [07-12-2019 15:18:54:43] [ID=] end...api=API_MasterServiceManager(GetRwByKodeRt)[user_id='ApiService']
STAT. [07-12-2019 15:25:10:98] [ID=] begin.api=SecurityServiceManager(GetAuthenticationToken)[user_id='ApiService']
STAT. [07-12-2019 15:25:12:62] [ID=] end...api=SecurityServiceManager(GetAuthenticationToken)[user_id='ApiService']
STAT. [07-12-2019 15:25:12:62] [ID=] begin.api=API_MasterServiceManager(GetRwByKodeRt)[user_id='ApiService']
STAT. [07-12-2019 15:25:13:27] [ID=] end...api=API_MasterServiceManager(GetRwByKodeRt)[user_id='ApiService']
STAT. [07-12-2019 15:25:13:34] [ID=] begin.api=SecurityServiceManager(GetAuthenticationToken)[user_id='ApiService']
STAT. [07-12-2019 15:25:13:97] [ID=] end...api=SecurityServiceManager(GetAuthenticationToken)[user_id='ApiService']
STAT. [07-12-2019 15:25:13:97] [ID=] begin.api=API_MasterServiceManager(GetTestimoniByIdRw)[user_id='ApiService']
STAT. [07-12-2019 15:25:14:55] [ID=] end...api=API_MasterServiceManager(GetTestimoniByIdRw)[user_id='ApiService']
STAT. [07-12-2019 15:25:29:82] [ID=] begin.api=SecurityServiceManager(GetAuthenticationToken)[user_id='ApiService']
STAT. [07-12-2019 15:25:30:37] [ID=] end...api=SecurityServiceManager(GetAuthenticationToken)[user_id='ApiService']
STAT. [07-12-2019 15:25:30:38] [ID=] begin.api=API_MasterServiceManager(GetRtByIdRw)[user_id='ApiService']
STAT. [07-12-2019 15:25:30:92] [ID=] end...api=API_MasterServiceManager(GetRtByIdRw)[user_id='ApiService']
STAT. [07-12-2019 15:26:14:00] [ID=] begin.api=SecurityServiceManager(GetAuthenticationToken)[user_id='ApiService']
STAT. [07-12-2019 15:26:14:53] [ID=] end...api=SecurityServiceManager(GetAuthenticationToken)[user_id='ApiService']
STAT. [07-12-2019 15:26:14:53] [ID=] begin.api=API_MasterServiceManager(GetDetailJenisInformasiList)[user_id='ApiService']
STAT. [07-12-2019 15:26:15:39] [ID=] end...api=API_MasterServiceManager(GetDetailJenisInformasiList)[user_id='ApiService']
STAT. [07-12-2019 15:54:08:54] [ID=] begin.api=SecurityServiceManager(GetAuthenticationToken)[user_id='ApiService']
STAT. [07-12-2019 15:54:10:50] [ID=] end...api=SecurityServiceManager(GetAuthenticationToken)[user_id='ApiService']
STAT. [07-12-2019 15:54:10:50] [ID=] begin.api=API_MasterServiceManager(GetDetailJenisInformasiList)[user_id='ApiService']
STAT. [07-12-2019 15:54:11:60] [ID=] end...api=API_MasterServiceManager(GetDetailJenisInformasiList)[user_id='ApiService']
STAT. [07-12-2019 15:57:09:06] [ID=] begin.api=SecurityServiceManager(GetAuthenticationToken)[user_id='ApiService']
STAT. [07-12-2019 15:57:09:65] [ID=] end...api=SecurityServiceManager(GetAuthenticationToken)[user_id='ApiService']
STAT. [07-12-2019 15:57:09:65] [ID=] begin.api=API_MasterServiceManager(GetDetailJenisInformasiList)[user_id='ApiService']
STAT. [07-12-2019 15:57:10:67] [ID=] end...api=API_MasterServiceManager(GetDetailJenisInformasiList)[user_id='ApiService']
STAT. [07-12-2019 15:57:58:94] [ID=] begin.api=SecurityServiceManager(GetAuthenticationToken)[user_id='ApiService']
STAT. [07-12-2019 15:57:59:50] [ID=] end...api=SecurityServiceManager(GetAuthenticationToken)[user_id='ApiService']
STAT. [07-12-2019 15:57:59:50] [ID=] begin.api=API_MasterServiceManager(GetRwByKodeRt)[user_id='ApiService']
STAT. [07-12-2019 15:58:00:19] [ID=] end...api=API_MasterServiceManager(GetRwByKodeRt)[user_id='ApiService']
STAT. [07-12-2019 15:58:00:21] [ID=] begin.api=SecurityServiceManager(GetAuthenticationToken)[user_id='ApiService']
STAT. [07-12-2019 15:58:00:76] [ID=] end...api=SecurityServiceManager(GetAuthenticationToken)[user_id='ApiService']
STAT. [07-12-2019 15:58:00:76] [ID=] begin.api=API_MasterServiceManager(GetTestimoniByIdRw)[user_id='ApiService']
STAT. [07-12-2019 15:58:01:35] [ID=] end...api=API_MasterServiceManager(GetTestimoniByIdRw)[user_id='ApiService']
STAT. [07-12-2019 15:58:05:76] [ID=] begin.api=SecurityServiceManager(GetAuthenticationToken)[user_id='ApiService']
STAT. [07-12-2019 15:58:06:30] [ID=] end...api=SecurityServiceManager(GetAuthenticationToken)[user_id='ApiService']
STAT. [07-12-2019 15:58:06:30] [ID=] begin.api=API_MasterServiceManager(GetDetailJenisInformasiList)[user_id='ApiService']
STAT. [07-12-2019 15:58:06:84] [ID=] end...api=API_MasterServiceManager(GetDetailJenisInformasiList)[user_id='ApiService']
STAT. [07-12-2019 15:58:09:87] [ID=] begin.api=SecurityServiceManager(GetAuthenticationToken)[user_id='ApiService']
STAT. [07-12-2019 15:58:10:38] [ID=] end...api=SecurityServiceManager(GetAuthenticationToken)[user_id='ApiService']
STAT. [07-12-2019 15:58:10:38] [ID=] begin.api=API_MasterServiceManager(GetDetailJenisInformasiFindBy)[user_id='ApiService']
STAT. [07-12-2019 15:58:10:93] [ID=] end...api=API_MasterServiceManager(GetDetailJenisInformasiFindBy)[user_id='ApiService']
STAT. [07-12-2019 16:00:15:77] [ID=] begin.api=SecurityServiceManager(GetAuthenticationToken)[user_id='ApiService']
STAT. [07-12-2019 16:00:16:34] [ID=] end...api=SecurityServiceManager(GetAuthenticationToken)[user_id='ApiService']
STAT. [07-12-2019 16:00:16:34] [ID=] begin.api=API_MasterServiceManager(GetDetailJenisInformasiFindBy)[user_id='ApiService']
STAT. [07-12-2019 16:00:16:87] [ID=] end...api=API_MasterServiceManager(GetDetailJenisInformasiFindBy)[user_id='ApiService']
STAT. [07-12-2019 16:00:43:06] [ID=] begin.api=SecurityServiceManager(GetAuthenticationToken)[user_id='ApiService']
STAT. [07-12-2019 16:00:43:60] [ID=] end...api=SecurityServiceManager(GetAuthenticationToken)[user_id='ApiService']
STAT. [07-12-2019 16:00:43:60] [ID=] begin.api=API_MasterServiceManager(GetDetailJenisInformasiFindBy)[user_id='ApiService']
STAT. [07-12-2019 16:00:44:12] [ID=] end...api=API_MasterServiceManager(GetDetailJenisInformasiFindBy)[user_id='ApiService']
STAT. [07-12-2019 16:01:02:09] [ID=] begin.api=SecurityServiceManager(GetAuthenticationToken)[user_id='ApiService']
STAT. [07-12-2019 16:01:02:61] [ID=] end...api=SecurityServiceManager(GetAuthenticationToken)[user_id='ApiService']
STAT. [07-12-2019 16:01:02:61] [ID=] begin.api=API_MasterServiceManager(GetDetailJenisInformasiList)[user_id='ApiService']
STAT. [07-12-2019 16:01:03:60] [ID=] end...api=API_MasterServiceManager(GetDetailJenisInformasiList)[user_id='ApiService']
STAT. [07-12-2019 16:01:05:78] [ID=] begin.api=SecurityServiceManager(GetAuthenticationToken)[user_id='ApiService']
STAT. [07-12-2019 16:01:06:32] [ID=] end...api=SecurityServiceManager(GetAuthenticationToken)[user_id='ApiService']
STAT. [07-12-2019 16:01:06:32] [ID=] begin.api=API_MasterServiceManager(GetDetailJenisInformasiFindBy)[user_id='ApiService']
STAT. [07-12-2019 16:01:06:86] [ID=] end...api=API_MasterServiceManager(GetDetailJenisInformasiFindBy)[user_id='ApiService']
STAT. [07-12-2019 16:01:12:44] [ID=] begin.api=SecurityServiceManager(GetAuthenticationToken)[user_id='ApiService']
STAT. [07-12-2019 16:01:13:00] [ID=] end...api=SecurityServiceManager(GetAuthenticationToken)[user_id='ApiService']
STAT. [07-12-2019 16:01:13:00] [ID=] begin.api=API_MasterServiceManager(GetDetailJenisInformasiList)[user_id='ApiService']
STAT. [07-12-2019 16:01:13:55] [ID=] end...api=API_MasterServiceManager(GetDetailJenisInformasiList)[user_id='ApiService']
STAT. [07-12-2019 16:01:16:33] [ID=] begin.api=SecurityServiceManager(GetAuthenticationToken)[user_id='ApiService']
STAT. [07-12-2019 16:01:16:87] [ID=] end...api=SecurityServiceManager(GetAuthenticationToken)[user_id='ApiService']
STAT. [07-12-2019 16:01:16:87] [ID=] begin.api=API_MasterServiceManager(GetDetailJenisInformasiFindBy)[user_id='ApiService']
STAT. [07-12-2019 16:01:17:42] [ID=] end...api=API_MasterServiceManager(GetDetailJenisInformasiFindBy)[user_id='ApiService']
STAT. [07-12-2019 16:01:27:11] [ID=] begin.api=SecurityServiceManager(GetAuthenticationToken)[user_id='ApiService']
STAT. [07-12-2019 16:01:27:64] [ID=] end...api=SecurityServiceManager(GetAuthenticationToken)[user_id='ApiService']
STAT. [07-12-2019 16:01:27:64] [ID=] begin.api=API_MasterServiceManager(GetDetailJenisInformasiList)[user_id='ApiService']
STAT. [07-12-2019 16:01:28:18] [ID=] end...api=API_MasterServiceManager(GetDetailJenisInformasiList)[user_id='ApiService']
STAT. [07-12-2019 16:01:42:02] [ID=] begin.api=SecurityServiceManager(GetAuthenticationToken)[user_id='ApiService']
STAT. [07-12-2019 16:01:42:55] [ID=] end...api=SecurityServiceManager(GetAuthenticationToken)[user_id='ApiService']
STAT. [07-12-2019 16:01:42:55] [ID=] begin.api=API_MasterServiceManager(GetRtByIdRw)[user_id='ApiService']
STAT. [07-12-2019 16:01:43:11] [ID=] end...api=API_MasterServiceManager(GetRtByIdRw)[user_id='ApiService']
STAT. [07-12-2019 16:01:55:21] [ID=] begin.api=SecurityServiceManager(GetAuthenticationToken)[user_id='ApiService']
STAT. [07-12-2019 16:01:55:75] [ID=] end...api=SecurityServiceManager(GetAuthenticationToken)[user_id='ApiService']
STAT. [07-12-2019 16:01:55:75] [ID=] begin.api=API_MasterServiceManager(GetDetailJenisInformasiList)[user_id='ApiService']
STAT. [07-12-2019 16:01:56:31] [ID=] end...api=API_MasterServiceManager(GetDetailJenisInformasiList)[user_id='ApiService']
STAT. [07-12-2019 16:01:58:30] [ID=] begin.api=SecurityServiceManager(GetAuthenticationToken)[user_id='ApiService']
STAT. [07-12-2019 16:01:58:83] [ID=] end...api=SecurityServiceManager(GetAuthenticationToken)[user_id='ApiService']
STAT. [07-12-2019 16:01:58:83] [ID=] begin.api=API_MasterServiceManager(GetDokumentasiDetailJenisKegiatanListByIdDetailJenisKegiatan)[user_id='ApiService']
STAT. [07-12-2019 16:01:59:49] [ID=] end...api=API_MasterServiceManager(GetDokumentasiDetailJenisKegiatanListByIdDetailJenisKegiatan)[user_id='ApiService']
STAT. [07-12-2019 16:02:00:07] [ID=] begin.api=SecurityServiceManager(GetAuthenticationToken)[user_id='ApiService']
STAT. [07-12-2019 16:02:00:59] [ID=] end...api=SecurityServiceManager(GetAuthenticationToken)[user_id='ApiService']
STAT. [07-12-2019 16:02:00:59] [ID=] begin.api=API_MasterServiceManager(GetDokumentasiDetailJenisKegiatanListByIdDetailJenisKegiatan)[user_id='ApiService']
STAT. [07-12-2019 16:02:01:12] [ID=] end...api=API_MasterServiceManager(GetDokumentasiDetailJenisKegiatanListByIdDetailJenisKegiatan)[user_id='ApiService']
STAT. [07-12-2019 16:02:18:25] [ID=] begin.api=SecurityServiceManager(GetAuthenticationToken)[user_id='ApiService']
STAT. [07-12-2019 16:02:18:78] [ID=] end...api=SecurityServiceManager(GetAuthenticationToken)[user_id='ApiService']
STAT. [07-12-2019 16:02:18:78] [ID=] begin.api=API_MasterServiceManager(GetBiodataByNik)[user_id='ApiService']
STAT. [07-12-2019 16:02:19:37] [ID=] end...api=API_MasterServiceManager(GetBiodataByNik)[user_id='ApiService']
STAT. [07-12-2019 16:02:26:34] [ID=] begin.api=SecurityServiceManager(GetAuthenticationToken)[user_id='ApiService']
STAT. [07-12-2019 16:02:26:87] [ID=] end...api=SecurityServiceManager(GetAuthenticationToken)[user_id='ApiService']
STAT. [07-12-2019 16:02:26:87] [ID=] begin.api=API_MasterServiceManager(GetRtByIdRw)[user_id='ApiService']
STAT. [07-12-2019 16:02:27:40] [ID=] end...api=API_MasterServiceManager(GetRtByIdRw)[user_id='ApiService']
STAT. [07-12-2019 16:02:46:30] [ID=] begin.api=SecurityServiceManager(GetAuthenticationToken)[user_id='ApiService']
STAT. [07-12-2019 16:02:46:83] [ID=] end...api=SecurityServiceManager(GetAuthenticationToken)[user_id='ApiService']
STAT. [07-12-2019 16:02:46:83] [ID=] begin.api=API_MasterServiceManager(GetBiodataByNik)[user_id='ApiService']
STAT. [07-12-2019 16:02:47:38] [ID=] end...api=API_MasterServiceManager(GetBiodataByNik)[user_id='ApiService']
STAT. [07-12-2019 16:02:56:72] [ID=] begin.api=SecurityServiceManager(GetAuthenticationToken)[user_id='ApiService']
STAT. [07-12-2019 16:02:57:30] [ID=] end...api=SecurityServiceManager(GetAuthenticationToken)[user_id='ApiService']
STAT. [07-12-2019 16:02:57:30] [ID=] begin.api=API_MasterServiceManager(GetRtByIdRw)[user_id='ApiService']
STAT. [07-12-2019 16:02:57:84] [ID=] end...api=API_MasterServiceManager(GetRtByIdRw)[user_id='ApiService']
STAT. [07-12-2019 16:04:52:85] [ID=] begin.api=SecurityServiceManager(GetAuthenticationToken)[user_id='ApiService']
STAT. [07-12-2019 16:04:53:37] [ID=] end...api=SecurityServiceManager(GetAuthenticationToken)[user_id='ApiService']
STAT. [07-12-2019 16:04:53:37] [ID=] begin.api=API_MasterServiceManager(GetDetailJenisInformasiList)[user_id='ApiService']
STAT. [07-12-2019 16:04:53:94] [ID=] end...api=API_MasterServiceManager(GetDetailJenisInformasiList)[user_id='ApiService']
STAT. [07-12-2019 16:04:56:48] [ID=] begin.api=SecurityServiceManager(GetAuthenticationToken)[user_id='ApiService']
STAT. [07-12-2019 16:04:57:01] [ID=] end...api=SecurityServiceManager(GetAuthenticationToken)[user_id='ApiService']
STAT. [07-12-2019 16:04:57:01] [ID=] begin.api=API_MasterServiceManager(GetDetailJenisInformasiFindBy)[user_id='ApiService']
STAT. [07-12-2019 16:04:57:54] [ID=] end...api=API_MasterServiceManager(GetDetailJenisInformasiFindBy)[user_id='ApiService']
STAT. [07-12-2019 16:06:21:19] [ID=] begin.api=SecurityServiceManager(GetAuthenticationToken)[user_id='ApiService']
STAT. [07-12-2019 16:06:21:73] [ID=] end...api=SecurityServiceManager(GetAuthenticationToken)[user_id='ApiService']
STAT. [07-12-2019 16:06:21:73] [ID=] begin.api=API_MasterServiceManager(GetDetailJenisInformasiList)[user_id='ApiService']
STAT. [07-12-2019 16:06:22:31] [ID=] end...api=API_MasterServiceManager(GetDetailJenisInformasiList)[user_id='ApiService']
STAT. [07-12-2019 16:08:19:92] [ID=] begin.api=SecurityServiceManager(GetAuthenticationToken)[user_id='ApiService']
STAT. [07-12-2019 16:08:20:45] [ID=] end...api=SecurityServiceManager(GetAuthenticationToken)[user_id='ApiService']
STAT. [07-12-2019 16:08:20:45] [ID=] begin.api=API_MasterServiceManager(GetDetailJenisInformasiFindBy)[user_id='ApiService']
STAT. [07-12-2019 16:08:21:00] [ID=] end...api=API_MasterServiceManager(GetDetailJenisInformasiFindBy)[user_id='ApiService']
STAT. [07-12-2019 16:08:59:50] [ID=] begin.api=SecurityServiceManager(GetAuthenticationToken)[user_id='ApiService']
STAT. [07-12-2019 16:09:00:02] [ID=] end...api=SecurityServiceManager(GetAuthenticationToken)[user_id='ApiService']
STAT. [07-12-2019 16:09:00:02] [ID=] begin.api=API_MasterServiceManager(GetDetailJenisInformasiFindBy)[user_id='ApiService']
STAT. [07-12-2019 16:09:00:56] [ID=] end...api=API_MasterServiceManager(GetDetailJenisInformasiFindBy)[user_id='ApiService']
STAT. [07-12-2019 16:09:53:89] [ID=] begin.api=SecurityServiceManager(GetAuthenticationToken)[user_id='ApiService']
STAT. [07-12-2019 16:09:54:42] [ID=] end...api=SecurityServiceManager(GetAuthenticationToken)[user_id='ApiService']
STAT. [07-12-2019 16:09:54:42] [ID=] begin.api=API_MasterServiceManager(GetDetailJenisInformasiFindBy)[user_id='ApiService']
STAT. [07-12-2019 16:09:54:96] [ID=] end...api=API_MasterServiceManager(GetDetailJenisInformasiFindBy)[user_id='ApiService']
STAT. [07-12-2019 16:10:04:60] [ID=] begin.api=SecurityServiceManager(GetAuthenticationToken)[user_id='ApiService']
STAT. [07-12-2019 16:10:05:14] [ID=] end...api=SecurityServiceManager(GetAuthenticationToken)[user_id='ApiService']
STAT. [07-12-2019 16:10:05:14] [ID=] begin.api=API_MasterServiceManager(GetDetailJenisInformasiList)[user_id='ApiService']
STAT. [07-12-2019 16:10:05:71] [ID=] end...api=API_MasterServiceManager(GetDetailJenisInformasiList)[user_id='ApiService']
STAT. [07-12-2019 16:10:09:31] [ID=] begin.api=SecurityServiceManager(GetAuthenticationToken)[user_id='ApiService']
STAT. [07-12-2019 16:10:09:85] [ID=] end...api=SecurityServiceManager(GetAuthenticationToken)[user_id='ApiService']
STAT. [07-12-2019 16:10:09:85] [ID=] begin.api=API_MasterServiceManager(GetDetailJenisInformasiFindBy)[user_id='ApiService']
STAT. [07-12-2019 16:10:10:39] [ID=] end...api=API_MasterServiceManager(GetDetailJenisInformasiFindBy)[user_id='ApiService']
STAT. [07-12-2019 16:10:33:10] [ID=] begin.api=SecurityServiceManager(GetAuthenticationToken)[user_id='ApiService']
STAT. [07-12-2019 16:10:33:64] [ID=] end...api=SecurityServiceManager(GetAuthenticationToken)[user_id='ApiService']
STAT. [07-12-2019 16:10:33:64] [ID=] begin.api=API_MasterServiceManager(GetDetailJenisInformasiFindBy)[user_id='ApiService']
STAT. [07-12-2019 16:10:34:18] [ID=] end...api=API_MasterServiceManager(GetDetailJenisInformasiFindBy)[user_id='ApiService']
STAT. [07-12-2019 16:11:35:78] [ID=] begin.api=SecurityServiceManager(GetAuthenticationToken)[user_id='ApiService']
STAT. [07-12-2019 16:11:36:43] [ID=] end...api=SecurityServiceManager(GetAuthenticationToken)[user_id='ApiService']
STAT. [07-12-2019 16:11:36:43] [ID=] begin.api=API_MasterServiceManager(GetDokumentasiDetailJenisKegiatanListByIdDetailJenisKegiatan)[user_id='ApiService']
STAT. [07-12-2019 16:11:37:51] [ID=] end...api=API_MasterServiceManager(GetDokumentasiDetailJenisKegiatanListByIdDetailJenisKegiatan)[user_id='ApiService']
STAT. [07-12-2019 16:11:48:78] [ID=] begin.api=SecurityServiceManager(GetAuthenticationToken)[user_id='ApiService']
STAT. [07-12-2019 16:11:49:31] [ID=] end...api=SecurityServiceManager(GetAuthenticationToken)[user_id='ApiService']
STAT. [07-12-2019 16:11:49:31] [ID=] begin.api=API_MasterServiceManager(GetDetailJenisInformasiList)[user_id='ApiService']
STAT. [07-12-2019 16:11:50:65] [ID=] end...api=API_MasterServiceManager(GetDetailJenisInformasiList)[user_id='ApiService']
STAT. [07-12-2019 16:12:02:13] [ID=] begin.api=SecurityServiceManager(GetAuthenticationToken)[user_id='ApiService']
STAT. [07-12-2019 16:12:02:69] [ID=] end...api=SecurityServiceManager(GetAuthenticationToken)[user_id='ApiService']
STAT. [07-12-2019 16:12:02:69] [ID=] begin.api=API_MasterServiceManager(GetBiodataByNik)[user_id='ApiService']
STAT. [07-12-2019 16:12:03:27] [ID=] end...api=API_MasterServiceManager(GetBiodataByNik)[user_id='ApiService']
STAT. [07-12-2019 16:14:19:37] [ID=] begin.api=SecurityServiceManager(GetAuthenticationToken)[user_id='ApiService']
STAT. [07-12-2019 16:14:19:93] [ID=] end...api=SecurityServiceManager(GetAuthenticationToken)[user_id='ApiService']
STAT. [07-12-2019 16:14:19:93] [ID=] begin.api=API_MasterServiceManager(GetBiodataByNik)[user_id='ApiService']
STAT. [07-12-2019 16:14:20:54] [ID=] end...api=API_MasterServiceManager(GetBiodataByNik)[user_id='ApiService']
STAT. [07-12-2019 16:14:26:37] [ID=] begin.api=SecurityServiceManager(GetAuthenticationToken)[user_id='ApiService']
STAT. [07-12-2019 16:14:26:91] [ID=] end...api=SecurityServiceManager(GetAuthenticationToken)[user_id='ApiService']
STAT. [07-12-2019 16:14:26:91] [ID=] begin.api=API_MasterServiceManager(GetRtByIdRw)[user_id='ApiService']
STAT. [07-12-2019 16:14:27:44] [ID=] end...api=API_MasterServiceManager(GetRtByIdRw)[user_id='ApiService']
STAT. [07-12-2019 16:15:27:82] [ID=] begin.api=SecurityServiceManager(GetAuthenticationToken)[user_id='ApiService']
STAT. [07-12-2019 16:15:28:36] [ID=] end...api=SecurityServiceManager(GetAuthenticationToken)[user_id='ApiService']
STAT. [07-12-2019 16:15:28:36] [ID=] begin.api=API_MasterServiceManager(GetRtByIdRw)[user_id='ApiService']
STAT. [07-12-2019 16:15:28:89] [ID=] end...api=API_MasterServiceManager(GetRtByIdRw)[user_id='ApiService']
STAT. [07-12-2019 16:15:46:18] [ID=] begin.api=SecurityServiceManager(GetAuthenticationToken)[user_id='ApiService']
STAT. [07-12-2019 16:15:46:71] [ID=] end...api=SecurityServiceManager(GetAuthenticationToken)[user_id='ApiService']
STAT. [07-12-2019 16:15:46:71] [ID=] begin.api=API_MasterServiceManager(GetDetailJenisInformasiList)[user_id='ApiService']
STAT. [07-12-2019 16:15:47:52] [ID=] end...api=API_MasterServiceManager(GetDetailJenisInformasiList)[user_id='ApiService']
STAT. [07-12-2019 16:34:15:33] [ID=] begin.api=SecurityServiceManager(GetAuthenticationToken)[user_id='ApiService']
STAT. [07-12-2019 16:34:17:48] [ID=] end...api=SecurityServiceManager(GetAuthenticationToken)[user_id='ApiService']
STAT. [07-12-2019 16:34:17:49] [ID=] begin.api=API_MasterServiceManager(GetRwByKodeRt)[user_id='ApiService']
STAT. [07-12-2019 16:34:18:04] [ID=] end...api=API_MasterServiceManager(GetRwByKodeRt)[user_id='ApiService']
STAT. [07-12-2019 16:34:18:35] [ID=] begin.api=SecurityServiceManager(GetAuthenticationToken)[user_id='ApiService']
STAT. [07-12-2019 16:34:18:89] [ID=] end...api=SecurityServiceManager(GetAuthenticationToken)[user_id='ApiService']
STAT. [07-12-2019 16:34:18:89] [ID=] begin.api=API_MasterServiceManager(GetTestimoniByIdRw)[user_id='ApiService']
STAT. [07-12-2019 16:34:19:44] [ID=] end...api=API_MasterServiceManager(GetTestimoniByIdRw)[user_id='ApiService']
STAT. [07-12-2019 16:34:32:30] [ID=] begin.api=SecurityServiceManager(GetAuthenticationToken)[user_id='ApiService']
STAT. [07-12-2019 16:34:32:84] [ID=] end...api=SecurityServiceManager(GetAuthenticationToken)[user_id='ApiService']
STAT. [07-12-2019 16:34:32:84] [ID=] begin.api=API_MasterServiceManager(SpGetDetailJenisInformasiByIdRw)[user_id='ApiService']
STAT. [07-12-2019 16:34:33:48] [ID=] end...api=API_MasterServiceManager(SpGetDetailJenisInformasiByIdRw)[user_id='ApiService']
STAT. [07-12-2019 16:34:39:58] [ID=] begin.api=SecurityServiceManager(GetAuthenticationToken)[user_id='ApiService']
STAT. [07-12-2019 16:34:40:12] [ID=] end...api=SecurityServiceManager(GetAuthenticationToken)[user_id='ApiService']
STAT. [07-12-2019 16:34:40:12] [ID=] begin.api=API_MasterServiceManager(GetDetailJenisInformasiFindBy)[user_id='ApiService']
STAT. [07-12-2019 16:34:40:67] [ID=] end...api=API_MasterServiceManager(GetDetailJenisInformasiFindBy)[user_id='ApiService']
STAT. [07-12-2019 16:35:34:57] [ID=] begin.api=SecurityServiceManager(GetAuthenticationToken)[user_id='ApiService']
STAT. [07-12-2019 16:35:35:21] [ID=] end...api=SecurityServiceManager(GetAuthenticationToken)[user_id='ApiService']
STAT. [07-12-2019 16:35:35:21] [ID=] begin.api=API_MasterServiceManager(SpGetDetailJenisInformasiByIdRw)[user_id='ApiService']
STAT. [07-12-2019 16:35:35:81] [ID=] end...api=API_MasterServiceManager(SpGetDetailJenisInformasiByIdRw)[user_id='ApiService']
STAT. [07-12-2019 16:35:38:05] [ID=] begin.api=SecurityServiceManager(GetAuthenticationToken)[user_id='ApiService']
STAT. [07-12-2019 16:35:38:59] [ID=] end...api=SecurityServiceManager(GetAuthenticationToken)[user_id='ApiService']
STAT. [07-12-2019 16:35:38:59] [ID=] begin.api=API_MasterServiceManager(GetDetailJenisInformasiFindBy)[user_id='ApiService']
STAT. [07-12-2019 16:35:39:14] [ID=] end...api=API_MasterServiceManager(GetDetailJenisInformasiFindBy)[user_id='ApiService']
STAT. [07-12-2019 16:35:53:57] [ID=] begin.api=SecurityServiceManager(GetAuthenticationToken)[user_id='ApiService']
STAT. [07-12-2019 16:35:54:22] [ID=] end...api=SecurityServiceManager(GetAuthenticationToken)[user_id='ApiService']
STAT. [07-12-2019 16:35:54:22] [ID=] begin.api=API_MasterServiceManager(GetDetailJenisInformasiFindBy)[user_id='ApiService']
STAT. [07-12-2019 16:35:54:76] [ID=] end...api=API_MasterServiceManager(GetDetailJenisInformasiFindBy)[user_id='ApiService']
STAT. [07-12-2019 16:36:47:39] [ID=] begin.api=SecurityServiceManager(GetAuthenticationToken)[user_id='ApiService']
STAT. [07-12-2019 16:36:47:94] [ID=] end...api=SecurityServiceManager(GetAuthenticationToken)[user_id='ApiService']
STAT. [07-12-2019 16:36:47:94] [ID=] begin.api=API_MasterServiceManager(SpGetDetailJenisInformasiByIdRw)[user_id='ApiService']
STAT. [07-12-2019 16:36:48:52] [ID=] end...api=API_MasterServiceManager(SpGetDetailJenisInformasiByIdRw)[user_id='ApiService']
STAT. [07-12-2019 16:37:57:54] [ID=] begin.api=SecurityServiceManager(GetAuthenticationToken)[user_id='ApiService']
STAT. [07-12-2019 16:37:58:11] [ID=] end...api=SecurityServiceManager(GetAuthenticationToken)[user_id='ApiService']
STAT. [07-12-2019 16:37:58:11] [ID=] begin.api=API_MasterServiceManager(GetDetailJenisInformasiFindBy)[user_id='ApiService']
STAT. [07-12-2019 16:37:58:68] [ID=] end...api=API_MasterServiceManager(GetDetailJenisInformasiFindBy)[user_id='ApiService']
STAT. [07-12-2019 16:38:07:61] [ID=] begin.api=SecurityServiceManager(GetAuthenticationToken)[user_id='ApiService']
STAT. [07-12-2019 16:38:08:15] [ID=] end...api=SecurityServiceManager(GetAuthenticationToken)[user_id='ApiService']
STAT. [07-12-2019 16:38:08:15] [ID=] begin.api=API_MasterServiceManager(SpGetDetailJenisInformasiByIdRw)[user_id='ApiService']
STAT. [07-12-2019 16:38:08:69] [ID=] end...api=API_MasterServiceManager(SpGetDetailJenisInformasiByIdRw)[user_id='ApiService']
STAT. [07-12-2019 16:39:31:13] [ID=] begin.api=SecurityServiceManager(GetAuthenticationToken)[user_id='ApiService']
STAT. [07-12-2019 16:39:31:68] [ID=] end...api=SecurityServiceManager(GetAuthenticationToken)[user_id='ApiService']
STAT. [07-12-2019 16:39:31:68] [ID=] begin.api=API_MasterServiceManager(GetDetailJenisInformasiFindBy)[user_id='ApiService']
STAT. [07-12-2019 16:39:32:25] [ID=] end...api=API_MasterServiceManager(GetDetailJenisInformasiFindBy)[user_id='ApiService']
STAT. [07-12-2019 16:39:38:30] [ID=] begin.api=SecurityServiceManager(GetAuthenticationToken)[user_id='ApiService']
STAT. [07-12-2019 16:39:38:84] [ID=] end...api=SecurityServiceManager(GetAuthenticationToken)[user_id='ApiService']
STAT. [07-12-2019 16:39:38:84] [ID=] begin.api=API_MasterServiceManager(SpGetDetailJenisInformasiByIdRw)[user_id='ApiService']
STAT. [07-12-2019 16:39:39:40] [ID=] end...api=API_MasterServiceManager(SpGetDetailJenisInformasiByIdRw)[user_id='ApiService']
STAT. [07-12-2019 16:39:40:41] [ID=] begin.api=SecurityServiceManager(GetAuthenticationToken)[user_id='ApiService']
STAT. [07-12-2019 16:39:40:95] [ID=] end...api=SecurityServiceManager(GetAuthenticationToken)[user_id='ApiService']
STAT. [07-12-2019 16:39:40:95] [ID=] begin.api=API_MasterServiceManager(GetDetailJenisInformasiFindBy)[user_id='ApiService']
STAT. [07-12-2019 16:39:41:52] [ID=] end...api=API_MasterServiceManager(GetDetailJenisInformasiFindBy)[user_id='ApiService']
STAT. [07-12-2019 16:39:45:02] [ID=] begin.api=SecurityServiceManager(GetAuthenticationToken)[user_id='ApiService']
STAT. [07-12-2019 16:39:45:59] [ID=] end...api=SecurityServiceManager(GetAuthenticationToken)[user_id='ApiService']
STAT. [07-12-2019 16:39:45:59] [ID=] begin.api=API_MasterServiceManager(SpGetDetailJenisInformasiByIdRw)[user_id='ApiService']
STAT. [07-12-2019 16:39:46:15] [ID=] end...api=API_MasterServiceManager(SpGetDetailJenisInformasiByIdRw)[user_id='ApiService']
STAT. [07-12-2019 16:39:47:16] [ID=] begin.api=SecurityServiceManager(GetAuthenticationToken)[user_id='ApiService']
STAT. [07-12-2019 16:39:47:71] [ID=] end...api=SecurityServiceManager(GetAuthenticationToken)[user_id='ApiService']
STAT. [07-12-2019 16:39:47:71] [ID=] begin.api=API_MasterServiceManager(GetDetailJenisInformasiFindBy)[user_id='ApiService']
STAT. [07-12-2019 16:39:48:25] [ID=] end...api=API_MasterServiceManager(GetDetailJenisInformasiFindBy)[user_id='ApiService']
